mode: atomic
github.com/NVIDIA/OpenShell/sdk/go/openshell/v1/auth.go:19.28,21.2 1 0
github.com/NVIDIA/OpenShell/sdk/go/openshell/v1/auth.go:23.96,25.2 1 0
github.com/NVIDIA/OpenShell/sdk/go/openshell/v1/auth.go:27.50,29.2 1 0
github.com/NVIDIA/OpenShell/sdk/go/openshell/v1/auth.go:36.45,38.2 1 0
github.com/NVIDIA/OpenShell/sdk/go/openshell/v1/auth.go:40.101,44.2 1 0
github.com/NVIDIA/OpenShell/sdk/go/openshell/v1/auth.go:46.55,48.2 1 0
github.com/NVIDIA/OpenShell/sdk/go/openshell/v1/auth_extra.go:30.91,31.17 1 0
github.com/NVIDIA/OpenShell/sdk/go/openshell/v1/auth_extra.go:31.17,33.3 1 0
github.com/NVIDIA/OpenShell/sdk/go/openshell/v1/auth_extra.go:34.2,34.23 1 0
github.com/NVIDIA/OpenShell/sdk/go/openshell/v1/auth_extra.go:34.23,36.3 1 0
github.com/NVIDIA/OpenShell/sdk/go/openshell/v1/auth_extra.go:39.2,40.28 2 0
github.com/NVIDIA/OpenShell/sdk/go/openshell/v1/auth_extra.go:40.28,41.14 1 0
github.com/NVIDIA/OpenShell/sdk/go/openshell/v1/auth_extra.go:41.14,42.12 1 0
github.com/NVIDIA/OpenShell/sdk/go/openshell/v1/auth_extra.go:44.3,44.37 1 0
github.com/NVIDIA/OpenShell/sdk/go/openshell/v1/auth_extra.go:47.2,47.26 1 0
github.com/NVIDIA/OpenShell/sdk/go/openshell/v1/auth_extra.go:47.26,49.3 1 0
github.com/NVIDIA/OpenShell/sdk/go/openshell/v1/auth_extra.go:51.2,54.8 1 0
github.com/NVIDIA/OpenShell/sdk/go/openshell/v1/auth_extra.go:59.110,61.16 2 0
github.com/NVIDIA/OpenShell/sdk/go/openshell/v1/auth_extra.go:61.16,63.3 1 0
github.com/NVIDIA/OpenShell/sdk/go/openshell/v1/auth_extra.go:67.2,68.27 2 0
github.com/NVIDIA/OpenShell/sdk/go/openshell/v1/auth_extra.go:68.27,70.3 1 0
github.com/NVIDIA/OpenShell/sdk/go/openshell/v1/auth_extra.go:72.2,74.20 2 0
github.com/NVIDIA/OpenShell/sdk/go/openshell/v1/auth_extra.go:78.60,80.2 1 0
github.com/NVIDIA/OpenShell/sdk/go/openshell/v1/auth_refresh.go:29.43,33.2 1 0
github.com/NVIDIA/OpenShell/sdk/go/openshell/v1/auth_refresh.go:37.48,38.32 1 0
github.com/NVIDIA/OpenShell/sdk/go/openshell/v1/auth_refresh.go:38.32,39.12 1 0
github.com/NVIDIA/OpenShell/sdk/go/openshell/v1/auth_refresh.go:39.12,41.4 1 0
github.com/NVIDIA/OpenShell/sdk/go/openshell/v1/auth_refresh.go:42.3,42.15 1 0
github.com/NVIDIA/OpenShell/sdk/go/openshell/v1/auth_refresh.go:48.47,49.32 1 0
github.com/NVIDIA/OpenShell/sdk/go/openshell/v1/auth_refresh.go:49.32,51.3 1 0
github.com/NVIDIA/OpenShell/sdk/go/openshell/v1/auth_refresh.go:62.47,63.18 1 0
github.com/NVIDIA/OpenShell/sdk/go/openshell/v1/auth_refresh.go:63.18,65.3 1 0
github.com/NVIDIA/OpenShell/sdk/go/openshell/v1/auth_refresh.go:66.2,66.27 1 0
github.com/NVIDIA/OpenShell/sdk/go/openshell/v1/auth_refresh.go:66.27,68.3 1 0
github.com/NVIDIA/OpenShell/sdk/go/openshell/v1/auth_refresh.go:69.2,69.55 1 0
github.com/NVIDIA/OpenShell/sdk/go/openshell/v1/auth_refresh.go:72.105,75.22 2 0
github.com/NVIDIA/OpenShell/sdk/go/openshell/v1/auth_refresh.go:75.22,79.3 3 0
github.com/NVIDIA/OpenShell/sdk/go/openshell/v1/auth_refresh.go:80.2,86.22 4 0
github.com/NVIDIA/OpenShell/sdk/go/openshell/v1/auth_refresh.go:86.22,88.3 1 0
github.com/NVIDIA/OpenShell/sdk/go/openshell/v1/auth_refresh.go:90.2,91.16 2 0
github.com/NVIDIA/OpenShell/sdk/go/openshell/v1/auth_refresh.go:91.16,92.19 1 0
github.com/NVIDIA/OpenShell/sdk/go/openshell/v1/auth_refresh.go:92.19,93.23 1 0
github.com/NVIDIA/OpenShell/sdk/go/openshell/v1/auth_refresh.go:93.23,95.5 1 0
github.com/NVIDIA/OpenShell/sdk/go/openshell/v1/auth_refresh.go:96.4,96.81 1 0
github.com/NVIDIA/OpenShell/sdk/go/openshell/v1/auth_refresh.go:98.3,98.18 1 0
github.com/NVIDIA/OpenShell/sdk/go/openshell/v1/auth_refresh.go:101.2,101.19 1 0
github.com/NVIDIA/OpenShell/sdk/go/openshell/v1/auth_refresh.go:101.19,102.19 1 0
github.com/NVIDIA/OpenShell/sdk/go/openshell/v1/auth_refresh.go:102.19,103.23 1 0
github.com/NVIDIA/OpenShell/sdk/go/openshell/v1/auth_refresh.go:103.23,105.5 1 0
github.com/NVIDIA/OpenShell/sdk/go/openshell/v1/auth_refresh.go:106.4,106.81 1 0
github.com/NVIDIA/OpenShell/sdk/go/openshell/v1/auth_refresh.go:108.3,108.71 1 0
github.com/NVIDIA/OpenShell/sdk/go/openshell/v1/auth_refresh.go:111.2,112.79 2 0
github.com/NVIDIA/OpenShell/sdk/go/openshell/v1/auth_refresh.go:115.59,117.2 1 0
github.com/NVIDIA/OpenShell/sdk/go/openshell/v1/auth_refresh.go:122.92,123.16 1 0
github.com/NVIDIA/OpenShell/sdk/go/openshell/v1/auth_refresh.go:123.16,125.3 1 0
github.com/NVIDIA/OpenShell/sdk/go/openshell/v1/auth_refresh.go:127.2,128.25 2 0
github.com/NVIDIA/OpenShell/sdk/go/openshell/v1/auth_refresh.go:128.25,130.3 1 0
github.com/NVIDIA/OpenShell/sdk/go/openshell/v1/auth_refresh.go:132.2,136.8 1 0
github.com/NVIDIA/OpenShell/sdk/go/openshell/v1/client.go:63.45,64.23 1 0
github.com/NVIDIA/OpenShell/sdk/go/openshell/v1/client.go:64.23,66.3 1 0
github.com/NVIDIA/OpenShell/sdk/go/openshell/v1/client.go:68.2,68.21 1 0
github.com/NVIDIA/OpenShell/sdk/go/openshell/v1/client.go:68.21,70.3 1 0
github.com/NVIDIA/OpenShell/sdk/go/openshell/v1/client.go:72.2,73.20 2 0
github.com/NVIDIA/OpenShell/sdk/go/openshell/v1/client.go:73.20,80.3 1 0
github.com/NVIDIA/OpenShell/sdk/go/openshell/v1/client.go:82.2,83.16 2 0
github.com/NVIDIA/OpenShell/sdk/go/openshell/v1/client.go:83.16,85.3 1 0
github.com/NVIDIA/OpenShell/sdk/go/openshell/v1/client.go:87.2,103.15 12 0
github.com/NVIDIA/OpenShell/sdk/go/openshell/v1/client.go:107.47,107.69 1 0
github.com/NVIDIA/OpenShell/sdk/go/openshell/v1/client.go:110.48,110.70 1 0
github.com/NVIDIA/OpenShell/sdk/go/openshell/v1/client.go:113.46,113.67 1 0
github.com/NVIDIA/OpenShell/sdk/go/openshell/v1/client.go:116.39,116.56 1 0
github.com/NVIDIA/OpenShell/sdk/go/openshell/v1/client.go:119.40,119.58 1 0
github.com/NVIDIA/OpenShell/sdk/go/openshell/v1/client.go:122.43,122.62 1 0
github.com/NVIDIA/OpenShell/sdk/go/openshell/v1/client.go:125.37,125.53 1 0
github.com/NVIDIA/OpenShell/sdk/go/openshell/v1/client.go:128.37,128.53 1 0
github.com/NVIDIA/OpenShell/sdk/go/openshell/v1/client.go:131.43,131.59 1 0
github.com/NVIDIA/OpenShell/sdk/go/openshell/v1/client.go:134.43,134.62 1 0
github.com/NVIDIA/OpenShell/sdk/go/openshell/v1/client.go:137.32,138.24 1 0
github.com/NVIDIA/OpenShell/sdk/go/openshell/v1/client.go:138.24,140.3 1 0
github.com/NVIDIA/OpenShell/sdk/go/openshell/v1/client.go:141.2,141.19 1 0
github.com/NVIDIA/OpenShell/sdk/go/openshell/v1/errors.go:32.33,32.65 1 0
github.com/NVIDIA/OpenShell/sdk/go/openshell/v1/errors.go:35.38,35.75 1 0
github.com/NVIDIA/OpenShell/sdk/go/openshell/v1/errors.go:38.36,38.71 1 0
github.com/NVIDIA/OpenShell/sdk/go/openshell/v1/errors.go:41.41,41.81 1 0
github.com/NVIDIA/OpenShell/sdk/go/openshell/v1/errors.go:44.40,44.79 1 0
github.com/NVIDIA/OpenShell/sdk/go/openshell/v1/errors.go:47.41,47.81 1 0
github.com/NVIDIA/OpenShell/sdk/go/openshell/v1/errors.go:50.34,50.67 1 0
github.com/NVIDIA/OpenShell/sdk/go/openshell/v1/errors.go:53.38,53.75 1 0
github.com/NVIDIA/OpenShell/sdk/go/openshell/v1/errors.go:57.33,57.65 1 0
github.com/NVIDIA/OpenShell/sdk/go/openshell/v1/errors.go:60.40,60.79 1 0
github.com/NVIDIA/OpenShell/sdk/go/openshell/v1/grpc_errors.go:10.36,11.16 1 0
github.com/NVIDIA/OpenShell/sdk/go/openshell/v1/grpc_errors.go:11.16,13.3 1 0
github.com/NVIDIA/OpenShell/sdk/go/openshell/v1/grpc_errors.go:14.2,14.13 1 0
github.com/NVIDIA/OpenShell/sdk/go/openshell/v1/grpc_errors.go:15.32,16.85 1 0
github.com/NVIDIA/OpenShell/sdk/go/openshell/v1/grpc_errors.go:17.24,18.78 1 0
github.com/NVIDIA/OpenShell/sdk/go/openshell/v1/grpc_errors.go:19.10,20.77 1 0
github.com/NVIDIA/OpenShell/sdk/go/openshell/v1/sandbox_client.go:24.69,26.2 1 0
github.com/NVIDIA/OpenShell/sdk/go/openshell/v1/sandbox_client.go:28.140,30.16 2 0
github.com/NVIDIA/OpenShell/sdk/go/openshell/v1/sandbox_client.go:30.16,32.3 1 0
github.com/NVIDIA/OpenShell/sdk/go/openshell/v1/sandbox_client.go:33.2,39.16 2 0
github.com/NVIDIA/OpenShell/sdk/go/openshell/v1/sandbox_client.go:39.16,41.3 1 0
github.com/NVIDIA/OpenShell/sdk/go/openshell/v1/sandbox_client.go:42.2,42.59 1 0
github.com/NVIDIA/OpenShell/sdk/go/openshell/v1/sandbox_client.go:45.92,50.16 2 0
github.com/NVIDIA/OpenShell/sdk/go/openshell/v1/sandbox_client.go:50.16,52.3 1 0
github.com/NVIDIA/OpenShell/sdk/go/openshell/v1/sandbox_client.go:53.2,53.59 1 0
github.com/NVIDIA/OpenShell/sdk/go/openshell/v1/sandbox_client.go:56.110,60.19 2 0
github.com/NVIDIA/OpenShell/sdk/go/openshell/v1/sandbox_client.go:60.19,61.24 1 0
github.com/NVIDIA/OpenShell/sdk/go/openshell/v1/sandbox_client.go:61.24,63.4 1 0
github.com/NVIDIA/OpenShell/sdk/go/openshell/v1/sandbox_client.go:64.3,64.25 1 0
github.com/NVIDIA/OpenShell/sdk/go/openshell/v1/sandbox_client.go:64.25,66.4 1 0
github.com/NVIDIA/OpenShell/sdk/go/openshell/v1/sandbox_client.go:67.3,68.44 2 0
github.com/NVIDIA/OpenShell/sdk/go/openshell/v1/sandbox_client.go:71.2,72.16 2 0
github.com/NVIDIA/OpenShell/sdk/go/openshell/v1/sandbox_client.go:72.16,74.3 1 0
github.com/NVIDIA/OpenShell/sdk/go/openshell/v1/sandbox_client.go:76.2,77.44 2 0
github.com/NVIDIA/OpenShell/sdk/go/openshell/v1/sandbox_client.go:77.44,79.3 1 0
github.com/NVIDIA/OpenShell/sdk/go/openshell/v1/sandbox_client.go:80.2,80.23 1 0
github.com/NVIDIA/OpenShell/sdk/go/openshell/v1/sandbox_client.go:83.83,88.16 2 0
github.com/NVIDIA/OpenShell/sdk/go/openshell/v1/sandbox_client.go:88.16,90.3 1 0
github.com/NVIDIA/OpenShell/sdk/go/openshell/v1/sandbox_client.go:91.2,91.12 1 0
github.com/NVIDIA/OpenShell/sdk/go/openshell/v1/sandbox_client.go:94.169,101.16 2 0
github.com/NVIDIA/OpenShell/sdk/go/openshell/v1/sandbox_client.go:101.16,103.3 1 0
github.com/NVIDIA/OpenShell/sdk/go/openshell/v1/sandbox_client.go:104.2,107.8 1 0
github.com/NVIDIA/OpenShell/sdk/go/openshell/v1/sandbox_client.go:110.169,117.16 2 0
github.com/NVIDIA/OpenShell/sdk/go/openshell/v1/sandbox_client.go:117.16,119.3 1 0
github.com/NVIDIA/OpenShell/sdk/go/openshell/v1/sandbox_client.go:120.2,123.8 1 0
github.com/NVIDIA/OpenShell/sdk/go/openshell/v1/sandbox_client.go:126.112,131.16 2 0
github.com/NVIDIA/OpenShell/sdk/go/openshell/v1/sandbox_client.go:131.16,133.3 1 0
github.com/NVIDIA/OpenShell/sdk/go/openshell/v1/sandbox_client.go:135.2,136.44 2 0
github.com/NVIDIA/OpenShell/sdk/go/openshell/v1/sandbox_client.go:136.44,138.3 1 0
github.com/NVIDIA/OpenShell/sdk/go/openshell/v1/sandbox_client.go:139.2,139.23 1 0
github.com/NVIDIA/OpenShell/sdk/go/openshell/v1/sandbox_client.go:142.119,144.47 2 0
github.com/NVIDIA/OpenShell/sdk/go/openshell/v1/sandbox_client.go:144.47,146.3 1 0
github.com/NVIDIA/OpenShell/sdk/go/openshell/v1/sandbox_client.go:148.2,149.16 2 0
github.com/NVIDIA/OpenShell/sdk/go/openshell/v1/sandbox_client.go:149.16,151.3 1 0
github.com/NVIDIA/OpenShell/sdk/go/openshell/v1/sandbox_client.go:153.2,153.37 1 0
github.com/NVIDIA/OpenShell/sdk/go/openshell/v1/sandbox_client.go:153.37,155.3 1 0
github.com/NVIDIA/OpenShell/sdk/go/openshell/v1/sandbox_client.go:156.2,156.37 1 0
github.com/NVIDIA/OpenShell/sdk/go/openshell/v1/sandbox_client.go:156.37,158.3 1 0
github.com/NVIDIA/OpenShell/sdk/go/openshell/v1/sandbox_client.go:159.2,159.40 1 0
github.com/NVIDIA/OpenShell/sdk/go/openshell/v1/sandbox_client.go:159.40,161.3 1 0
github.com/NVIDIA/OpenShell/sdk/go/openshell/v1/sandbox_client.go:163.2,166.6 3 0
github.com/NVIDIA/OpenShell/sdk/go/openshell/v1/sandbox_client.go:166.6,167.10 1 0
github.com/NVIDIA/OpenShell/sdk/go/openshell/v1/sandbox_client.go:168.21,169.39 1 0
github.com/NVIDIA/OpenShell/sdk/go/openshell/v1/sandbox_client.go:170.19,172.18 2 0
github.com/NVIDIA/OpenShell/sdk/go/openshell/v1/sandbox_client.go:172.18,174.5 1 0
github.com/NVIDIA/OpenShell/sdk/go/openshell/v1/sandbox_client.go:175.4,175.39 1 0
github.com/NVIDIA/OpenShell/sdk/go/openshell/v1/sandbox_client.go:175.39,177.5 1 0
github.com/NVIDIA/OpenShell/sdk/go/openshell/v1/sandbox_client.go:178.4,178.39 1 0
github.com/NVIDIA/OpenShell/sdk/go/openshell/v1/sandbox_client.go:178.39,180.5 1 0
github.com/NVIDIA/OpenShell/sdk/go/openshell/v1/sandbox_client.go:181.4,181.42 1 0
github.com/NVIDIA/OpenShell/sdk/go/openshell/v1/sandbox_client.go:181.42,183.5 1 0
github.com/NVIDIA/OpenShell/sdk/go/openshell/v1/sandbox_client.go:188.132,189.16 1 0
github.com/NVIDIA/OpenShell/sdk/go/openshell/v1/sandbox_client.go:189.16,191.3 1 0
github.com/NVIDIA/OpenShell/sdk/go/openshell/v1/sandbox_client.go:193.2,194.19 2 0
github.com/NVIDIA/OpenShell/sdk/go/openshell/v1/sandbox_client.go:194.19,196.3 1 0
github.com/NVIDIA/OpenShell/sdk/go/openshell/v1/sandbox_client.go:199.2,200.16 2 0
github.com/NVIDIA/OpenShell/sdk/go/openshell/v1/sandbox_client.go:200.16,202.3 1 0
github.com/NVIDIA/OpenShell/sdk/go/openshell/v1/sandbox_client.go:204.2,210.16 3 0
github.com/NVIDIA/OpenShell/sdk/go/openshell/v1/sandbox_client.go:210.16,213.3 2 0
github.com/NVIDIA/OpenShell/sdk/go/openshell/v1/sandbox_client.go:215.2,216.16 2 0
github.com/NVIDIA/OpenShell/sdk/go/openshell/v1/sandbox_client.go:216.16,219.3 2 0
github.com/NVIDIA/OpenShell/sdk/go/openshell/v1/sandbox_client.go:221.2,224.12 3 0
github.com/NVIDIA/OpenShell/sdk/go/openshell/v1/sandbox_client.go:224.12,229.7 5 0
github.com/NVIDIA/OpenShell/sdk/go/openshell/v1/sandbox_client.go:229.7,230.100 1 0
github.com/NVIDIA/OpenShell/sdk/go/openshell/v1/sandbox_client.go:230.100,233.16 3 0
github.com/NVIDIA/OpenShell/sdk/go/openshell/v1/sandbox_client.go:233.16,236.6 2 0
github.com/NVIDIA/OpenShell/sdk/go/openshell/v1/sandbox_client.go:236.11,236.55 1 0
github.com/NVIDIA/OpenShell/sdk/go/openshell/v1/sandbox_client.go:236.55,238.6 1 0
github.com/NVIDIA/OpenShell/sdk/go/openshell/v1/sandbox_client.go:239.5,239.12 1 0
github.com/NVIDIA/OpenShell/sdk/go/openshell/v1/sandbox_client.go:240.66,240.66 0 0
github.com/NVIDIA/OpenShell/sdk/go/openshell/v1/sandbox_client.go:241.19,242.12 1 0
github.com/NVIDIA/OpenShell/sdk/go/openshell/v1/sandbox_client.go:245.5,245.115 1 0
github.com/NVIDIA/OpenShell/sdk/go/openshell/v1/sandbox_client.go:245.115,248.6 2 0
github.com/NVIDIA/OpenShell/sdk/go/openshell/v1/sandbox_client.go:250.4,252.22 3 0
github.com/NVIDIA/OpenShell/sdk/go/openshell/v1/sandbox_client.go:252.22,253.26 1 0
github.com/NVIDIA/OpenShell/sdk/go/openshell/v1/sandbox_client.go:253.26,254.13 1 0
github.com/NVIDIA/OpenShell/sdk/go/openshell/v1/sandbox_client.go:255.90,255.90 0 0
github.com/NVIDIA/OpenShell/sdk/go/openshell/v1/sandbox_client.go:256.20,256.20 0 0
github.com/NVIDIA/OpenShell/sdk/go/openshell/v1/sandbox_client.go:259.5,259.11 1 0
github.com/NVIDIA/OpenShell/sdk/go/openshell/v1/sandbox_client.go:264.2,264.15 1 0
github.com/NVIDIA/OpenShell/sdk/go/openshell/v1/sandbox_client.go:267.124,270.16 2 0
github.com/NVIDIA/OpenShell/sdk/go/openshell/v1/sandbox_client.go:270.16,272.3 1 0
github.com/NVIDIA/OpenShell/sdk/go/openshell/v1/sandbox_client.go:274.2,282.27 3 0
github.com/NVIDIA/OpenShell/sdk/go/openshell/v1/sandbox_client.go:282.27,284.3 1 0
github.com/NVIDIA/OpenShell/sdk/go/openshell/v1/sandbox_client.go:286.2,287.16 2 0
github.com/NVIDIA/OpenShell/sdk/go/openshell/v1/sandbox_client.go:287.16,289.3 1 0
github.com/NVIDIA/OpenShell/sdk/go/openshell/v1/sandbox_client.go:290.2,290.48 1 0
github.com/NVIDIA/OpenShell/sdk/go/openshell/v1/ssh.go:26.50,27.31 1 0
github.com/NVIDIA/OpenShell/sdk/go/openshell/v1/ssh.go:27.31,29.3 1 0
github.com/NVIDIA/OpenShell/sdk/go/openshell/v1/stub_clients.go:12.37,17.2 1 0
github.com/NVIDIA/OpenShell/sdk/go/openshell/v1/stub_clients.go:22.107,24.2 1 0
github.com/NVIDIA/OpenShell/sdk/go/openshell/v1/stub_clients.go:25.109,27.2 1 0
github.com/NVIDIA/OpenShell/sdk/go/openshell/v1/stub_clients.go:28.135,30.2 1 0
github.com/NVIDIA/OpenShell/sdk/go/openshell/v1/stub_clients.go:35.72,37.2 1 0
github.com/NVIDIA/OpenShell/sdk/go/openshell/v1/stub_clients.go:38.74,40.2 1 0
github.com/NVIDIA/OpenShell/sdk/go/openshell/v1/stub_clients.go:45.70,47.2 1 0
github.com/NVIDIA/OpenShell/sdk/go/openshell/v1/stub_clients.go:52.93,54.2 1 0
github.com/NVIDIA/OpenShell/sdk/go/openshell/v1/stub_clients.go:55.80,57.2 1 0
github.com/NVIDIA/OpenShell/sdk/go/openshell/v1/stub_clients.go:58.98,60.2 1 0
github.com/NVIDIA/OpenShell/sdk/go/openshell/v1/stub_clients.go:61.93,63.2 1 0
github.com/NVIDIA/OpenShell/sdk/go/openshell/v1/stub_clients.go:64.70,66.2 1 0
github.com/NVIDIA/OpenShell/sdk/go/openshell/v1/stub_clients.go:67.93,69.2 1 0
github.com/NVIDIA/OpenShell/sdk/go/openshell/v1/stub_clients.go:70.53,70.79 1 0
github.com/NVIDIA/OpenShell/sdk/go/openshell/v1/stub_clients.go:71.53,71.78 1 0
github.com/NVIDIA/OpenShell/sdk/go/openshell/v1/stub_clients.go:76.104,78.2 1 0
github.com/NVIDIA/OpenShell/sdk/go/openshell/v1/stub_clients.go:79.86,81.2 1 0
github.com/NVIDIA/OpenShell/sdk/go/openshell/v1/stub_clients.go:82.106,84.2 1 0
github.com/NVIDIA/OpenShell/sdk/go/openshell/v1/stub_clients.go:85.117,87.2 1 0
github.com/NVIDIA/OpenShell/sdk/go/openshell/v1/stub_clients.go:88.102,90.2 1 0
github.com/NVIDIA/OpenShell/sdk/go/openshell/v1/stub_clients.go:91.77,93.2 1 0
github.com/NVIDIA/OpenShell/sdk/go/openshell/v1/stub_clients.go:98.94,100.2 1 0
github.com/NVIDIA/OpenShell/sdk/go/openshell/v1/stub_clients.go:101.104,103.2 1 0
github.com/NVIDIA/OpenShell/sdk/go/openshell/v1/stub_clients.go:104.89,106.2 1 0
github.com/NVIDIA/OpenShell/sdk/go/openshell/v1/stub_clients.go:107.79,109.2 1 0
github.com/NVIDIA/OpenShell/sdk/go/openshell/v1/stub_clients.go:114.110,116.2 1 0
github.com/NVIDIA/OpenShell/sdk/go/openshell/v1/stub_clients.go:117.89,119.2 1 0
github.com/NVIDIA/OpenShell/sdk/go/openshell/v1/stub_clients.go:120.107,122.2 1 0
github.com/NVIDIA/OpenShell/sdk/go/openshell/v1/stub_clients.go:123.72,125.2 1 0
github.com/NVIDIA/OpenShell/sdk/go/openshell/v1/stub_clients.go:130.86,132.2 1 0
github.com/NVIDIA/OpenShell/sdk/go/openshell/v1/stub_clients.go:133.79,135.2 1 0
github.com/NVIDIA/OpenShell/sdk/go/openshell/v1/stub_clients.go:136.115,138.2 1 0
github.com/NVIDIA/OpenShell/sdk/go/openshell/v1/stub_clients.go:143.117,145.2 1 0
github.com/NVIDIA/OpenShell/sdk/go/openshell/v1/stub_clients.go:146.112,148.2 1 0
github.com/NVIDIA/OpenShell/sdk/go/openshell/v1/stub_clients.go:153.89,155.2 1 0
github.com/NVIDIA/OpenShell/sdk/go/openshell/v1/stub_clients.go:156.76,158.2 1 0
github.com/NVIDIA/OpenShell/sdk/go/openshell/v1/stub_clients.go:159.104,161.2 1 0
github.com/NVIDIA/OpenShell/sdk/go/openshell/v1/stub_clients.go:166.106,168.2 1 0
github.com/NVIDIA/OpenShell/sdk/go/openshell/v1/stub_clients.go:169.99,171.2 1 0
github.com/NVIDIA/OpenShell/sdk/go/openshell/v1/stub_clients.go:172.83,174.2 1 0
github.com/NVIDIA/OpenShell/sdk/go/openshell/v1/stub_clients.go:175.126,177.2 1 0
github.com/NVIDIA/OpenShell/sdk/go/openshell/v1/stub_clients.go:178.93,180.2 1 0
github.com/NVIDIA/OpenShell/sdk/go/openshell/v1/stub_clients.go:181.99,183.2 1 0
github.com/NVIDIA/OpenShell/sdk/go/openshell/v1/stub_clients.go:184.115,186.2 1 0
github.com/NVIDIA/OpenShell/sdk/go/openshell/v1/stub_clients.go:187.112,189.2 1 0
github.com/NVIDIA/OpenShell/sdk/go/openshell/v1/stub_clients.go:190.100,192.2 1 0
github.com/NVIDIA/OpenShell/sdk/go/openshell/v1/stub_clients.go:193.93,195.2 1 0
github.com/NVIDIA/OpenShell/sdk/go/openshell/v1/tcp.go:22.52,23.32 1 0
github.com/NVIDIA/OpenShell/sdk/go/openshell/v1/tcp.go:23.32,25.3 1 0
github.com/NVIDIA/OpenShell/sdk/go/openshell/v1/tcp.go:40.48,41.31 1 0
github.com/NVIDIA/OpenShell/sdk/go/openshell/v1/tcp.go:41.31,43.3 1 0
github.com/NVIDIA/OpenShell/sdk/go/openshell/v1/tcp.go:49.35,50.31 1 0
github.com/NVIDIA/OpenShell/sdk/go/openshell/v1/tcp.go:50.31,52.3 1 0
github.com/NVIDIA/OpenShell/sdk/go/openshell/v1/tcp.go:57.50,58.31 1 0
github.com/NVIDIA/OpenShell/sdk/go/openshell/v1/tcp.go:58.31,60.3 1 0
github.com/NVIDIA/OpenShell/sdk/go/openshell/v1/watch.go:27.81,33.2 1 0
github.com/NVIDIA/OpenShell/sdk/go/openshell/v1/watch.go:35.51,37.2 1 0
github.com/NVIDIA/OpenShell/sdk/go/openshell/v1/watch.go:39.29,40.23 1 0
github.com/NVIDIA/OpenShell/sdk/go/openshell/v1/watch.go:40.23,42.22 2 0
github.com/NVIDIA/OpenShell/sdk/go/openshell/v1/watch.go:42.22,44.4 1 0
github.com/NVIDIA/OpenShell/sdk/go/openshell/v1/internal/converter/copy.go:10.59,11.14 1 56
github.com/NVIDIA/OpenShell/sdk/go/openshell/v1/internal/converter/copy.go:11.14,13.3 1 19
github.com/NVIDIA/OpenShell/sdk/go/openshell/v1/internal/converter/copy.go:14.2,15.22 2 37
github.com/NVIDIA/OpenShell/sdk/go/openshell/v1/internal/converter/copy.go:15.22,17.3 1 38
github.com/NVIDIA/OpenShell/sdk/go/openshell/v1/internal/converter/copy.go:18.2,18.10 1 37
github.com/NVIDIA/OpenShell/sdk/go/openshell/v1/internal/converter/copy.go:23.33,24.14 1 5
github.com/NVIDIA/OpenShell/sdk/go/openshell/v1/internal/converter/copy.go:24.14,26.3 1 1
github.com/NVIDIA/OpenShell/sdk/go/openshell/v1/internal/converter/copy.go:27.2,28.11 2 4
github.com/NVIDIA/OpenShell/sdk/go/openshell/v1/internal/converter/copy.go:33.43,34.14 1 13
github.com/NVIDIA/OpenShell/sdk/go/openshell/v1/internal/converter/copy.go:34.14,36.3 1 3
github.com/NVIDIA/OpenShell/sdk/go/openshell/v1/internal/converter/copy.go:37.2,39.10 3 10
github.com/NVIDIA/OpenShell/sdk/go/openshell/v1/internal/converter/copy.go:44.37,45.14 1 0
github.com/NVIDIA/OpenShell/sdk/go/openshell/v1/internal/converter/copy.go:45.14,47.3 1 0
github.com/NVIDIA/OpenShell/sdk/go/openshell/v1/internal/converter/copy.go:48.2,50.10 3 0
github.com/NVIDIA/OpenShell/sdk/go/openshell/v1/internal/converter/copy.go:53.53,54.14 1 4
github.com/NVIDIA/OpenShell/sdk/go/openshell/v1/internal/converter/copy.go:54.14,56.3 1 4
github.com/NVIDIA/OpenShell/sdk/go/openshell/v1/internal/converter/copy.go:57.2,57.18 1 0
github.com/NVIDIA/OpenShell/sdk/go/openshell/v1/internal/converter/copy.go:60.62,61.14 1 7
github.com/NVIDIA/OpenShell/sdk/go/openshell/v1/internal/converter/copy.go:61.14,63.3 1 6
github.com/NVIDIA/OpenShell/sdk/go/openshell/v1/internal/converter/copy.go:64.2,64.30 1 1
github.com/NVIDIA/OpenShell/sdk/go/openshell/v1/internal/converter/errors.go:30.37,31.16 1 14
github.com/NVIDIA/OpenShell/sdk/go/openshell/v1/internal/converter/errors.go:31.16,33.3 1 2
github.com/NVIDIA/OpenShell/sdk/go/openshell/v1/internal/converter/errors.go:35.2,36.9 2 12
github.com/NVIDIA/OpenShell/sdk/go/openshell/v1/internal/converter/errors.go:36.9,38.3 1 1
github.com/NVIDIA/OpenShell/sdk/go/openshell/v1/internal/converter/errors.go:40.2,40.27 1 11
github.com/NVIDIA/OpenShell/sdk/go/openshell/v1/internal/converter/errors.go:40.27,42.3 1 0
github.com/NVIDIA/OpenShell/sdk/go/openshell/v1/internal/converter/errors.go:44.2,45.13 2 11
github.com/NVIDIA/OpenShell/sdk/go/openshell/v1/internal/converter/errors.go:45.13,47.3 1 1
github.com/NVIDIA/OpenShell/sdk/go/openshell/v1/internal/converter/errors.go:49.2,53.3 1 11
github.com/NVIDIA/OpenShell/sdk/go/openshell/v1/internal/converter/log.go:14.60,15.14 1 5
github.com/NVIDIA/OpenShell/sdk/go/openshell/v1/internal/converter/log.go:15.14,17.3 1 1
github.com/NVIDIA/OpenShell/sdk/go/openshell/v1/internal/converter/log.go:18.2,25.3 1 4
github.com/NVIDIA/OpenShell/sdk/go/openshell/v1/internal/converter/log.go:31.72,32.14 1 3
github.com/NVIDIA/OpenShell/sdk/go/openshell/v1/internal/converter/log.go:32.14,34.3 1 1
github.com/NVIDIA/OpenShell/sdk/go/openshell/v1/internal/converter/log.go:35.2,38.40 2 2
github.com/NVIDIA/OpenShell/sdk/go/openshell/v1/internal/converter/log.go:38.40,40.26 2 1
github.com/NVIDIA/OpenShell/sdk/go/openshell/v1/internal/converter/log.go:40.26,41.58 1 2
github.com/NVIDIA/OpenShell/sdk/go/openshell/v1/internal/converter/log.go:41.58,43.5 1 2
github.com/NVIDIA/OpenShell/sdk/go/openshell/v1/internal/converter/log.go:46.2,46.15 1 2
github.com/NVIDIA/OpenShell/sdk/go/openshell/v1/internal/converter/network_policy.go:14.85,15.14 1 1
github.com/NVIDIA/OpenShell/sdk/go/openshell/v1/internal/converter/network_policy.go:15.14,17.3 1 0
github.com/NVIDIA/OpenShell/sdk/go/openshell/v1/internal/converter/network_policy.go:18.2,21.43 2 1
github.com/NVIDIA/OpenShell/sdk/go/openshell/v1/internal/converter/network_policy.go:21.43,23.26 2 1
github.com/NVIDIA/OpenShell/sdk/go/openshell/v1/internal/converter/network_policy.go:23.26,24.17 1 1
github.com/NVIDIA/OpenShell/sdk/go/openshell/v1/internal/converter/network_policy.go:24.17,26.5 1 1
github.com/NVIDIA/OpenShell/sdk/go/openshell/v1/internal/converter/network_policy.go:29.2,29.44 1 1
github.com/NVIDIA/OpenShell/sdk/go/openshell/v1/internal/converter/network_policy.go:29.44,31.26 2 0
github.com/NVIDIA/OpenShell/sdk/go/openshell/v1/internal/converter/network_policy.go:31.26,32.16 1 0
github.com/NVIDIA/OpenShell/sdk/go/openshell/v1/internal/converter/network_policy.go:32.16,34.5 1 0
github.com/NVIDIA/OpenShell/sdk/go/openshell/v1/internal/converter/network_policy.go:37.2,37.15 1 1
github.com/NVIDIA/OpenShell/sdk/go/openshell/v1/internal/converter/network_policy.go:41.83,42.14 1 1
github.com/NVIDIA/OpenShell/sdk/go/openshell/v1/internal/converter/network_policy.go:42.14,44.3 1 0
github.com/NVIDIA/OpenShell/sdk/go/openshell/v1/internal/converter/network_policy.go:45.2,48.26 2 1
github.com/NVIDIA/OpenShell/sdk/go/openshell/v1/internal/converter/network_policy.go:48.26,50.30 2 1
github.com/NVIDIA/OpenShell/sdk/go/openshell/v1/internal/converter/network_policy.go:50.30,52.4 1 1
github.com/NVIDIA/OpenShell/sdk/go/openshell/v1/internal/converter/network_policy.go:54.2,54.25 1 1
github.com/NVIDIA/OpenShell/sdk/go/openshell/v1/internal/converter/network_policy.go:54.25,56.29 2 0
github.com/NVIDIA/OpenShell/sdk/go/openshell/v1/internal/converter/network_policy.go:56.29,58.4 1 0
github.com/NVIDIA/OpenShell/sdk/go/openshell/v1/internal/converter/network_policy.go:60.2,60.15 1 1
github.com/NVIDIA/OpenShell/sdk/go/openshell/v1/internal/converter/network_policy.go:65.91,85.36 2 1
github.com/NVIDIA/OpenShell/sdk/go/openshell/v1/internal/converter/network_policy.go:85.36,87.3 1 0
github.com/NVIDIA/OpenShell/sdk/go/openshell/v1/internal/converter/network_policy.go:88.2,88.58 1 1
github.com/NVIDIA/OpenShell/sdk/go/openshell/v1/internal/converter/network_policy.go:88.58,92.3 1 1
github.com/NVIDIA/OpenShell/sdk/go/openshell/v1/internal/converter/network_policy.go:93.2,93.44 1 1
github.com/NVIDIA/OpenShell/sdk/go/openshell/v1/internal/converter/network_policy.go:93.44,96.3 2 0
github.com/NVIDIA/OpenShell/sdk/go/openshell/v1/internal/converter/network_policy.go:97.2,97.45 1 1
github.com/NVIDIA/OpenShell/sdk/go/openshell/v1/internal/converter/network_policy.go:97.45,99.3 1 0
github.com/NVIDIA/OpenShell/sdk/go/openshell/v1/internal/converter/network_policy.go:100.2,100.44 1 1
github.com/NVIDIA/OpenShell/sdk/go/openshell/v1/internal/converter/network_policy.go:100.44,102.27 2 0
github.com/NVIDIA/OpenShell/sdk/go/openshell/v1/internal/converter/network_policy.go:102.27,103.16 1 0
github.com/NVIDIA/OpenShell/sdk/go/openshell/v1/internal/converter/network_policy.go:103.16,105.5 1 0
github.com/NVIDIA/OpenShell/sdk/go/openshell/v1/internal/converter/network_policy.go:108.2,108.46 1 1
github.com/NVIDIA/OpenShell/sdk/go/openshell/v1/internal/converter/network_policy.go:108.46,110.26 2 0
github.com/NVIDIA/OpenShell/sdk/go/openshell/v1/internal/converter/network_policy.go:110.26,111.16 1 0
github.com/NVIDIA/OpenShell/sdk/go/openshell/v1/internal/converter/network_policy.go:111.16,113.5 1 0
github.com/NVIDIA/OpenShell/sdk/go/openshell/v1/internal/converter/network_policy.go:116.2,116.58 1 1
github.com/NVIDIA/OpenShell/sdk/go/openshell/v1/internal/converter/network_policy.go:116.58,118.25 2 0
github.com/NVIDIA/OpenShell/sdk/go/openshell/v1/internal/converter/network_policy.go:118.25,119.16 1 0
github.com/NVIDIA/OpenShell/sdk/go/openshell/v1/internal/converter/network_policy.go:119.16,121.5 1 0
github.com/NVIDIA/OpenShell/sdk/go/openshell/v1/internal/converter/network_policy.go:124.2,124.15 1 1
github.com/NVIDIA/OpenShell/sdk/go/openshell/v1/internal/converter/network_policy.go:127.90,147.19 2 1
github.com/NVIDIA/OpenShell/sdk/go/openshell/v1/internal/converter/network_policy.go:147.19,149.3 1 0
github.com/NVIDIA/OpenShell/sdk/go/openshell/v1/internal/converter/network_policy.go:150.2,150.33 1 1
github.com/NVIDIA/OpenShell/sdk/go/openshell/v1/internal/converter/network_policy.go:150.33,154.3 1 1
github.com/NVIDIA/OpenShell/sdk/go/openshell/v1/internal/converter/network_policy.go:155.2,155.23 1 1
github.com/NVIDIA/OpenShell/sdk/go/openshell/v1/internal/converter/network_policy.go:155.23,158.3 2 0
github.com/NVIDIA/OpenShell/sdk/go/openshell/v1/internal/converter/network_policy.go:159.2,159.28 1 1
github.com/NVIDIA/OpenShell/sdk/go/openshell/v1/internal/converter/network_policy.go:159.28,161.3 1 0
github.com/NVIDIA/OpenShell/sdk/go/openshell/v1/internal/converter/network_policy.go:162.2,162.23 1 1
github.com/NVIDIA/OpenShell/sdk/go/openshell/v1/internal/converter/network_policy.go:162.23,164.27 2 0
github.com/NVIDIA/OpenShell/sdk/go/openshell/v1/internal/converter/network_policy.go:164.27,166.4 1 0
github.com/NVIDIA/OpenShell/sdk/go/openshell/v1/internal/converter/network_policy.go:168.2,168.27 1 1
github.com/NVIDIA/OpenShell/sdk/go/openshell/v1/internal/converter/network_policy.go:168.27,170.31 2 0
github.com/NVIDIA/OpenShell/sdk/go/openshell/v1/internal/converter/network_policy.go:170.31,172.4 1 0
github.com/NVIDIA/OpenShell/sdk/go/openshell/v1/internal/converter/network_policy.go:174.2,174.41 1 1
github.com/NVIDIA/OpenShell/sdk/go/openshell/v1/internal/converter/network_policy.go:174.41,176.48 2 0
github.com/NVIDIA/OpenShell/sdk/go/openshell/v1/internal/converter/network_policy.go:176.48,178.4 1 0
github.com/NVIDIA/OpenShell/sdk/go/openshell/v1/internal/converter/network_policy.go:180.2,180.15 1 1
github.com/NVIDIA/OpenShell/sdk/go/openshell/v1/internal/converter/network_policy.go:185.51,187.33 2 0
github.com/NVIDIA/OpenShell/sdk/go/openshell/v1/internal/converter/network_policy.go:187.33,196.36 2 0
github.com/NVIDIA/OpenShell/sdk/go/openshell/v1/internal/converter/network_policy.go:196.36,198.4 1 0
github.com/NVIDIA/OpenShell/sdk/go/openshell/v1/internal/converter/network_policy.go:199.3,199.37 1 0
github.com/NVIDIA/OpenShell/sdk/go/openshell/v1/internal/converter/network_policy.go:199.37,201.4 1 0
github.com/NVIDIA/OpenShell/sdk/go/openshell/v1/internal/converter/network_policy.go:203.2,203.15 1 0
github.com/NVIDIA/OpenShell/sdk/go/openshell/v1/internal/converter/network_policy.go:206.50,208.20 2 0
github.com/NVIDIA/OpenShell/sdk/go/openshell/v1/internal/converter/network_policy.go:208.20,217.29 2 0
github.com/NVIDIA/OpenShell/sdk/go/openshell/v1/internal/converter/network_policy.go:217.29,219.4 1 0
github.com/NVIDIA/OpenShell/sdk/go/openshell/v1/internal/converter/network_policy.go:220.3,220.30 1 0
github.com/NVIDIA/OpenShell/sdk/go/openshell/v1/internal/converter/network_policy.go:220.30,222.4 1 0
github.com/NVIDIA/OpenShell/sdk/go/openshell/v1/internal/converter/network_policy.go:224.2,224.15 1 0
github.com/NVIDIA/OpenShell/sdk/go/openshell/v1/internal/converter/network_policy.go:229.63,239.36 2 0
github.com/NVIDIA/OpenShell/sdk/go/openshell/v1/internal/converter/network_policy.go:239.36,241.3 1 0
github.com/NVIDIA/OpenShell/sdk/go/openshell/v1/internal/converter/network_policy.go:242.2,242.15 1 0
github.com/NVIDIA/OpenShell/sdk/go/openshell/v1/internal/converter/network_policy.go:245.62,254.22 2 0
github.com/NVIDIA/OpenShell/sdk/go/openshell/v1/internal/converter/network_policy.go:254.22,256.3 1 0
github.com/NVIDIA/OpenShell/sdk/go/openshell/v1/internal/converter/network_policy.go:257.2,257.23 1 0
github.com/NVIDIA/OpenShell/sdk/go/openshell/v1/internal/converter/network_policy.go:257.23,259.3 1 0
github.com/NVIDIA/OpenShell/sdk/go/openshell/v1/internal/converter/network_policy.go:260.2,260.15 1 0
github.com/NVIDIA/OpenShell/sdk/go/openshell/v1/internal/converter/network_policy.go:265.93,266.17 1 0
github.com/NVIDIA/OpenShell/sdk/go/openshell/v1/internal/converter/network_policy.go:266.17,268.3 1 0
github.com/NVIDIA/OpenShell/sdk/go/openshell/v1/internal/converter/network_policy.go:269.2,270.22 2 0
github.com/NVIDIA/OpenShell/sdk/go/openshell/v1/internal/converter/network_policy.go:270.22,271.15 1 0
github.com/NVIDIA/OpenShell/sdk/go/openshell/v1/internal/converter/network_policy.go:271.15,276.4 1 0
github.com/NVIDIA/OpenShell/sdk/go/openshell/v1/internal/converter/network_policy.go:278.2,278.15 1 0
github.com/NVIDIA/OpenShell/sdk/go/openshell/v1/internal/converter/network_policy.go:281.91,282.17 1 0
github.com/NVIDIA/OpenShell/sdk/go/openshell/v1/internal/converter/network_policy.go:282.17,284.3 1 0
github.com/NVIDIA/OpenShell/sdk/go/openshell/v1/internal/converter/network_policy.go:285.2,286.22 2 0
github.com/NVIDIA/OpenShell/sdk/go/openshell/v1/internal/converter/network_policy.go:286.22,291.3 1 0
github.com/NVIDIA/OpenShell/sdk/go/openshell/v1/internal/converter/network_policy.go:292.2,292.15 1 0
github.com/NVIDIA/OpenShell/sdk/go/openshell/v1/internal/converter/network_policy.go:296.97,298.2 1 0
github.com/NVIDIA/OpenShell/sdk/go/openshell/v1/internal/converter/network_policy.go:300.95,302.2 1 0
github.com/NVIDIA/OpenShell/sdk/go/openshell/v1/internal/converter/network_policy.go:306.82,312.2 1 0
github.com/NVIDIA/OpenShell/sdk/go/openshell/v1/internal/converter/network_policy.go:314.81,320.2 1 0
github.com/NVIDIA/OpenShell/sdk/go/openshell/v1/internal/converter/network_policy.go:324.64,325.14 1 0
github.com/NVIDIA/OpenShell/sdk/go/openshell/v1/internal/converter/network_policy.go:325.14,327.3 1 0
github.com/NVIDIA/OpenShell/sdk/go/openshell/v1/internal/converter/network_policy.go:328.2,331.3 1 0
github.com/NVIDIA/OpenShell/sdk/go/openshell/v1/internal/converter/network_policy.go:334.62,335.14 1 0
github.com/NVIDIA/OpenShell/sdk/go/openshell/v1/internal/converter/network_policy.go:335.14,337.3 1 0
github.com/NVIDIA/OpenShell/sdk/go/openshell/v1/internal/converter/network_policy.go:338.2,341.3 1 0
github.com/NVIDIA/OpenShell/sdk/go/openshell/v1/internal/converter/policy.go:15.74,16.11 1 0
github.com/NVIDIA/OpenShell/sdk/go/openshell/v1/internal/converter/policy.go:17.45,18.39 1 0
github.com/NVIDIA/OpenShell/sdk/go/openshell/v1/internal/converter/policy.go:19.44,20.38 1 0
github.com/NVIDIA/OpenShell/sdk/go/openshell/v1/internal/converter/policy.go:21.44,22.38 1 0
github.com/NVIDIA/OpenShell/sdk/go/openshell/v1/internal/converter/policy.go:23.48,24.42 1 0
github.com/NVIDIA/OpenShell/sdk/go/openshell/v1/internal/converter/policy.go:25.10,26.43 1 0
github.com/NVIDIA/OpenShell/sdk/go/openshell/v1/internal/converter/policy.go:31.72,32.11 1 0
github.com/NVIDIA/OpenShell/sdk/go/openshell/v1/internal/converter/policy.go:33.37,34.47 1 0
github.com/NVIDIA/OpenShell/sdk/go/openshell/v1/internal/converter/policy.go:35.36,36.46 1 0
github.com/NVIDIA/OpenShell/sdk/go/openshell/v1/internal/converter/policy.go:37.36,38.46 1 0
github.com/NVIDIA/OpenShell/sdk/go/openshell/v1/internal/converter/policy.go:39.40,40.50 1 0
github.com/NVIDIA/OpenShell/sdk/go/openshell/v1/internal/converter/policy.go:41.10,42.51 1 0
github.com/NVIDIA/OpenShell/sdk/go/openshell/v1/internal/converter/policy.go:49.65,50.14 1 0
github.com/NVIDIA/OpenShell/sdk/go/openshell/v1/internal/converter/policy.go:50.14,52.3 1 0
github.com/NVIDIA/OpenShell/sdk/go/openshell/v1/internal/converter/policy.go:53.2,72.3 1 0
github.com/NVIDIA/OpenShell/sdk/go/openshell/v1/internal/converter/policy.go:78.76,79.14 1 0
github.com/NVIDIA/OpenShell/sdk/go/openshell/v1/internal/converter/policy.go:79.14,81.3 1 0
github.com/NVIDIA/OpenShell/sdk/go/openshell/v1/internal/converter/policy.go:82.2,87.46 2 0
github.com/NVIDIA/OpenShell/sdk/go/openshell/v1/internal/converter/policy.go:87.46,89.28 2 0
github.com/NVIDIA/OpenShell/sdk/go/openshell/v1/internal/converter/policy.go:89.28,90.62 1 0
github.com/NVIDIA/OpenShell/sdk/go/openshell/v1/internal/converter/policy.go:90.62,92.5 1 0
github.com/NVIDIA/OpenShell/sdk/go/openshell/v1/internal/converter/policy.go:95.2,95.15 1 0
github.com/NVIDIA/OpenShell/sdk/go/openshell/v1/internal/converter/policy.go:102.73,103.14 1 2
github.com/NVIDIA/OpenShell/sdk/go/openshell/v1/internal/converter/policy.go:103.14,105.3 1 1
github.com/NVIDIA/OpenShell/sdk/go/openshell/v1/internal/converter/policy.go:106.2,112.45 2 1
github.com/NVIDIA/OpenShell/sdk/go/openshell/v1/internal/converter/policy.go:112.45,114.24 2 1
github.com/NVIDIA/OpenShell/sdk/go/openshell/v1/internal/converter/policy.go:114.24,115.68 1 1
github.com/NVIDIA/OpenShell/sdk/go/openshell/v1/internal/converter/policy.go:115.68,117.5 1 1
github.com/NVIDIA/OpenShell/sdk/go/openshell/v1/internal/converter/policy.go:120.2,120.15 1 1
github.com/NVIDIA/OpenShell/sdk/go/openshell/v1/internal/converter/policy.go:125.71,126.14 1 5
github.com/NVIDIA/OpenShell/sdk/go/openshell/v1/internal/converter/policy.go:126.14,128.3 1 3
github.com/NVIDIA/OpenShell/sdk/go/openshell/v1/internal/converter/policy.go:129.2,135.30 2 2
github.com/NVIDIA/OpenShell/sdk/go/openshell/v1/internal/converter/policy.go:135.30,137.39 2 1
github.com/NVIDIA/OpenShell/sdk/go/openshell/v1/internal/converter/policy.go:137.39,139.4 1 1
github.com/NVIDIA/OpenShell/sdk/go/openshell/v1/internal/converter/policy.go:141.2,141.15 1 2
github.com/NVIDIA/OpenShell/sdk/go/openshell/v1/internal/converter/policy.go:144.82,145.14 1 1
github.com/NVIDIA/OpenShell/sdk/go/openshell/v1/internal/converter/policy.go:145.14,147.3 1 0
github.com/NVIDIA/OpenShell/sdk/go/openshell/v1/internal/converter/policy.go:148.2,152.3 1 1
github.com/NVIDIA/OpenShell/sdk/go/openshell/v1/internal/converter/policy.go:155.80,156.14 1 2
github.com/NVIDIA/OpenShell/sdk/go/openshell/v1/internal/converter/policy.go:156.14,158.3 1 0
github.com/NVIDIA/OpenShell/sdk/go/openshell/v1/internal/converter/policy.go:159.2,163.3 1 2
github.com/NVIDIA/OpenShell/sdk/go/openshell/v1/internal/converter/policy.go:166.76,167.14 1 1
github.com/NVIDIA/OpenShell/sdk/go/openshell/v1/internal/converter/policy.go:167.14,169.3 1 0
github.com/NVIDIA/OpenShell/sdk/go/openshell/v1/internal/converter/policy.go:170.2,172.3 1 1
github.com/NVIDIA/OpenShell/sdk/go/openshell/v1/internal/converter/policy.go:175.74,176.14 1 2
github.com/NVIDIA/OpenShell/sdk/go/openshell/v1/internal/converter/policy.go:176.14,178.3 1 1
github.com/NVIDIA/OpenShell/sdk/go/openshell/v1/internal/converter/policy.go:179.2,181.3 1 1
github.com/NVIDIA/OpenShell/sdk/go/openshell/v1/internal/converter/policy.go:184.73,185.14 1 1
github.com/NVIDIA/OpenShell/sdk/go/openshell/v1/internal/converter/policy.go:185.14,187.3 1 0
github.com/NVIDIA/OpenShell/sdk/go/openshell/v1/internal/converter/policy.go:188.2,191.3 1 1
github.com/NVIDIA/OpenShell/sdk/go/openshell/v1/internal/converter/policy.go:194.71,195.14 1 2
github.com/NVIDIA/OpenShell/sdk/go/openshell/v1/internal/converter/policy.go:195.14,197.3 1 1
github.com/NVIDIA/OpenShell/sdk/go/openshell/v1/internal/converter/policy.go:198.2,201.3 1 1
github.com/NVIDIA/OpenShell/sdk/go/openshell/v1/internal/converter/policy.go:207.95,208.14 1 0
github.com/NVIDIA/OpenShell/sdk/go/openshell/v1/internal/converter/policy.go:208.14,210.3 1 0
github.com/NVIDIA/OpenShell/sdk/go/openshell/v1/internal/converter/policy.go:211.2,219.3 1 0
github.com/NVIDIA/OpenShell/sdk/go/openshell/v1/internal/converter/policy.go:225.98,226.14 1 0
github.com/NVIDIA/OpenShell/sdk/go/openshell/v1/internal/converter/policy.go:226.14,228.3 1 0
github.com/NVIDIA/OpenShell/sdk/go/openshell/v1/internal/converter/policy.go:229.2,232.72 2 0
github.com/NVIDIA/OpenShell/sdk/go/openshell/v1/internal/converter/policy.go:232.72,234.3 1 0
github.com/NVIDIA/OpenShell/sdk/go/openshell/v1/internal/converter/policy.go:235.2,235.15 1 0
github.com/NVIDIA/OpenShell/sdk/go/openshell/v1/internal/converter/policy.go:241.83,242.14 1 0
github.com/NVIDIA/OpenShell/sdk/go/openshell/v1/internal/converter/policy.go:242.14,244.3 1 0
github.com/NVIDIA/OpenShell/sdk/go/openshell/v1/internal/converter/policy.go:245.2,248.3 1 0
github.com/NVIDIA/OpenShell/sdk/go/openshell/v1/internal/converter/policy.go:254.93,255.14 1 0
github.com/NVIDIA/OpenShell/sdk/go/openshell/v1/internal/converter/policy.go:255.14,257.3 1 0
github.com/NVIDIA/OpenShell/sdk/go/openshell/v1/internal/converter/policy.go:258.2,263.3 1 0
github.com/NVIDIA/OpenShell/sdk/go/openshell/v1/internal/converter/policy.go:269.74,270.14 1 0
github.com/NVIDIA/OpenShell/sdk/go/openshell/v1/internal/converter/policy.go:270.14,272.3 1 0
github.com/NVIDIA/OpenShell/sdk/go/openshell/v1/internal/converter/policy.go:273.2,276.3 1 0
github.com/NVIDIA/OpenShell/sdk/go/openshell/v1/internal/converter/policy.go:282.78,283.14 1 0
github.com/NVIDIA/OpenShell/sdk/go/openshell/v1/internal/converter/policy.go:283.14,285.3 1 0
github.com/NVIDIA/OpenShell/sdk/go/openshell/v1/internal/converter/policy.go:286.2,288.3 1 0
github.com/NVIDIA/OpenShell/sdk/go/openshell/v1/internal/converter/policy.go:294.83,295.14 1 0
github.com/NVIDIA/OpenShell/sdk/go/openshell/v1/internal/converter/policy.go:295.14,297.3 1 0
github.com/NVIDIA/OpenShell/sdk/go/openshell/v1/internal/converter/policy.go:298.2,303.3 1 0
github.com/NVIDIA/OpenShell/sdk/go/openshell/v1/internal/converter/provider.go:14.56,15.14 1 5
github.com/NVIDIA/OpenShell/sdk/go/openshell/v1/internal/converter/provider.go:15.14,17.3 1 1
github.com/NVIDIA/OpenShell/sdk/go/openshell/v1/internal/converter/provider.go:19.2,27.36 2 4
github.com/NVIDIA/OpenShell/sdk/go/openshell/v1/internal/converter/provider.go:27.36,36.3 8 2
github.com/NVIDIA/OpenShell/sdk/go/openshell/v1/internal/converter/provider.go:38.2,38.63 1 4
github.com/NVIDIA/OpenShell/sdk/go/openshell/v1/internal/converter/provider.go:38.63,40.30 2 1
github.com/NVIDIA/OpenShell/sdk/go/openshell/v1/internal/converter/provider.go:40.30,42.4 1 1
github.com/NVIDIA/OpenShell/sdk/go/openshell/v1/internal/converter/provider.go:45.2,45.59 1 4
github.com/NVIDIA/OpenShell/sdk/go/openshell/v1/internal/converter/provider.go:45.59,47.29 2 2
github.com/NVIDIA/OpenShell/sdk/go/openshell/v1/internal/converter/provider.go:47.29,53.4 1 2
github.com/NVIDIA/OpenShell/sdk/go/openshell/v1/internal/converter/provider.go:56.2,56.15 1 4
github.com/NVIDIA/OpenShell/sdk/go/openshell/v1/internal/converter/provider.go:60.54,61.14 1 3
github.com/NVIDIA/OpenShell/sdk/go/openshell/v1/internal/converter/provider.go:61.14,63.3 1 1
github.com/NVIDIA/OpenShell/sdk/go/openshell/v1/internal/converter/provider.go:65.2,82.41 2 2
github.com/NVIDIA/OpenShell/sdk/go/openshell/v1/internal/converter/provider.go:82.41,84.48 2 1
github.com/NVIDIA/OpenShell/sdk/go/openshell/v1/internal/converter/provider.go:84.48,86.4 1 1
github.com/NVIDIA/OpenShell/sdk/go/openshell/v1/internal/converter/provider.go:89.2,89.39 1 2
github.com/NVIDIA/OpenShell/sdk/go/openshell/v1/internal/converter/provider.go:89.39,91.46 2 2
github.com/NVIDIA/OpenShell/sdk/go/openshell/v1/internal/converter/provider.go:91.46,97.4 1 2
github.com/NVIDIA/OpenShell/sdk/go/openshell/v1/internal/converter/provider.go:100.2,100.15 1 2
github.com/NVIDIA/OpenShell/sdk/go/openshell/v1/internal/converter/sandbox.go:15.53,16.14 1 4
github.com/NVIDIA/OpenShell/sdk/go/openshell/v1/internal/converter/sandbox.go:16.14,18.3 1 1
github.com/NVIDIA/OpenShell/sdk/go/openshell/v1/internal/converter/sandbox.go:20.2,22.36 2 3
github.com/NVIDIA/OpenShell/sdk/go/openshell/v1/internal/converter/sandbox.go:22.36,31.3 8 2
github.com/NVIDIA/OpenShell/sdk/go/openshell/v1/internal/converter/sandbox.go:33.2,33.38 1 3
github.com/NVIDIA/OpenShell/sdk/go/openshell/v1/internal/converter/sandbox.go:33.38,35.3 1 2
github.com/NVIDIA/OpenShell/sdk/go/openshell/v1/internal/converter/sandbox.go:37.2,37.44 1 3
github.com/NVIDIA/OpenShell/sdk/go/openshell/v1/internal/converter/sandbox.go:37.44,39.3 1 1
github.com/NVIDIA/OpenShell/sdk/go/openshell/v1/internal/converter/sandbox.go:39.8,41.3 1 2
github.com/NVIDIA/OpenShell/sdk/go/openshell/v1/internal/converter/sandbox.go:43.2,43.15 1 3
github.com/NVIDIA/OpenShell/sdk/go/openshell/v1/internal/converter/sandbox.go:46.67,54.45 2 2
github.com/NVIDIA/OpenShell/sdk/go/openshell/v1/internal/converter/sandbox.go:54.45,66.3 1 2
github.com/NVIDIA/OpenShell/sdk/go/openshell/v1/internal/converter/sandbox.go:68.2,68.53 1 2
github.com/NVIDIA/OpenShell/sdk/go/openshell/v1/internal/converter/sandbox.go:68.53,69.57 1 2
github.com/NVIDIA/OpenShell/sdk/go/openshell/v1/internal/converter/sandbox.go:69.57,71.4 1 2
github.com/NVIDIA/OpenShell/sdk/go/openshell/v1/internal/converter/sandbox.go:74.2,74.15 1 2
github.com/NVIDIA/OpenShell/sdk/go/openshell/v1/internal/converter/sandbox.go:77.75,87.43 2 1
github.com/NVIDIA/OpenShell/sdk/go/openshell/v1/internal/converter/sandbox.go:87.43,95.3 1 1
github.com/NVIDIA/OpenShell/sdk/go/openshell/v1/internal/converter/sandbox.go:97.2,97.15 1 1
github.com/NVIDIA/OpenShell/sdk/go/openshell/v1/internal/converter/sandbox.go:101.70,102.15 1 8
github.com/NVIDIA/OpenShell/sdk/go/openshell/v1/internal/converter/sandbox.go:103.50,104.35 1 1
github.com/NVIDIA/OpenShell/sdk/go/openshell/v1/internal/converter/sandbox.go:105.43,106.28 1 2
github.com/NVIDIA/OpenShell/sdk/go/openshell/v1/internal/converter/sandbox.go:107.43,108.28 1 1
github.com/NVIDIA/OpenShell/sdk/go/openshell/v1/internal/converter/sandbox.go:109.46,110.31 1 1
github.com/NVIDIA/OpenShell/sdk/go/openshell/v1/internal/converter/sandbox.go:111.45,112.30 1 1
github.com/NVIDIA/OpenShell/sdk/go/openshell/v1/internal/converter/sandbox.go:113.10,114.30 1 2
github.com/NVIDIA/OpenShell/sdk/go/openshell/v1/internal/converter/sandbox.go:119.68,120.15 1 6
github.com/NVIDIA/OpenShell/sdk/go/openshell/v1/internal/converter/sandbox.go:121.33,122.52 1 1
github.com/NVIDIA/OpenShell/sdk/go/openshell/v1/internal/converter/sandbox.go:123.26,124.45 1 1
github.com/NVIDIA/OpenShell/sdk/go/openshell/v1/internal/converter/sandbox.go:125.26,126.45 1 1
github.com/NVIDIA/OpenShell/sdk/go/openshell/v1/internal/converter/sandbox.go:127.29,128.48 1 1
github.com/NVIDIA/OpenShell/sdk/go/openshell/v1/internal/converter/sandbox.go:129.28,130.47 1 1
github.com/NVIDIA/OpenShell/sdk/go/openshell/v1/internal/converter/sandbox.go:131.10,132.47 1 1
github.com/NVIDIA/OpenShell/sdk/go/openshell/v1/internal/converter/sandbox.go:137.60,138.14 1 4
github.com/NVIDIA/OpenShell/sdk/go/openshell/v1/internal/converter/sandbox.go:138.14,140.3 1 1
github.com/NVIDIA/OpenShell/sdk/go/openshell/v1/internal/converter/sandbox.go:142.2,143.16 2 3
github.com/NVIDIA/OpenShell/sdk/go/openshell/v1/internal/converter/sandbox.go:143.16,145.3 1 0
github.com/NVIDIA/OpenShell/sdk/go/openshell/v1/internal/converter/sandbox.go:147.2,159.8 1 3
github.com/NVIDIA/OpenShell/sdk/go/openshell/v1/internal/converter/sandbox.go:163.75,164.17 1 6
github.com/NVIDIA/OpenShell/sdk/go/openshell/v1/internal/converter/sandbox.go:164.17,166.3 1 1
github.com/NVIDIA/OpenShell/sdk/go/openshell/v1/internal/converter/sandbox.go:168.2,175.26 2 5
github.com/NVIDIA/OpenShell/sdk/go/openshell/v1/internal/converter/sandbox.go:175.26,177.17 2 4
github.com/NVIDIA/OpenShell/sdk/go/openshell/v1/internal/converter/sandbox.go:177.17,179.4 1 1
github.com/NVIDIA/OpenShell/sdk/go/openshell/v1/internal/converter/sandbox.go:180.3,181.17 2 3
github.com/NVIDIA/OpenShell/sdk/go/openshell/v1/internal/converter/sandbox.go:181.17,183.4 1 0
github.com/NVIDIA/OpenShell/sdk/go/openshell/v1/internal/converter/sandbox.go:184.3,194.4 1 3
github.com/NVIDIA/OpenShell/sdk/go/openshell/v1/internal/converter/sandbox.go:197.2,197.26 1 4
github.com/NVIDIA/OpenShell/sdk/go/openshell/v1/internal/converter/sandbox.go:197.26,203.3 1 3
github.com/NVIDIA/OpenShell/sdk/go/openshell/v1/internal/converter/sandbox.go:205.2,205.20 1 4
github.com/NVIDIA/OpenShell/sdk/go/openshell/v1/internal/converter/time.go:10.41,11.13 1 12
github.com/NVIDIA/OpenShell/sdk/go/openshell/v1/internal/converter/time.go:11.13,13.3 1 2
github.com/NVIDIA/OpenShell/sdk/go/openshell/v1/internal/converter/time.go:14.2,14.33 1 10
github.com/NVIDIA/OpenShell/sdk/go/openshell/v1/internal/converter/time.go:19.40,20.16 1 9
github.com/NVIDIA/OpenShell/sdk/go/openshell/v1/internal/converter/time.go:20.16,22.3 1 4
github.com/NVIDIA/OpenShell/sdk/go/openshell/v1/internal/converter/time.go:23.2,23.22 1 5
github.com/NVIDIA/OpenShell/sdk/go/openshell/v1/internal/converter/time.go:28.45,29.13 1 7
github.com/NVIDIA/OpenShell/sdk/go/openshell/v1/internal/converter/time.go:29.13,31.3 1 3
github.com/NVIDIA/OpenShell/sdk/go/openshell/v1/internal/converter/time.go:32.2,33.11 2 4
github.com/NVIDIA/OpenShell/sdk/go/openshell/v1/internal/converter/time.go:38.44,39.14 1 8
github.com/NVIDIA/OpenShell/sdk/go/openshell/v1/internal/converter/time.go:39.14,41.3 1 4
github.com/NVIDIA/OpenShell/sdk/go/openshell/v1/internal/converter/time.go:42.2,42.22 1 4
github.com/NVIDIA/OpenShell/sdk/go/openshell/v1/internal/grpc/conn.go:31.117,33.43 2 0
github.com/NVIDIA/OpenShell/sdk/go/openshell/v1/internal/grpc/conn.go:33.43,36.3 2 0
github.com/NVIDIA/OpenShell/sdk/go/openshell/v1/internal/grpc/conn.go:36.8,38.3 1 0
github.com/NVIDIA/OpenShell/sdk/go/openshell/v1/internal/grpc/conn.go:39.2,41.18 2 0
github.com/NVIDIA/OpenShell/sdk/go/openshell/v1/internal/grpc/conn.go:41.18,43.3 1 0
github.com/NVIDIA/OpenShell/sdk/go/openshell/v1/internal/grpc/conn.go:43.8,43.26 1 0
github.com/NVIDIA/OpenShell/sdk/go/openshell/v1/internal/grpc/conn.go:43.26,45.17 2 0
github.com/NVIDIA/OpenShell/sdk/go/openshell/v1/internal/grpc/conn.go:45.17,47.4 1 0
github.com/NVIDIA/OpenShell/sdk/go/openshell/v1/internal/grpc/conn.go:48.3,48.60 1 0
github.com/NVIDIA/OpenShell/sdk/go/openshell/v1/internal/grpc/conn.go:49.8,51.3 1 0
github.com/NVIDIA/OpenShell/sdk/go/openshell/v1/internal/grpc/conn.go:53.2,53.17 1 0
github.com/NVIDIA/OpenShell/sdk/go/openshell/v1/internal/grpc/conn.go:53.17,54.54 1 0
github.com/NVIDIA/OpenShell/sdk/go/openshell/v1/internal/grpc/conn.go:54.54,56.4 1 0
github.com/NVIDIA/OpenShell/sdk/go/openshell/v1/internal/grpc/conn.go:57.3,57.56 1 0
github.com/NVIDIA/OpenShell/sdk/go/openshell/v1/internal/grpc/conn.go:60.2,61.16 2 0
github.com/NVIDIA/OpenShell/sdk/go/openshell/v1/internal/grpc/conn.go:61.16,63.3 1 0
github.com/NVIDIA/OpenShell/sdk/go/openshell/v1/internal/grpc/conn.go:64.2,64.18 1 0
github.com/NVIDIA/OpenShell/sdk/go/openshell/v1/internal/grpc/conn.go:67.84,73.22 2 0
github.com/NVIDIA/OpenShell/sdk/go/openshell/v1/internal/grpc/conn.go:73.22,75.17 2 0
github.com/NVIDIA/OpenShell/sdk/go/openshell/v1/internal/grpc/conn.go:75.17,77.4 1 0
github.com/NVIDIA/OpenShell/sdk/go/openshell/v1/internal/grpc/conn.go:78.3,79.39 2 0
github.com/NVIDIA/OpenShell/sdk/go/openshell/v1/internal/grpc/conn.go:79.39,81.4 1 0
github.com/NVIDIA/OpenShell/sdk/go/openshell/v1/internal/grpc/conn.go:82.3,82.27 1 0
github.com/NVIDIA/OpenShell/sdk/go/openshell/v1/internal/grpc/conn.go:85.2,85.45 1 0
github.com/NVIDIA/OpenShell/sdk/go/openshell/v1/internal/grpc/conn.go:85.45,87.17 2 0
github.com/NVIDIA/OpenShell/sdk/go/openshell/v1/internal/grpc/conn.go:87.17,89.4 1 0
github.com/NVIDIA/OpenShell/sdk/go/openshell/v1/internal/grpc/conn.go:90.3,90.51 1 0
github.com/NVIDIA/OpenShell/sdk/go/openshell/v1/internal/grpc/conn.go:91.8,91.52 1 0
github.com/NVIDIA/OpenShell/sdk/go/openshell/v1/internal/grpc/conn.go:91.52,93.3 1 0
github.com/NVIDIA/OpenShell/sdk/go/openshell/v1/internal/grpc/conn.go:95.2,95.43 1 0
github.com/NVIDIA/OpenShell/sdk/go/openshell/v1/types/errors.go:30.36,31.11 1 0
github.com/NVIDIA/OpenShell/sdk/go/openshell/v1/types/errors.go:32.21,33.20 1 0
github.com/NVIDIA/OpenShell/sdk/go/openshell/v1/types/errors.go:34.26,35.25 1 0
github.com/NVIDIA/OpenShell/sdk/go/openshell/v1/types/errors.go:36.24,37.23 1 0
github.com/NVIDIA/OpenShell/sdk/go/openshell/v1/types/errors.go:38.29,39.28 1 0
github.com/NVIDIA/OpenShell/sdk/go/openshell/v1/types/errors.go:40.28,41.27 1 0
github.com/NVIDIA/OpenShell/sdk/go/openshell/v1/types/errors.go:42.29,43.28 1 0
github.com/NVIDIA/OpenShell/sdk/go/openshell/v1/types/errors.go:44.22,45.21 1 0
github.com/NVIDIA/OpenShell/sdk/go/openshell/v1/types/errors.go:46.21,47.20 1 0
github.com/NVIDIA/OpenShell/sdk/go/openshell/v1/types/errors.go:48.26,49.25 1 0
github.com/NVIDIA/OpenShell/sdk/go/openshell/v1/types/errors.go:50.21,51.20 1 0
github.com/NVIDIA/OpenShell/sdk/go/openshell/v1/types/errors.go:52.28,53.27 1 0
github.com/NVIDIA/OpenShell/sdk/go/openshell/v1/types/errors.go:54.10,55.44 1 0
github.com/NVIDIA/OpenShell/sdk/go/openshell/v1/types/errors.go:66.38,68.2 1 0
github.com/NVIDIA/OpenShell/sdk/go/openshell/v1/types/errors.go:70.38,72.2 1 0
github.com/NVIDIA/OpenShell/sdk/go/openshell/v1/types/errors.go:75.33,77.2 1 1
github.com/NVIDIA/OpenShell/sdk/go/openshell/v1/types/errors.go:80.38,82.2 1 1
github.com/NVIDIA/OpenShell/sdk/go/openshell/v1/types/errors.go:85.36,87.2 1 1
github.com/NVIDIA/OpenShell/sdk/go/openshell/v1/types/errors.go:90.41,92.2 1 1
github.com/NVIDIA/OpenShell/sdk/go/openshell/v1/types/errors.go:95.40,97.2 1 1
github.com/NVIDIA/OpenShell/sdk/go/openshell/v1/types/errors.go:100.41,102.2 1 1
github.com/NVIDIA/OpenShell/sdk/go/openshell/v1/types/errors.go:105.34,107.2 1 1
github.com/NVIDIA/OpenShell/sdk/go/openshell/v1/types/errors.go:110.38,112.2 1 0
github.com/NVIDIA/OpenShell/sdk/go/openshell/v1/types/errors.go:116.33,118.2 1 1
github.com/NVIDIA/OpenShell/sdk/go/openshell/v1/types/errors.go:121.40,123.2 1 0
github.com/NVIDIA/OpenShell/sdk/go/openshell/v1/types/errors.go:125.46,126.16 1 8
github.com/NVIDIA/OpenShell/sdk/go/openshell/v1/types/errors.go:126.16,128.3 1 0
github.com/NVIDIA/OpenShell/sdk/go/openshell/v1/types/errors.go:129.2,130.25 2 8
github.com/NVIDIA/OpenShell/sdk/go/openshell/v1/types/errors.go:130.25,132.3 1 8
github.com/NVIDIA/OpenShell/sdk/go/openshell/v1/types/errors.go:133.2,133.14 1 0
github.com/NVIDIA/OpenShell/sdk/go/openshell/v1/types/log.go:44.39,45.28 1 0
github.com/NVIDIA/OpenShell/sdk/go/openshell/v1/types/log.go:45.28,47.3 1 0
github.com/NVIDIA/OpenShell/sdk/go/openshell/v1/types/log.go:51.42,52.28 1 0
github.com/NVIDIA/OpenShell/sdk/go/openshell/v1/types/log.go:52.28,54.3 1 0
github.com/NVIDIA/OpenShell/sdk/go/openshell/v1/types/log.go:58.50,59.28 1 0
github.com/NVIDIA/OpenShell/sdk/go/openshell/v1/types/log.go:59.28,61.3 1 0
github.com/NVIDIA/OpenShell/sdk/go/openshell/v1/types/log.go:65.46,66.28 1 0
github.com/NVIDIA/OpenShell/sdk/go/openshell/v1/types/log.go:66.28,68.3 1 0
github.com/NVIDIA/OpenShell/sdk/go/openshell/v1/types/log.go:72.50,74.27 2 0
github.com/NVIDIA/OpenShell/sdk/go/openshell/v1/types/log.go:74.27,76.3 1 0
github.com/NVIDIA/OpenShell/sdk/go/openshell/v1/types/log.go:77.2,77.12 1 0
github.com/NVIDIA/OpenShell/sdk/go/openshell/v1/types/log.go:81.36,83.2 1 0
github.com/NVIDIA/OpenShell/sdk/go/openshell/v1/types/log.go:86.39,88.2 1 0
github.com/NVIDIA/OpenShell/sdk/go/openshell/v1/types/log.go:91.40,93.2 1 0
github.com/NVIDIA/OpenShell/sdk/go/openshell/v1/types/log.go:96.39,98.2 1 0
github.com/NVIDIA/OpenShell/sdk/go/openshell/v1/types/policy.go:25.43,26.11 1 0
github.com/NVIDIA/OpenShell/sdk/go/openshell/v1/types/policy.go:27.35,28.23 1 0
github.com/NVIDIA/OpenShell/sdk/go/openshell/v1/types/policy.go:29.31,30.19 1 0
github.com/NVIDIA/OpenShell/sdk/go/openshell/v1/types/policy.go:31.30,32.18 1 0
github.com/NVIDIA/OpenShell/sdk/go/openshell/v1/types/policy.go:33.30,34.18 1 0
github.com/NVIDIA/OpenShell/sdk/go/openshell/v1/types/policy.go:35.34,36.22 1 0
github.com/NVIDIA/OpenShell/sdk/go/openshell/v1/types/policy.go:37.10,38.19 1 0
github.com/NVIDIA/OpenShell/sdk/go/openshell/v1/types/policy.go:223.53,224.33 1 0
github.com/NVIDIA/OpenShell/sdk/go/openshell/v1/types/policy.go:224.33,226.3 1 0
github.com/NVIDIA/OpenShell/sdk/go/openshell/v1/types/policy.go:230.65,232.27 2 0
github.com/NVIDIA/OpenShell/sdk/go/openshell/v1/types/policy.go:232.27,234.3 1 0
github.com/NVIDIA/OpenShell/sdk/go/openshell/v1/types/policy.go:235.2,235.12 1 0
github.com/NVIDIA/OpenShell/sdk/go/openshell/v1/types/policy.go:239.48,241.2 1 0
github.com/NVIDIA/OpenShell/sdk/go/openshell/v1/types/policy.go:252.52,253.35 1 0
github.com/NVIDIA/OpenShell/sdk/go/openshell/v1/types/policy.go:253.35,255.3 1 0
github.com/NVIDIA/OpenShell/sdk/go/openshell/v1/types/policy.go:259.71,261.27 2 0
github.com/NVIDIA/OpenShell/sdk/go/openshell/v1/types/policy.go:261.27,263.3 1 0
github.com/NVIDIA/OpenShell/sdk/go/openshell/v1/types/policy.go:264.2,264.12 1 0
github.com/NVIDIA/OpenShell/sdk/go/openshell/v1/types/policy.go:268.58,270.2 1 0
github.com/NVIDIA/OpenShell/sdk/go/openshell/v1/types/policy.go:281.50,282.34 1 0
github.com/NVIDIA/OpenShell/sdk/go/openshell/v1/types/policy.go:282.34,284.3 1 0
github.com/NVIDIA/OpenShell/sdk/go/openshell/v1/types/policy.go:288.68,290.27 2 0
github.com/NVIDIA/OpenShell/sdk/go/openshell/v1/types/policy.go:290.27,292.3 1 0
github.com/NVIDIA/OpenShell/sdk/go/openshell/v1/types/policy.go:293.2,293.12 1 0
github.com/NVIDIA/OpenShell/sdk/go/openshell/v1/types/policy.go:297.44,299.2 1 0
github.com/NVIDIA/OpenShell/sdk/go/openshell/v1/types/policy.go:311.47,312.35 1 0
github.com/NVIDIA/OpenShell/sdk/go/openshell/v1/types/policy.go:312.35,314.3 1 0
github.com/NVIDIA/OpenShell/sdk/go/openshell/v1/types/policy.go:318.49,319.35 1 0
github.com/NVIDIA/OpenShell/sdk/go/openshell/v1/types/policy.go:319.35,321.3 1 0
github.com/NVIDIA/OpenShell/sdk/go/openshell/v1/types/policy.go:325.71,327.27 2 0
github.com/NVIDIA/OpenShell/sdk/go/openshell/v1/types/policy.go:327.27,329.3 1 0
github.com/NVIDIA/OpenShell/sdk/go/openshell/v1/types/policy.go:330.2,330.12 1 0
github.com/NVIDIA/OpenShell/sdk/go/openshell/v1/types/policy.go:334.43,336.2 1 0
github.com/NVIDIA/OpenShell/sdk/go/openshell/v1/types/policy.go:339.44,341.2 1 0
github.com/NVIDIA/OpenShell/sdk/go/openshell/v1/types/ssh.go:31.37,34.2 1 0
github.com/NVIDIA/OpenShell/sdk/go/openshell/v1/auth.go:19.28,21.2 1 11
github.com/NVIDIA/OpenShell/sdk/go/openshell/v1/auth.go:23.96,25.2 1 3
github.com/NVIDIA/OpenShell/sdk/go/openshell/v1/auth.go:27.50,29.2 1 2
github.com/NVIDIA/OpenShell/sdk/go/openshell/v1/auth.go:36.45,38.2 1 7
github.com/NVIDIA/OpenShell/sdk/go/openshell/v1/auth.go:40.101,44.2 1 5
github.com/NVIDIA/OpenShell/sdk/go/openshell/v1/auth.go:46.55,48.2 1 2
github.com/NVIDIA/OpenShell/sdk/go/openshell/v1/auth_extra.go:30.91,31.17 1 13
github.com/NVIDIA/OpenShell/sdk/go/openshell/v1/auth_extra.go:31.17,33.3 1 1
github.com/NVIDIA/OpenShell/sdk/go/openshell/v1/auth_extra.go:34.2,34.23 1 12
github.com/NVIDIA/OpenShell/sdk/go/openshell/v1/auth_extra.go:34.23,36.3 1 2
github.com/NVIDIA/OpenShell/sdk/go/openshell/v1/auth_extra.go:39.2,40.28 2 10
github.com/NVIDIA/OpenShell/sdk/go/openshell/v1/auth_extra.go:40.28,41.14 1 12
github.com/NVIDIA/OpenShell/sdk/go/openshell/v1/auth_extra.go:41.14,42.12 1 2
github.com/NVIDIA/OpenShell/sdk/go/openshell/v1/auth_extra.go:44.3,44.37 1 10
github.com/NVIDIA/OpenShell/sdk/go/openshell/v1/auth_extra.go:47.2,47.26 1 10
github.com/NVIDIA/OpenShell/sdk/go/openshell/v1/auth_extra.go:47.26,49.3 1 1
github.com/NVIDIA/OpenShell/sdk/go/openshell/v1/auth_extra.go:51.2,54.8 1 9
github.com/NVIDIA/OpenShell/sdk/go/openshell/v1/auth_extra.go:59.110,61.16 2 7
github.com/NVIDIA/OpenShell/sdk/go/openshell/v1/auth_extra.go:61.16,63.3 1 1
github.com/NVIDIA/OpenShell/sdk/go/openshell/v1/auth_extra.go:67.2,68.27 2 6
github.com/NVIDIA/OpenShell/sdk/go/openshell/v1/auth_extra.go:68.27,70.3 1 4
github.com/NVIDIA/OpenShell/sdk/go/openshell/v1/auth_extra.go:72.2,74.20 2 6
github.com/NVIDIA/OpenShell/sdk/go/openshell/v1/auth_extra.go:78.60,80.2 1 2
github.com/NVIDIA/OpenShell/sdk/go/openshell/v1/auth_refresh.go:29.43,33.2 1 13
github.com/NVIDIA/OpenShell/sdk/go/openshell/v1/auth_refresh.go:37.48,38.32 1 5
github.com/NVIDIA/OpenShell/sdk/go/openshell/v1/auth_refresh.go:38.32,39.12 1 5
github.com/NVIDIA/OpenShell/sdk/go/openshell/v1/auth_refresh.go:39.12,41.4 1 0
github.com/NVIDIA/OpenShell/sdk/go/openshell/v1/auth_refresh.go:42.3,42.15 1 5
github.com/NVIDIA/OpenShell/sdk/go/openshell/v1/auth_refresh.go:48.47,49.32 1 1
github.com/NVIDIA/OpenShell/sdk/go/openshell/v1/auth_refresh.go:49.32,51.3 1 1
github.com/NVIDIA/OpenShell/sdk/go/openshell/v1/auth_refresh.go:62.47,63.18 1 1045
github.com/NVIDIA/OpenShell/sdk/go/openshell/v1/auth_refresh.go:63.18,65.3 1 23
github.com/NVIDIA/OpenShell/sdk/go/openshell/v1/auth_refresh.go:66.2,66.27 1 1022
github.com/NVIDIA/OpenShell/sdk/go/openshell/v1/auth_refresh.go:66.27,68.3 1 10
github.com/NVIDIA/OpenShell/sdk/go/openshell/v1/auth_refresh.go:69.2,69.55 1 1012
github.com/NVIDIA/OpenShell/sdk/go/openshell/v1/auth_refresh.go:72.105,75.22 2 1027
github.com/NVIDIA/OpenShell/sdk/go/openshell/v1/auth_refresh.go:75.22,79.3 3 1009
github.com/NVIDIA/OpenShell/sdk/go/openshell/v1/auth_refresh.go:80.2,86.22 4 18
github.com/NVIDIA/OpenShell/sdk/go/openshell/v1/auth_refresh.go:86.22,88.3 1 1
github.com/NVIDIA/OpenShell/sdk/go/openshell/v1/auth_refresh.go:90.2,91.16 2 17
github.com/NVIDIA/OpenShell/sdk/go/openshell/v1/auth_refresh.go:91.16,92.19 1 4
github.com/NVIDIA/OpenShell/sdk/go/openshell/v1/auth_refresh.go:92.19,93.23 1 3
github.com/NVIDIA/OpenShell/sdk/go/openshell/v1/auth_refresh.go:93.23,95.5 1 1
github.com/NVIDIA/OpenShell/sdk/go/openshell/v1/auth_refresh.go:96.4,96.81 1 3
github.com/NVIDIA/OpenShell/sdk/go/openshell/v1/auth_refresh.go:98.3,98.18 1 1
github.com/NVIDIA/OpenShell/sdk/go/openshell/v1/auth_refresh.go:101.2,101.19 1 13
github.com/NVIDIA/OpenShell/sdk/go/openshell/v1/auth_refresh.go:101.19,102.19 1 0
github.com/NVIDIA/OpenShell/sdk/go/openshell/v1/auth_refresh.go:102.19,103.23 1 0
github.com/NVIDIA/OpenShell/sdk/go/openshell/v1/auth_refresh.go:103.23,105.5 1 0
github.com/NVIDIA/OpenShell/sdk/go/openshell/v1/auth_refresh.go:106.4,106.81 1 0
github.com/NVIDIA/OpenShell/sdk/go/openshell/v1/auth_refresh.go:108.3,108.71 1 0
github.com/NVIDIA/OpenShell/sdk/go/openshell/v1/auth_refresh.go:111.2,112.79 2 13
github.com/NVIDIA/OpenShell/sdk/go/openshell/v1/auth_refresh.go:115.59,117.2 1 1
github.com/NVIDIA/OpenShell/sdk/go/openshell/v1/auth_refresh.go:122.92,123.16 1 14
github.com/NVIDIA/OpenShell/sdk/go/openshell/v1/auth_refresh.go:123.16,125.3 1 1
github.com/NVIDIA/OpenShell/sdk/go/openshell/v1/auth_refresh.go:127.2,128.25 2 13
github.com/NVIDIA/OpenShell/sdk/go/openshell/v1/auth_refresh.go:128.25,130.3 1 6
github.com/NVIDIA/OpenShell/sdk/go/openshell/v1/auth_refresh.go:132.2,136.8 1 13
github.com/NVIDIA/OpenShell/sdk/go/openshell/v1/client.go:63.45,64.23 1 4
github.com/NVIDIA/OpenShell/sdk/go/openshell/v1/client.go:64.23,66.3 1 1
github.com/NVIDIA/OpenShell/sdk/go/openshell/v1/client.go:68.2,68.21 1 3
github.com/NVIDIA/OpenShell/sdk/go/openshell/v1/client.go:68.21,70.3 1 1
github.com/NVIDIA/OpenShell/sdk/go/openshell/v1/client.go:72.2,73.20 2 3
github.com/NVIDIA/OpenShell/sdk/go/openshell/v1/client.go:73.20,80.3 1 3
github.com/NVIDIA/OpenShell/sdk/go/openshell/v1/client.go:82.2,83.16 2 3
github.com/NVIDIA/OpenShell/sdk/go/openshell/v1/client.go:83.16,85.3 1 0
github.com/NVIDIA/OpenShell/sdk/go/openshell/v1/client.go:87.2,103.15 12 3
github.com/NVIDIA/OpenShell/sdk/go/openshell/v1/client.go:107.47,107.69 1 1
github.com/NVIDIA/OpenShell/sdk/go/openshell/v1/client.go:110.48,110.70 1 1
github.com/NVIDIA/OpenShell/sdk/go/openshell/v1/client.go:113.46,113.67 1 0
github.com/NVIDIA/OpenShell/sdk/go/openshell/v1/client.go:116.39,116.56 1 1
github.com/NVIDIA/OpenShell/sdk/go/openshell/v1/client.go:119.40,119.58 1 1
github.com/NVIDIA/OpenShell/sdk/go/openshell/v1/client.go:122.43,122.62 1 1
github.com/NVIDIA/OpenShell/sdk/go/openshell/v1/client.go:125.37,125.53 1 0
github.com/NVIDIA/OpenShell/sdk/go/openshell/v1/client.go:128.37,128.53 1 0
github.com/NVIDIA/OpenShell/sdk/go/openshell/v1/client.go:131.43,131.59 1 0
github.com/NVIDIA/OpenShell/sdk/go/openshell/v1/client.go:134.43,134.62 1 0
github.com/NVIDIA/OpenShell/sdk/go/openshell/v1/client.go:137.32,138.24 1 4
github.com/NVIDIA/OpenShell/sdk/go/openshell/v1/client.go:138.24,140.3 1 3
github.com/NVIDIA/OpenShell/sdk/go/openshell/v1/client.go:141.2,141.19 1 4
github.com/NVIDIA/OpenShell/sdk/go/openshell/v1/errors.go:32.33,32.65 1 13
github.com/NVIDIA/OpenShell/sdk/go/openshell/v1/errors.go:35.38,35.75 1 4
github.com/NVIDIA/OpenShell/sdk/go/openshell/v1/errors.go:38.36,38.71 1 6
github.com/NVIDIA/OpenShell/sdk/go/openshell/v1/errors.go:41.41,41.81 1 2
github.com/NVIDIA/OpenShell/sdk/go/openshell/v1/errors.go:44.40,44.79 1 4
github.com/NVIDIA/OpenShell/sdk/go/openshell/v1/errors.go:47.41,47.81 1 3
github.com/NVIDIA/OpenShell/sdk/go/openshell/v1/errors.go:50.34,50.67 1 3
github.com/NVIDIA/OpenShell/sdk/go/openshell/v1/errors.go:53.38,53.75 1 0
github.com/NVIDIA/OpenShell/sdk/go/openshell/v1/errors.go:57.33,57.65 1 3
github.com/NVIDIA/OpenShell/sdk/go/openshell/v1/errors.go:60.40,60.79 1 0
github.com/NVIDIA/OpenShell/sdk/go/openshell/v1/grpc_errors.go:10.36,11.16 1 2
github.com/NVIDIA/OpenShell/sdk/go/openshell/v1/grpc_errors.go:11.16,13.3 1 0
github.com/NVIDIA/OpenShell/sdk/go/openshell/v1/grpc_errors.go:14.2,14.13 1 2
github.com/NVIDIA/OpenShell/sdk/go/openshell/v1/grpc_errors.go:15.32,16.85 1 1
github.com/NVIDIA/OpenShell/sdk/go/openshell/v1/grpc_errors.go:17.24,18.78 1 1
github.com/NVIDIA/OpenShell/sdk/go/openshell/v1/grpc_errors.go:19.10,20.77 1 0
github.com/NVIDIA/OpenShell/sdk/go/openshell/v1/sandbox_client.go:24.69,26.2 1 44
github.com/NVIDIA/OpenShell/sdk/go/openshell/v1/sandbox_client.go:28.140,30.16 2 2
github.com/NVIDIA/OpenShell/sdk/go/openshell/v1/sandbox_client.go:30.16,32.3 1 0
github.com/NVIDIA/OpenShell/sdk/go/openshell/v1/sandbox_client.go:33.2,39.16 2 2
github.com/NVIDIA/OpenShell/sdk/go/openshell/v1/sandbox_client.go:39.16,41.3 1 1
github.com/NVIDIA/OpenShell/sdk/go/openshell/v1/sandbox_client.go:42.2,42.59 1 1
github.com/NVIDIA/OpenShell/sdk/go/openshell/v1/sandbox_client.go:45.92,50.16 2 34
github.com/NVIDIA/OpenShell/sdk/go/openshell/v1/sandbox_client.go:50.16,52.3 1 4
github.com/NVIDIA/OpenShell/sdk/go/openshell/v1/sandbox_client.go:53.2,53.59 1 30
github.com/NVIDIA/OpenShell/sdk/go/openshell/v1/sandbox_client.go:56.110,60.19 2 3
github.com/NVIDIA/OpenShell/sdk/go/openshell/v1/sandbox_client.go:60.19,61.24 1 1
github.com/NVIDIA/OpenShell/sdk/go/openshell/v1/sandbox_client.go:61.24,63.4 1 1
github.com/NVIDIA/OpenShell/sdk/go/openshell/v1/sandbox_client.go:64.3,64.25 1 1
github.com/NVIDIA/OpenShell/sdk/go/openshell/v1/sandbox_client.go:64.25,66.4 1 0
github.com/NVIDIA/OpenShell/sdk/go/openshell/v1/sandbox_client.go:67.3,68.44 2 1
github.com/NVIDIA/OpenShell/sdk/go/openshell/v1/sandbox_client.go:71.2,72.16 2 3
github.com/NVIDIA/OpenShell/sdk/go/openshell/v1/sandbox_client.go:72.16,74.3 1 0
github.com/NVIDIA/OpenShell/sdk/go/openshell/v1/sandbox_client.go:76.2,77.44 2 3
github.com/NVIDIA/OpenShell/sdk/go/openshell/v1/sandbox_client.go:77.44,79.3 1 3
github.com/NVIDIA/OpenShell/sdk/go/openshell/v1/sandbox_client.go:80.2,80.23 1 3
github.com/NVIDIA/OpenShell/sdk/go/openshell/v1/sandbox_client.go:83.83,88.16 2 2
github.com/NVIDIA/OpenShell/sdk/go/openshell/v1/sandbox_client.go:88.16,90.3 1 1
github.com/NVIDIA/OpenShell/sdk/go/openshell/v1/sandbox_client.go:91.2,91.12 1 1
github.com/NVIDIA/OpenShell/sdk/go/openshell/v1/sandbox_client.go:94.169,101.16 2 3
github.com/NVIDIA/OpenShell/sdk/go/openshell/v1/sandbox_client.go:101.16,103.3 1 2
github.com/NVIDIA/OpenShell/sdk/go/openshell/v1/sandbox_client.go:104.2,107.8 1 1
github.com/NVIDIA/OpenShell/sdk/go/openshell/v1/sandbox_client.go:110.169,117.16 2 2
github.com/NVIDIA/OpenShell/sdk/go/openshell/v1/sandbox_client.go:117.16,119.3 1 1
github.com/NVIDIA/OpenShell/sdk/go/openshell/v1/sandbox_client.go:120.2,123.8 1 1
github.com/NVIDIA/OpenShell/sdk/go/openshell/v1/sandbox_client.go:126.112,131.16 2 3
github.com/NVIDIA/OpenShell/sdk/go/openshell/v1/sandbox_client.go:131.16,133.3 1 1
github.com/NVIDIA/OpenShell/sdk/go/openshell/v1/sandbox_client.go:135.2,136.44 2 2
github.com/NVIDIA/OpenShell/sdk/go/openshell/v1/sandbox_client.go:136.44,138.3 1 2
github.com/NVIDIA/OpenShell/sdk/go/openshell/v1/sandbox_client.go:139.2,139.23 1 2
github.com/NVIDIA/OpenShell/sdk/go/openshell/v1/sandbox_client.go:142.119,144.47 2 6
github.com/NVIDIA/OpenShell/sdk/go/openshell/v1/sandbox_client.go:144.47,146.3 1 3
github.com/NVIDIA/OpenShell/sdk/go/openshell/v1/sandbox_client.go:148.2,149.16 2 6
github.com/NVIDIA/OpenShell/sdk/go/openshell/v1/sandbox_client.go:149.16,151.3 1 1
github.com/NVIDIA/OpenShell/sdk/go/openshell/v1/sandbox_client.go:153.2,153.37 1 5
github.com/NVIDIA/OpenShell/sdk/go/openshell/v1/sandbox_client.go:153.37,155.3 1 1
github.com/NVIDIA/OpenShell/sdk/go/openshell/v1/sandbox_client.go:156.2,156.37 1 4
github.com/NVIDIA/OpenShell/sdk/go/openshell/v1/sandbox_client.go:156.37,158.3 1 1
github.com/NVIDIA/OpenShell/sdk/go/openshell/v1/sandbox_client.go:159.2,159.40 1 3
github.com/NVIDIA/OpenShell/sdk/go/openshell/v1/sandbox_client.go:159.40,161.3 1 0
github.com/NVIDIA/OpenShell/sdk/go/openshell/v1/sandbox_client.go:163.2,166.6 3 3
github.com/NVIDIA/OpenShell/sdk/go/openshell/v1/sandbox_client.go:166.6,167.10 1 11
github.com/NVIDIA/OpenShell/sdk/go/openshell/v1/sandbox_client.go:168.21,169.39 1 2
github.com/NVIDIA/OpenShell/sdk/go/openshell/v1/sandbox_client.go:170.19,172.18 2 9
github.com/NVIDIA/OpenShell/sdk/go/openshell/v1/sandbox_client.go:172.18,174.5 1 0
github.com/NVIDIA/OpenShell/sdk/go/openshell/v1/sandbox_client.go:175.4,175.39 1 9
github.com/NVIDIA/OpenShell/sdk/go/openshell/v1/sandbox_client.go:175.39,177.5 1 1
github.com/NVIDIA/OpenShell/sdk/go/openshell/v1/sandbox_client.go:178.4,178.39 1 8
github.com/NVIDIA/OpenShell/sdk/go/openshell/v1/sandbox_client.go:178.39,180.5 1 0
github.com/NVIDIA/OpenShell/sdk/go/openshell/v1/sandbox_client.go:181.4,181.42 1 8
github.com/NVIDIA/OpenShell/sdk/go/openshell/v1/sandbox_client.go:181.42,183.5 1 0
github.com/NVIDIA/OpenShell/sdk/go/openshell/v1/sandbox_client.go:188.132,189.16 1 12
github.com/NVIDIA/OpenShell/sdk/go/openshell/v1/sandbox_client.go:189.16,191.3 1 1
github.com/NVIDIA/OpenShell/sdk/go/openshell/v1/sandbox_client.go:193.2,194.19 2 11
github.com/NVIDIA/OpenShell/sdk/go/openshell/v1/sandbox_client.go:194.19,196.3 1 2
github.com/NVIDIA/OpenShell/sdk/go/openshell/v1/sandbox_client.go:199.2,200.16 2 11
github.com/NVIDIA/OpenShell/sdk/go/openshell/v1/sandbox_client.go:200.16,202.3 1 1
github.com/NVIDIA/OpenShell/sdk/go/openshell/v1/sandbox_client.go:204.2,210.16 3 10
github.com/NVIDIA/OpenShell/sdk/go/openshell/v1/sandbox_client.go:210.16,213.3 2 0
github.com/NVIDIA/OpenShell/sdk/go/openshell/v1/sandbox_client.go:215.2,216.16 2 10
github.com/NVIDIA/OpenShell/sdk/go/openshell/v1/sandbox_client.go:216.16,219.3 2 1
github.com/NVIDIA/OpenShell/sdk/go/openshell/v1/sandbox_client.go:221.2,224.12 3 9
github.com/NVIDIA/OpenShell/sdk/go/openshell/v1/sandbox_client.go:224.12,229.7 5 9
github.com/NVIDIA/OpenShell/sdk/go/openshell/v1/sandbox_client.go:229.7,230.100 1 15
github.com/NVIDIA/OpenShell/sdk/go/openshell/v1/sandbox_client.go:230.100,233.16 3 13
github.com/NVIDIA/OpenShell/sdk/go/openshell/v1/sandbox_client.go:233.16,236.6 2 9
github.com/NVIDIA/OpenShell/sdk/go/openshell/v1/sandbox_client.go:236.11,236.55 1 4
github.com/NVIDIA/OpenShell/sdk/go/openshell/v1/sandbox_client.go:236.55,238.6 1 1
github.com/NVIDIA/OpenShell/sdk/go/openshell/v1/sandbox_client.go:239.5,239.12 1 13
github.com/NVIDIA/OpenShell/sdk/go/openshell/v1/sandbox_client.go:240.66,240.66 0 13
github.com/NVIDIA/OpenShell/sdk/go/openshell/v1/sandbox_client.go:241.19,242.12 1 0
github.com/NVIDIA/OpenShell/sdk/go/openshell/v1/sandbox_client.go:245.5,245.115 1 13
github.com/NVIDIA/OpenShell/sdk/go/openshell/v1/sandbox_client.go:245.115,248.6 2 2
github.com/NVIDIA/OpenShell/sdk/go/openshell/v1/sandbox_client.go:250.4,252.22 3 13
github.com/NVIDIA/OpenShell/sdk/go/openshell/v1/sandbox_client.go:252.22,253.26 1 7
github.com/NVIDIA/OpenShell/sdk/go/openshell/v1/sandbox_client.go:253.26,254.13 1 3
github.com/NVIDIA/OpenShell/sdk/go/openshell/v1/sandbox_client.go:255.90,255.90 0 2
github.com/NVIDIA/OpenShell/sdk/go/openshell/v1/sandbox_client.go:256.20,256.20 0 1
github.com/NVIDIA/OpenShell/sdk/go/openshell/v1/sandbox_client.go:259.5,259.11 1 7
github.com/NVIDIA/OpenShell/sdk/go/openshell/v1/sandbox_client.go:264.2,264.15 1 9
github.com/NVIDIA/OpenShell/sdk/go/openshell/v1/sandbox_client.go:267.124,270.16 2 6
github.com/NVIDIA/OpenShell/sdk/go/openshell/v1/sandbox_client.go:270.16,272.3 1 1
github.com/NVIDIA/OpenShell/sdk/go/openshell/v1/sandbox_client.go:274.2,282.27 3 5
github.com/NVIDIA/OpenShell/sdk/go/openshell/v1/sandbox_client.go:282.27,284.3 1 1
github.com/NVIDIA/OpenShell/sdk/go/openshell/v1/sandbox_client.go:286.2,287.16 2 5
github.com/NVIDIA/OpenShell/sdk/go/openshell/v1/sandbox_client.go:287.16,289.3 1 1
github.com/NVIDIA/OpenShell/sdk/go/openshell/v1/sandbox_client.go:290.2,290.48 1 4
github.com/NVIDIA/OpenShell/sdk/go/openshell/v1/ssh.go:26.50,27.31 1 0
github.com/NVIDIA/OpenShell/sdk/go/openshell/v1/ssh.go:27.31,29.3 1 0
github.com/NVIDIA/OpenShell/sdk/go/openshell/v1/stub_clients.go:12.37,17.2 1 0
github.com/NVIDIA/OpenShell/sdk/go/openshell/v1/stub_clients.go:22.107,24.2 1 0
github.com/NVIDIA/OpenShell/sdk/go/openshell/v1/stub_clients.go:25.109,27.2 1 0
github.com/NVIDIA/OpenShell/sdk/go/openshell/v1/stub_clients.go:28.135,30.2 1 0
github.com/NVIDIA/OpenShell/sdk/go/openshell/v1/stub_clients.go:35.72,37.2 1 0
github.com/NVIDIA/OpenShell/sdk/go/openshell/v1/stub_clients.go:38.74,40.2 1 0
github.com/NVIDIA/OpenShell/sdk/go/openshell/v1/stub_clients.go:45.70,47.2 1 0
github.com/NVIDIA/OpenShell/sdk/go/openshell/v1/stub_clients.go:52.93,54.2 1 0
github.com/NVIDIA/OpenShell/sdk/go/openshell/v1/stub_clients.go:55.80,57.2 1 0
github.com/NVIDIA/OpenShell/sdk/go/openshell/v1/stub_clients.go:58.98,60.2 1 0
github.com/NVIDIA/OpenShell/sdk/go/openshell/v1/stub_clients.go:61.93,63.2 1 0
github.com/NVIDIA/OpenShell/sdk/go/openshell/v1/stub_clients.go:64.70,66.2 1 0
github.com/NVIDIA/OpenShell/sdk/go/openshell/v1/stub_clients.go:67.93,69.2 1 0
github.com/NVIDIA/OpenShell/sdk/go/openshell/v1/stub_clients.go:70.53,70.79 1 0
github.com/NVIDIA/OpenShell/sdk/go/openshell/v1/stub_clients.go:71.53,71.78 1 0
github.com/NVIDIA/OpenShell/sdk/go/openshell/v1/stub_clients.go:76.104,78.2 1 0
github.com/NVIDIA/OpenShell/sdk/go/openshell/v1/stub_clients.go:79.86,81.2 1 0
github.com/NVIDIA/OpenShell/sdk/go/openshell/v1/stub_clients.go:82.106,84.2 1 0
github.com/NVIDIA/OpenShell/sdk/go/openshell/v1/stub_clients.go:85.117,87.2 1 0
github.com/NVIDIA/OpenShell/sdk/go/openshell/v1/stub_clients.go:88.102,90.2 1 0
github.com/NVIDIA/OpenShell/sdk/go/openshell/v1/stub_clients.go:91.77,93.2 1 0
github.com/NVIDIA/OpenShell/sdk/go/openshell/v1/stub_clients.go:98.94,100.2 1 0
github.com/NVIDIA/OpenShell/sdk/go/openshell/v1/stub_clients.go:101.104,103.2 1 0
github.com/NVIDIA/OpenShell/sdk/go/openshell/v1/stub_clients.go:104.89,106.2 1 0
github.com/NVIDIA/OpenShell/sdk/go/openshell/v1/stub_clients.go:107.79,109.2 1 0
github.com/NVIDIA/OpenShell/sdk/go/openshell/v1/stub_clients.go:114.110,116.2 1 0
github.com/NVIDIA/OpenShell/sdk/go/openshell/v1/stub_clients.go:117.89,119.2 1 0
github.com/NVIDIA/OpenShell/sdk/go/openshell/v1/stub_clients.go:120.107,122.2 1 0
github.com/NVIDIA/OpenShell/sdk/go/openshell/v1/stub_clients.go:123.72,125.2 1 0
github.com/NVIDIA/OpenShell/sdk/go/openshell/v1/stub_clients.go:130.86,132.2 1 0
github.com/NVIDIA/OpenShell/sdk/go/openshell/v1/stub_clients.go:133.79,135.2 1 0
github.com/NVIDIA/OpenShell/sdk/go/openshell/v1/stub_clients.go:136.115,138.2 1 0
github.com/NVIDIA/OpenShell/sdk/go/openshell/v1/stub_clients.go:143.117,145.2 1 0
github.com/NVIDIA/OpenShell/sdk/go/openshell/v1/stub_clients.go:146.112,148.2 1 0
github.com/NVIDIA/OpenShell/sdk/go/openshell/v1/stub_clients.go:153.89,155.2 1 0
github.com/NVIDIA/OpenShell/sdk/go/openshell/v1/stub_clients.go:156.76,158.2 1 0
github.com/NVIDIA/OpenShell/sdk/go/openshell/v1/stub_clients.go:159.104,161.2 1 0
github.com/NVIDIA/OpenShell/sdk/go/openshell/v1/stub_clients.go:166.106,168.2 1 0
github.com/NVIDIA/OpenShell/sdk/go/openshell/v1/stub_clients.go:169.99,171.2 1 0
github.com/NVIDIA/OpenShell/sdk/go/openshell/v1/stub_clients.go:172.83,174.2 1 0
github.com/NVIDIA/OpenShell/sdk/go/openshell/v1/stub_clients.go:175.126,177.2 1 0
github.com/NVIDIA/OpenShell/sdk/go/openshell/v1/stub_clients.go:178.93,180.2 1 0
github.com/NVIDIA/OpenShell/sdk/go/openshell/v1/stub_clients.go:181.99,183.2 1 0
github.com/NVIDIA/OpenShell/sdk/go/openshell/v1/stub_clients.go:184.115,186.2 1 0
github.com/NVIDIA/OpenShell/sdk/go/openshell/v1/stub_clients.go:187.112,189.2 1 0
github.com/NVIDIA/OpenShell/sdk/go/openshell/v1/stub_clients.go:190.100,192.2 1 0
github.com/NVIDIA/OpenShell/sdk/go/openshell/v1/stub_clients.go:193.93,195.2 1 0
github.com/NVIDIA/OpenShell/sdk/go/openshell/v1/tcp.go:22.52,23.32 1 0
github.com/NVIDIA/OpenShell/sdk/go/openshell/v1/tcp.go:23.32,25.3 1 0
github.com/NVIDIA/OpenShell/sdk/go/openshell/v1/tcp.go:40.48,41.31 1 0
github.com/NVIDIA/OpenShell/sdk/go/openshell/v1/tcp.go:41.31,43.3 1 0
github.com/NVIDIA/OpenShell/sdk/go/openshell/v1/tcp.go:49.35,50.31 1 0
github.com/NVIDIA/OpenShell/sdk/go/openshell/v1/tcp.go:50.31,52.3 1 0
github.com/NVIDIA/OpenShell/sdk/go/openshell/v1/tcp.go:57.50,58.31 1 0
github.com/NVIDIA/OpenShell/sdk/go/openshell/v1/tcp.go:58.31,60.3 1 0
github.com/NVIDIA/OpenShell/sdk/go/openshell/v1/watch.go:27.81,33.2 1 15
github.com/NVIDIA/OpenShell/sdk/go/openshell/v1/watch.go:35.51,37.2 1 25
github.com/NVIDIA/OpenShell/sdk/go/openshell/v1/watch.go:39.29,40.23 1 15
github.com/NVIDIA/OpenShell/sdk/go/openshell/v1/watch.go:40.23,42.22 2 12
github.com/NVIDIA/OpenShell/sdk/go/openshell/v1/watch.go:42.22,44.4 1 9
github.com/NVIDIA/OpenShell/sdk/go/openshell/v1/internal/converter/copy.go:10.59,11.14 1 113
github.com/NVIDIA/OpenShell/sdk/go/openshell/v1/internal/converter/copy.go:11.14,13.3 1 110
github.com/NVIDIA/OpenShell/sdk/go/openshell/v1/internal/converter/copy.go:14.2,15.22 2 3
github.com/NVIDIA/OpenShell/sdk/go/openshell/v1/internal/converter/copy.go:15.22,17.3 1 3
github.com/NVIDIA/OpenShell/sdk/go/openshell/v1/internal/converter/copy.go:18.2,18.10 1 3
github.com/NVIDIA/OpenShell/sdk/go/openshell/v1/internal/converter/copy.go:23.33,24.14 1 0
github.com/NVIDIA/OpenShell/sdk/go/openshell/v1/internal/converter/copy.go:24.14,26.3 1 0
github.com/NVIDIA/OpenShell/sdk/go/openshell/v1/internal/converter/copy.go:27.2,28.11 2 0
github.com/NVIDIA/OpenShell/sdk/go/openshell/v1/internal/converter/copy.go:33.43,34.14 1 6
github.com/NVIDIA/OpenShell/sdk/go/openshell/v1/internal/converter/copy.go:34.14,36.3 1 2
github.com/NVIDIA/OpenShell/sdk/go/openshell/v1/internal/converter/copy.go:37.2,39.10 3 4
github.com/NVIDIA/OpenShell/sdk/go/openshell/v1/internal/converter/copy.go:44.37,45.14 1 0
github.com/NVIDIA/OpenShell/sdk/go/openshell/v1/internal/converter/copy.go:45.14,47.3 1 0
github.com/NVIDIA/OpenShell/sdk/go/openshell/v1/internal/converter/copy.go:48.2,50.10 3 0
github.com/NVIDIA/OpenShell/sdk/go/openshell/v1/internal/converter/copy.go:53.53,54.14 1 0
github.com/NVIDIA/OpenShell/sdk/go/openshell/v1/internal/converter/copy.go:54.14,56.3 1 0
github.com/NVIDIA/OpenShell/sdk/go/openshell/v1/internal/converter/copy.go:57.2,57.18 1 0
github.com/NVIDIA/OpenShell/sdk/go/openshell/v1/internal/converter/copy.go:60.62,61.14 1 0
github.com/NVIDIA/OpenShell/sdk/go/openshell/v1/internal/converter/copy.go:61.14,63.3 1 0
github.com/NVIDIA/OpenShell/sdk/go/openshell/v1/internal/converter/copy.go:64.2,64.30 1 0
github.com/NVIDIA/OpenShell/sdk/go/openshell/v1/internal/converter/errors.go:30.37,31.16 1 15
github.com/NVIDIA/OpenShell/sdk/go/openshell/v1/internal/converter/errors.go:31.16,33.3 1 0
github.com/NVIDIA/OpenShell/sdk/go/openshell/v1/internal/converter/errors.go:35.2,36.9 2 15
github.com/NVIDIA/OpenShell/sdk/go/openshell/v1/internal/converter/errors.go:36.9,38.3 1 0
github.com/NVIDIA/OpenShell/sdk/go/openshell/v1/internal/converter/errors.go:40.2,40.27 1 15
github.com/NVIDIA/OpenShell/sdk/go/openshell/v1/internal/converter/errors.go:40.27,42.3 1 0
github.com/NVIDIA/OpenShell/sdk/go/openshell/v1/internal/converter/errors.go:44.2,45.13 2 15
github.com/NVIDIA/OpenShell/sdk/go/openshell/v1/internal/converter/errors.go:45.13,47.3 1 0
github.com/NVIDIA/OpenShell/sdk/go/openshell/v1/internal/converter/errors.go:49.2,53.3 1 15
github.com/NVIDIA/OpenShell/sdk/go/openshell/v1/internal/converter/log.go:14.60,15.14 1 3
github.com/NVIDIA/OpenShell/sdk/go/openshell/v1/internal/converter/log.go:15.14,17.3 1 0
github.com/NVIDIA/OpenShell/sdk/go/openshell/v1/internal/converter/log.go:18.2,25.3 1 3
[...]
github.com/NVIDIA/OpenShell/sdk/go/openshell/v1/internal/converter/sandbox.go:68.2,68.53 1 0
github.com/NVIDIA/OpenShell/sdk/go/openshell/v1/internal/converter/sandbox.go:68.53,69.57 1 0
github.com/NVIDIA/OpenShell/sdk/go/openshell/v1/internal/converter/sandbox.go:69.57,71.4 1 0
github.com/NVIDIA/OpenShell/sdk/go/openshell/v1/internal/converter/sandbox.go:74.2,74.15 1 0
github.com/NVIDIA/OpenShell/sdk/go/openshell/v1/internal/converter/sandbox.go:77.75,87.43 2 0
github.com/NVIDIA/OpenShell/sdk/go/openshell/v1/internal/converter/sandbox.go:87.43,95.3 1 0
github.com/NVIDIA/OpenShell/sdk/go/openshell/v1/internal/converter/sandbox.go:97.2,97.15 1 0
github.com/NVIDIA/OpenShell/sdk/go/openshell/v1/internal/converter/sandbox.go:101.70,102.15 1 0
github.com/NVIDIA/OpenShell/sdk/go/openshell/v1/internal/converter/sandbox.go:103.50,104.35 1 0
github.com/NVIDIA/OpenShell/sdk/go/openshell/v1/internal/converter/sandbox.go:105.43,106.28 1 0
github.com/NVIDIA/OpenShell/sdk/go/openshell/v1/internal/converter/sandbox.go:107.43,108.28 1 0
github.com/NVIDIA/OpenShell/sdk/go/openshell/v1/internal/converter/sandbox.go:109.46,110.31 1 0
github.com/NVIDIA/OpenShell/sdk/go/openshell/v1/internal/converter/sandbox.go:111.45,112.30 1 0
github.com/NVIDIA/OpenShell/sdk/go/openshell/v1/internal/converter/sandbox.go:113.10,114.30 1 0
github.com/NVIDIA/OpenShell/sdk/go/openshell/v1/internal/converter/sandbox.go:119.68,120.15 1 0
github.com/NVIDIA/OpenShell/sdk/go/openshell/v1/internal/converter/sandbox.go:121.33,122.52 1 0
github.com/NVIDIA/OpenShell/sdk/go/openshell/v1/internal/converter/sandbox.go:123.26,124.45 1 0
github.com/NVIDIA/OpenShell/sdk/go/openshell/v1/internal/converter/sandbox.go:125.26,126.45 1 0
github.com/NVIDIA/OpenShell/sdk/go/openshell/v1/internal/converter/sandbox.go:127.29,128.48 1 0
github.com/NVIDIA/OpenShell/sdk/go/openshell/v1/internal/converter/sandbox.go:129.28,130.47 1 0
github.com/NVIDIA/OpenShell/sdk/go/openshell/v1/internal/converter/sandbox.go:131.10,132.47 1 0
github.com/NVIDIA/OpenShell/sdk/go/openshell/v1/internal/converter/sandbox.go:137.60,138.14 1 0
github.com/NVIDIA/OpenShell/sdk/go/openshell/v1/internal/converter/sandbox.go:138.14,140.3 1 0
github.com/NVIDIA/OpenShell/sdk/go/openshell/v1/internal/converter/sandbox.go:142.2,143.16 2 0
github.com/NVIDIA/OpenShell/sdk/go/openshell/v1/internal/converter/sandbox.go:143.16,145.3 1 0
github.com/NVIDIA/OpenShell/sdk/go/openshell/v1/internal/converter/sandbox.go:147.2,159.8 1 0
github.com/NVIDIA/OpenShell/sdk/go/openshell/v1/internal/converter/sandbox.go:163.75,164.17 1 0
github.com/NVIDIA/OpenShell/sdk/go/openshell/v1/internal/converter/sandbox.go:164.17,166.3 1 0
github.com/NVIDIA/OpenShell/sdk/go/openshell/v1/internal/converter/sandbox.go:168.2,175.26 2 0
github.com/NVIDIA/OpenShell/sdk/go/openshell/v1/internal/converter/sandbox.go:175.26,177.17 2 0
github.com/NVIDIA/OpenShell/sdk/go/openshell/v1/internal/converter/sandbox.go:177.17,179.4 1 0
github.com/NVIDIA/OpenShell/sdk/go/openshell/v1/internal/converter/sandbox.go:180.3,181.17 2 0
github.com/NVIDIA/OpenShell/sdk/go/openshell/v1/internal/converter/sandbox.go:181.17,183.4 1 0
github.com/NVIDIA/OpenShell/sdk/go/openshell/v1/internal/converter/sandbox.go:184.3,194.4 1 0
github.com/NVIDIA/OpenShell/sdk/go/openshell/v1/internal/converter/sandbox.go:197.2,197.26 1 0
github.com/NVIDIA/OpenShell/sdk/go/openshell/v1/internal/converter/sandbox.go:197.26,203.3 1 0
github.com/NVIDIA/OpenShell/sdk/go/openshell/v1/internal/converter/sandbox.go:205.2,205.20 1 0
github.com/NVIDIA/OpenShell/sdk/go/openshell/v1/internal/converter/time.go:10.41,11.13 1 0
github.com/NVIDIA/OpenShell/sdk/go/openshell/v1/internal/converter/time.go:11.13,13.3 1 0
github.com/NVIDIA/OpenShell/sdk/go/openshell/v1/internal/converter/time.go:14.2,14.33 1 0
github.com/NVIDIA/OpenShell/sdk/go/openshell/v1/internal/converter/time.go:19.40,20.16 1 0
github.com/NVIDIA/OpenShell/sdk/go/openshell/v1/internal/converter/time.go:20.16,22.3 1 0
github.com/NVIDIA/OpenShell/sdk/go/openshell/v1/internal/converter/time.go:23.2,23.22 1 0
github.com/NVIDIA/OpenShell/sdk/go/openshell/v1/internal/converter/time.go:28.45,29.13 1 0
github.com/NVIDIA/OpenShell/sdk/go/openshell/v1/internal/converter/time.go:29.13,31.3 1 0
github.com/NVIDIA/OpenShell/sdk/go/openshell/v1/internal/converter/time.go:32.2,33.11 2 0
github.com/NVIDIA/OpenShell/sdk/go/openshell/v1/internal/converter/time.go:38.44,39.14 1 0
github.com/NVIDIA/OpenShell/sdk/go/openshell/v1/internal/converter/time.go:39.14,41.3 1 0
github.com/NVIDIA/OpenShell/sdk/go/openshell/v1/internal/converter/time.go:42.2,42.22 1 0
github.com/NVIDIA/OpenShell/sdk/go/openshell/v1/internal/grpc/conn.go:31.117,33.43 2 6
github.com/NVIDIA/OpenShell/sdk/go/openshell/v1/internal/grpc/conn.go:33.43,36.3 2 3
github.com/NVIDIA/OpenShell/sdk/go/openshell/v1/internal/grpc/conn.go:36.8,38.3 1 3
github.com/NVIDIA/OpenShell/sdk/go/openshell/v1/internal/grpc/conn.go:39.2,41.18 2 6
github.com/NVIDIA/OpenShell/sdk/go/openshell/v1/internal/grpc/conn.go:41.18,43.3 1 3
github.com/NVIDIA/OpenShell/sdk/go/openshell/v1/internal/grpc/conn.go:43.8,43.26 1 3
github.com/NVIDIA/OpenShell/sdk/go/openshell/v1/internal/grpc/conn.go:43.26,45.17 2 1
github.com/NVIDIA/OpenShell/sdk/go/openshell/v1/internal/grpc/conn.go:45.17,47.4 1 0
github.com/NVIDIA/OpenShell/sdk/go/openshell/v1/internal/grpc/conn.go:48.3,48.60 1 1
github.com/NVIDIA/OpenShell/sdk/go/openshell/v1/internal/grpc/conn.go:49.8,51.3 1 2
github.com/NVIDIA/OpenShell/sdk/go/openshell/v1/internal/grpc/conn.go:53.2,53.17 1 6
github.com/NVIDIA/OpenShell/sdk/go/openshell/v1/internal/grpc/conn.go:53.17,54.54 1 2
github.com/NVIDIA/OpenShell/sdk/go/openshell/v1/internal/grpc/conn.go:54.54,56.4 1 1
github.com/NVIDIA/OpenShell/sdk/go/openshell/v1/internal/grpc/conn.go:57.3,57.56 1 1
github.com/NVIDIA/OpenShell/sdk/go/openshell/v1/internal/grpc/conn.go:60.2,61.16 2 5
github.com/NVIDIA/OpenShell/sdk/go/openshell/v1/internal/grpc/conn.go:61.16,63.3 1 0
github.com/NVIDIA/OpenShell/sdk/go/openshell/v1/internal/grpc/conn.go:64.2,64.18 1 5
github.com/NVIDIA/OpenShell/sdk/go/openshell/v1/internal/grpc/conn.go:67.84,73.22 2 1
github.com/NVIDIA/OpenShell/sdk/go/openshell/v1/internal/grpc/conn.go:73.22,75.17 2 0
github.com/NVIDIA/OpenShell/sdk/go/openshell/v1/internal/grpc/conn.go:75.17,77.4 1 0
github.com/NVIDIA/OpenShell/sdk/go/openshell/v1/internal/grpc/conn.go:78.3,79.39 2 0
github.com/NVIDIA/OpenShell/sdk/go/openshell/v1/internal/grpc/conn.go:79.39,81.4 1 0
github.com/NVIDIA/OpenShell/sdk/go/openshell/v1/internal/grpc/conn.go:82.3,82.27 1 0
github.com/NVIDIA/OpenShell/sdk/go/openshell/v1/internal/grpc/conn.go:85.2,85.45 1 1
github.com/NVIDIA/OpenShell/sdk/go/openshell/v1/internal/grpc/conn.go:85.45,87.17 2 0
github.com/NVIDIA/OpenShell/sdk/go/openshell/v1/internal/grpc/conn.go:87.17,89.4 1 0
github.com/NVIDIA/OpenShell/sdk/go/openshell/v1/internal/grpc/conn.go:90.3,90.51 1 0
github.com/NVIDIA/OpenShell/sdk/go/openshell/v1/internal/grpc/conn.go:91.8,91.52 1 1
github.com/NVIDIA/OpenShell/sdk/go/openshell/v1/internal/grpc/conn.go:91.52,93.3 1 0
github.com/NVIDIA/OpenShell/sdk/go/openshell/v1/internal/grpc/conn.go:95.2,95.43 1 1
github.com/NVIDIA/OpenShell/sdk/go/openshell/v1/types/errors.go:30.36,31.11 1 0
github.com/NVIDIA/OpenShell/sdk/go/openshell/v1/types/errors.go:32.21,33.20 1 0
github.com/NVIDIA/OpenShell/sdk/go/openshell/v1/types/errors.go:34.26,35.25 1 0
github.com/NVIDIA/OpenShell/sdk/go/openshell/v1/types/errors.go:36.24,37.23 1 0
github.com/NVIDIA/OpenShell/sdk/go/openshell/v1/types/errors.go:38.29,39.28 1 0
github.com/NVIDIA/OpenShell/sdk/go/openshell/v1/types/errors.go:40.28,41.27 1 0
github.com/NVIDIA/OpenShell/sdk/go/openshell/v1/types/errors.go:42.29,43.28 1 0
github.com/NVIDIA/OpenShell/sdk/go/openshell/v1/types/errors.go:44.22,45.21 1 0
github.com/NVIDIA/OpenShell/sdk/go/openshell/v1/types/errors.go:46.21,47.20 1 0
github.com/NVIDIA/OpenShell/sdk/go/openshell/v1/types/errors.go:48.26,49.25 1 0
github.com/NVIDIA/OpenShell/sdk/go/openshell/v1/types/errors.go:50.21,51.20 1 0
github.com/NVIDIA/OpenShell/sdk/go/openshell/v1/types/errors.go:52.28,53.27 1 0
github.com/NVIDIA/OpenShell/sdk/go/openshell/v1/types/errors.go:54.10,55.44 1 0
github.com/NVIDIA/OpenShell/sdk/go/openshell/v1/types/errors.go:66.38,68.2 1 0
github.com/NVIDIA/OpenShell/sdk/go/openshell/v1/types/errors.go:70.38,72.2 1 0
github.com/NVIDIA/OpenShell/sdk/go/openshell/v1/types/errors.go:75.33,77.2 1 0
github.com/NVIDIA/OpenShell/sdk/go/openshell/v1/types/errors.go:80.38,82.2 1 0
github.com/NVIDIA/OpenShell/sdk/go/openshell/v1/types/errors.go:85.36,87.2 1 0
github.com/NVIDIA/OpenShell/sdk/go/openshell/v1/types/errors.go:90.41,92.2 1 0
github.com/NVIDIA/OpenShell/sdk/go/openshell/v1/types/errors.go:95.40,97.2 1 0
github.com/NVIDIA/OpenShell/sdk/go/openshell/v1/types/errors.go:100.41,102.2 1 0
github.com/NVIDIA/OpenShell/sdk/go/openshell/v1/types/errors.go:105.34,107.2 1 0
github.com/NVIDIA/OpenShell/sdk/go/openshell/v1/types/errors.go:110.38,112.2 1 0
github.com/NVIDIA/OpenShell/sdk/go/openshell/v1/types/errors.go:116.33,118.2 1 0
github.com/NVIDIA/OpenShell/sdk/go/openshell/v1/types/errors.go:121.40,123.2 1 0
github.com/NVIDIA/OpenShell/sdk/go/openshell/v1/types/errors.go:125.46,126.16 1 0
github.com/NVIDIA/OpenShell/sdk/go/openshell/v1/types/errors.go:126.16,128.3 1 0
github.com/NVIDIA/OpenShell/sdk/go/openshell/v1/types/errors.go:129.2,130.25 2 0
github.com/NVIDIA/OpenShell/sdk/go/openshell/v1/types/errors.go:130.25,132.3 1 0
github.com/NVIDIA/OpenShell/sdk/go/openshell/v1/types/errors.go:133.2,133.14 1 0
github.com/NVIDIA/OpenShell/sdk/go/openshell/v1/types/log.go:44.39,45.28 1 0
github.com/NVIDIA/OpenShell/sdk/go/openshell/v1/types/log.go:45.28,47.3 1 0
github.com/NVIDIA/OpenShell/sdk/go/openshell/v1/types/log.go:51.42,52.28 1 0
github.com/NVIDIA/OpenShell/sdk/go/openshell/v1/types/log.go:52.28,54.3 1 0
github.com/NVIDIA/OpenShell/sdk/go/openshell/v1/types/log.go:58.50,59.28 1 0
github.com/NVIDIA/OpenShell/sdk/go/openshell/v1/types/log.go:59.28,61.3 1 0
github.com/NVIDIA/OpenShell/sdk/go/openshell/v1/types/log.go:65.46,66.28 1 0
github.com/NVIDIA/OpenShell/sdk/go/openshell/v1/types/log.go:66.28,68.3 1 0
github.com/NVIDIA/OpenShell/sdk/go/openshell/v1/types/log.go:72.50,74.27 2 0
github.com/NVIDIA/OpenShell/sdk/go/openshell/v1/types/log.go:74.27,76.3 1 0
github.com/NVIDIA/OpenShell/sdk/go/openshell/v1/types/log.go:77.2,77.12 1 0
github.com/NVIDIA/OpenShell/sdk/go/openshell/v1/types/log.go:81.36,83.2 1 0
github.com/NVIDIA/OpenShell/sdk/go/openshell/v1/types/log.go:86.39,88.2 1 0
github.com/NVIDIA/OpenShell/sdk/go/openshell/v1/types/log.go:91.40,93.2 1 0
github.com/NVIDIA/OpenShell/sdk/go/openshell/v1/types/log.go:96.39,98.2 1 0
github.com/NVIDIA/OpenShell/sdk/go/openshell/v1/types/policy.go:25.43,26.11 1 0
github.com/NVIDIA/OpenShell/sdk/go/openshell/v1/types/policy.go:27.35,28.23 1 0
github.com/NVIDIA/OpenShell/sdk/go/openshell/v1/types/policy.go:29.31,30.19 1 0
github.com/NVIDIA/OpenShell/sdk/go/openshell/v1/types/policy.go:31.30,32.18 1 0
github.com/NVIDIA/OpenShell/sdk/go/openshell/v1/types/policy.go:33.30,34.18 1 0
github.com/NVIDIA/OpenShell/sdk/go/openshell/v1/types/policy.go:35.34,36.22 1 0
github.com/NVIDIA/OpenShell/sdk/go/openshell/v1/types/policy.go:37.10,38.19 1 0
github.com/NVIDIA/OpenShell/sdk/go/openshell/v1/types/policy.go:223.53,224.33 1 0
github.com/NVIDIA/OpenShell/sdk/go/openshell/v1/types/policy.go:224.33,226.3 1 0
github.com/NVIDIA/OpenShell/sdk/go/openshell/v1/types/policy.go:230.65,232.27 2 0
github.com/NVIDIA/OpenShell/sdk/go/openshell/v1/types/policy.go:232.27,234.3 1 0
github.com/NVIDIA/OpenShell/sdk/go/openshell/v1/types/policy.go:235.2,235.12 1 0
github.com/NVIDIA/OpenShell/sdk/go/openshell/v1/types/policy.go:239.48,241.2 1 0
github.com/NVIDIA/OpenShell/sdk/go/openshell/v1/types/policy.go:252.52,253.35 1 0
github.com/NVIDIA/OpenShell/sdk/go/openshell/v1/types/policy.go:253.35,255.3 1 0
github.com/NVIDIA/OpenShell/sdk/go/openshell/v1/types/policy.go:259.71,261.27 2 0
github.com/NVIDIA/OpenShell/sdk/go/openshell/v1/types/policy.go:261.27,263.3 1 0
github.com/NVIDIA/OpenShell/sdk/go/openshell/v1/types/policy.go:264.2,264.12 1 0
github.com/NVIDIA/OpenShell/sdk/go/openshell/v1/types/policy.go:268.58,270.2 1 0
github.com/NVIDIA/OpenShell/sdk/go/openshell/v1/types/policy.go:281.50,282.34 1 0
github.com/NVIDIA/OpenShell/sdk/go/openshell/v1/types/policy.go:282.34,284.3 1 0
github.com/NVIDIA/OpenShell/sdk/go/openshell/v1/types/policy.go:288.68,290.27 2 0
github.com/NVIDIA/OpenShell/sdk/go/openshell/v1/types/policy.go:290.27,292.3 1 0
github.com/NVIDIA/OpenShell/sdk/go/openshell/v1/types/policy.go:293.2,293.12 1 0
github.com/NVIDIA/OpenShell/sdk/go/openshell/v1/types/policy.go:297.44,299.2 1 0
github.com/NVIDIA/OpenShell/sdk/go/openshell/v1/types/policy.go:311.47,312.35 1 0
github.com/NVIDIA/OpenShell/sdk/go/openshell/v1/types/policy.go:312.35,314.3 1 0
github.com/NVIDIA/OpenShell/sdk/go/openshell/v1/types/policy.go:318.49,319.35 1 0
github.com/NVIDIA/OpenShell/sdk/go/openshell/v1/types/policy.go:319.35,321.3 1 0
github.com/NVIDIA/OpenShell/sdk/go/openshell/v1/types/policy.go:325.71,327.27 2 0
github.com/NVIDIA/OpenShell/sdk/go/openshell/v1/types/policy.go:327.27,329.3 1 0
github.com/NVIDIA/OpenShell/sdk/go/openshell/v1/types/policy.go:330.2,330.12 1 0
github.com/NVIDIA/OpenShell/sdk/go/openshell/v1/types/policy.go:334.43,336.2 1 0
github.com/NVIDIA/OpenShell/sdk/go/openshell/v1/types/policy.go:339.44,341.2 1 0
github.com/NVIDIA/OpenShell/sdk/go/openshell/v1/types/ssh.go:31.37,34.2 1 0
github.com/NVIDIA/OpenShell/sdk/go/openshell/v1/types/errors.go:30.36,31.11 1 0
github.com/NVIDIA/OpenShell/sdk/go/openshell/v1/types/errors.go:32.21,33.20 1 0
github.com/NVIDIA/OpenShell/sdk/go/openshell/v1/types/errors.go:34.26,35.25 1 0
github.com/NVIDIA/OpenShell/sdk/go/openshell/v1/types/errors.go:36.24,37.23 1 0
github.com/NVIDIA/OpenShell/sdk/go/openshell/v1/types/errors.go:38.29,39.28 1 0
github.com/NVIDIA/OpenShell/sdk/go/openshell/v1/types/errors.go:40.28,41.27 1 0
github.com/NVIDIA/OpenShell/sdk/go/openshell/v1/types/errors.go:42.29,43.28 1 0
github.com/NVIDIA/OpenShell/sdk/go/openshell/v1/types/errors.go:44.22,45.21 1 0
github.com/NVIDIA/OpenShell/sdk/go/openshell/v1/types/errors.go:46.21,47.20 1 0
github.com/NVIDIA/OpenShell/sdk/go/openshell/v1/types/errors.go:48.26,49.25 1 0
github.com/NVIDIA/OpenShell/sdk/go/openshell/v1/types/errors.go:50.21,51.20 1 0
github.com/NVIDIA/OpenShell/sdk/go/openshell/v1/types/errors.go:52.28,53.27 1 0
github.com/NVIDIA/OpenShell/sdk/go/openshell/v1/types/errors.go:54.10,55.44 1 0
github.com/NVIDIA/OpenShell/sdk/go/openshell/v1/types/errors.go:66.38,68.2 1 0
github.com/NVIDIA/OpenShell/sdk/go/openshell/v1/types/errors.go:70.38,72.2 1 0
github.com/NVIDIA/OpenShell/sdk/go/openshell/v1/types/errors.go:75.33,77.2 1 0
github.com/NVIDIA/OpenShell/sdk/go/openshell/v1/types/errors.go:80.38,82.2 1 0
github.com/NVIDIA/OpenShell/sdk/go/openshell/v1/types/errors.go:85.36,87.2 1 0
github.com/NVIDIA/OpenShell/sdk/go/openshell/v1/types/errors.go:90.41,92.2 1 0
github.com/NVIDIA/OpenShell/sdk/go/openshell/v1/types/errors.go:95.40,97.2 1 0
github.com/NVIDIA/OpenShell/sdk/go/openshell/v1/types/errors.go:100.41,102.2 1 0
github.com/NVIDIA/OpenShell/sdk/go/openshell/v1/types/errors.go:105.34,107.2 1 0
github.com/NVIDIA/OpenShell/sdk/go/openshell/v1/types/errors.go:110.38,112.2 1 0
github.com/NVIDIA/OpenShell/sdk/go/openshell/v1/types/errors.go:116.33,118.2 1 0
github.com/NVIDIA/OpenShell/sdk/go/openshell/v1/types/errors.go:121.40,123.2 1 0
github.com/NVIDIA/OpenShell/sdk/go/openshell/v1/types/errors.go:125.46,126.16 1 0
github.com/NVIDIA/OpenShell/sdk/go/openshell/v1/types/errors.go:126.16,128.3 1 0
github.com/NVIDIA/OpenShell/sdk/go/openshell/v1/types/errors.go:129.2,130.25 2 0
github.com/NVIDIA/OpenShell/sdk/go/openshell/v1/types/errors.go:130.25,132.3 1 0
github.com/NVIDIA/OpenShell/sdk/go/openshell/v1/types/errors.go:133.2,133.14 1 0
github.com/NVIDIA/OpenShell/sdk/go/openshell/v1/types/log.go:44.39,45.28 1 0
github.com/NVIDIA/OpenShell/sdk/go/openshell/v1/types/log.go:45.28,47.3 1 0
github.com/NVIDIA/OpenShell/sdk/go/openshell/v1/types/log.go:51.42,52.28 1 0
github.com/NVIDIA/OpenShell/sdk/go/openshell/v1/types/log.go:52.28,54.3 1 0
github.com/NVIDIA/OpenShell/sdk/go/openshell/v1/types/log.go:58.50,59.28 1 0
github.com/NVIDIA/OpenShell/sdk/go/openshell/v1/types/log.go:59.28,61.3 1 0
github.com/NVIDIA/OpenShell/sdk/go/openshell/v1/types/log.go:65.46,66.28 1 0
github.com/NVIDIA/OpenShell/sdk/go/openshell/v1/types/log.go:66.28,68.3 1 0
github.com/NVIDIA/OpenShell/sdk/go/openshell/v1/types/log.go:72.50,74.27 2 0
github.com/NVIDIA/OpenShell/sdk/go/openshell/v1/types/log.go:74.27,76.3 1 0
github.com/NVIDIA/OpenShell/sdk/go/openshell/v1/types/log.go:77.2,77.12 1 0
github.com/NVIDIA/OpenShell/sdk/go/openshell/v1/types/log.go:81.36,83.2 1 0
github.com/NVIDIA/OpenShell/sdk/go/openshell/v1/types/log.go:86.39,88.2 1 0
github.com/NVIDIA/OpenShell/sdk/go/openshell/v1/types/log.go:91.40,93.2 1 0
github.com/NVIDIA/OpenShell/sdk/go/openshell/v1/types/log.go:96.39,98.2 1 0
github.com/NVIDIA/OpenShell/sdk/go/openshell/v1/types/policy.go:25.43,26.11 1 0
github.com/NVIDIA/OpenShell/sdk/go/openshell/v1/types/policy.go:27.35,28.23 1 0
github.com/NVIDIA/OpenShell/sdk/go/openshell/v1/types/policy.go:29.31,30.19 1 0
github.com/NVIDIA/OpenShell/sdk/go/openshell/v1/types/policy.go:31.30,32.18 1 0
github.com/NVIDIA/OpenShell/sdk/go/openshell/v1/types/policy.go:33.30,34.18 1 0
github.com/NVIDIA/OpenShell/sdk/go/openshell/v1/types/policy.go:35.34,36.22 1 0
github.com/NVIDIA/OpenShell/sdk/go/openshell/v1/types/policy.go:37.10,38.19 1 0
github.com/NVIDIA/OpenShell/sdk/go/openshell/v1/types/policy.go:223.53,224.33 1 0
github.com/NVIDIA/OpenShell/sdk/go/openshell/v1/types/policy.go:224.33,226.3 1 0
github.com/NVIDIA/OpenShell/sdk/go/openshell/v1/types/policy.go:230.65,232.27 2 0
github.com/NVIDIA/OpenShell/sdk/go/openshell/v1/types/policy.go:232.27,234.3 1 0
github.com/NVIDIA/OpenShell/sdk/go/openshell/v1/types/policy.go:235.2,235.12 1 0
github.com/NVIDIA/OpenShell/sdk/go/openshell/v1/types/policy.go:239.48,241.2 1 0
github.com/NVIDIA/OpenShell/sdk/go/openshell/v1/types/policy.go:252.52,253.35 1 0
github.com/NVIDIA/OpenShell/sdk/go/openshell/v1/types/policy.go:253.35,255.3 1 0
github.com/NVIDIA/OpenShell/sdk/go/openshell/v1/types/policy.go:259.71,261.27 2 0
github.com/NVIDIA/OpenShell/sdk/go/openshell/v1/types/policy.go:261.27,263.3 1 0
github.com/NVIDIA/OpenShell/sdk/go/openshell/v1/types/policy.go:264.2,264.12 1 0
github.com/NVIDIA/OpenShell/sdk/go/openshell/v1/types/policy.go:268.58,270.2 1 0
github.com/NVIDIA/OpenShell/sdk/go/openshell/v1/types/policy.go:281.50,282.34 1 0
github.com/NVIDIA/OpenShell/sdk/go/openshell/v1/types/policy.go:282.34,284.3 1 0
github.com/NVIDIA/OpenShell/sdk/go/openshell/v1/types/policy.go:288.68,290.27 2 0
github.com/NVIDIA/OpenShell/sdk/go/openshell/v1/types/policy.go:290.27,292.3 1 0
github.com/NVIDIA/OpenShell/sdk/go/openshell/v1/types/policy.go:293.2,293.12 1 0
github.com/NVIDIA/OpenShell/sdk/go/openshell/v1/types/policy.go:297.44,299.2 1 0
github.com/NVIDIA/OpenShell/sdk/go/openshell/v1/types/policy.go:311.47,312.35 1 0
github.com/NVIDIA/OpenShell/sdk/go/openshell/v1/types/policy.go:312.35,314.3 1 0
github.com/NVIDIA/OpenShell/sdk/go/openshell/v1/types/policy.go:318.49,319.35 1 0
github.com/NVIDIA/OpenShell/sdk/go/openshell/v1/types/policy.go:319.35,321.3 1 0
github.com/NVIDIA/OpenShell/sdk/go/openshell/v1/types/policy.go:325.71,327.27 2 0
github.com/NVIDIA/OpenShell/sdk/go/openshell/v1/types/policy.go:327.27,329.3 1 0
github.com/NVIDIA/OpenShell/sdk/go/openshell/v1/types/policy.go:330.2,330.12 1 0
github.com/NVIDIA/OpenShell/sdk/go/openshell/v1/types/policy.go:334.43,336.2 1 0
github.com/NVIDIA/OpenShell/sdk/go/openshell/v1/types/policy.go:339.44,341.2 1 0
github.com/NVIDIA/OpenShell/sdk/go/openshell/v1/types/ssh.go:31.37,34.2 1 0
