mode: atomic
github.com/NVIDIA/OpenShell/sdk/go/openshell/v1/types/errors.go:29.36,30.11 1 0
github.com/NVIDIA/OpenShell/sdk/go/openshell/v1/types/errors.go:31.21,32.20 1 0
github.com/NVIDIA/OpenShell/sdk/go/openshell/v1/types/errors.go:33.26,34.25 1 0
github.com/NVIDIA/OpenShell/sdk/go/openshell/v1/types/errors.go:35.24,36.23 1 0
github.com/NVIDIA/OpenShell/sdk/go/openshell/v1/types/errors.go:37.29,38.28 1 0
github.com/NVIDIA/OpenShell/sdk/go/openshell/v1/types/errors.go:39.28,40.27 1 0
github.com/NVIDIA/OpenShell/sdk/go/openshell/v1/types/errors.go:41.29,42.28 1 0
github.com/NVIDIA/OpenShell/sdk/go/openshell/v1/types/errors.go:43.22,44.21 1 0
github.com/NVIDIA/OpenShell/sdk/go/openshell/v1/types/errors.go:45.21,46.20 1 0
github.com/NVIDIA/OpenShell/sdk/go/openshell/v1/types/errors.go:47.26,48.25 1 0
github.com/NVIDIA/OpenShell/sdk/go/openshell/v1/types/errors.go:49.21,50.20 1 0
github.com/NVIDIA/OpenShell/sdk/go/openshell/v1/types/errors.go:51.10,52.44 1 0
github.com/NVIDIA/OpenShell/sdk/go/openshell/v1/types/errors.go:63.38,65.2 1 0
github.com/NVIDIA/OpenShell/sdk/go/openshell/v1/types/errors.go:68.33,70.2 1 0
github.com/NVIDIA/OpenShell/sdk/go/openshell/v1/types/errors.go:73.38,75.2 1 0
github.com/NVIDIA/OpenShell/sdk/go/openshell/v1/types/errors.go:78.36,80.2 1 0
github.com/NVIDIA/OpenShell/sdk/go/openshell/v1/types/errors.go:83.41,85.2 1 0
github.com/NVIDIA/OpenShell/sdk/go/openshell/v1/types/errors.go:88.40,90.2 1 0
github.com/NVIDIA/OpenShell/sdk/go/openshell/v1/types/errors.go:93.41,95.2 1 0
github.com/NVIDIA/OpenShell/sdk/go/openshell/v1/types/errors.go:98.34,100.2 1 0
github.com/NVIDIA/OpenShell/sdk/go/openshell/v1/types/errors.go:103.38,105.2 1 0
github.com/NVIDIA/OpenShell/sdk/go/openshell/v1/types/errors.go:109.33,111.2 1 0
github.com/NVIDIA/OpenShell/sdk/go/openshell/v1/types/errors.go:113.46,114.16 1 0
github.com/NVIDIA/OpenShell/sdk/go/openshell/v1/types/errors.go:114.16,116.3 1 0
github.com/NVIDIA/OpenShell/sdk/go/openshell/v1/types/errors.go:117.2,118.25 2 0
github.com/NVIDIA/OpenShell/sdk/go/openshell/v1/types/errors.go:118.25,120.3 1 0
github.com/NVIDIA/OpenShell/sdk/go/openshell/v1/types/errors.go:121.2,121.14 1 0
github.com/NVIDIA/OpenShell/sdk/go/openshell/v1/types/log.go:44.39,45.28 1 0
github.com/NVIDIA/OpenShell/sdk/go/openshell/v1/types/log.go:45.28,47.3 1 0
github.com/NVIDIA/OpenShell/sdk/go/openshell/v1/types/log.go:51.42,52.28 1 0
github.com/NVIDIA/OpenShell/sdk/go/openshell/v1/types/log.go:52.28,54.3 1 0
github.com/NVIDIA/OpenShell/sdk/go/openshell/v1/types/log.go:58.50,59.28 1 0
github.com/NVIDIA/OpenShell/sdk/go/openshell/v1/types/log.go:59.28,61.3 1 0
github.com/NVIDIA/OpenShell/sdk/go/openshell/v1/types/log.go:65.46,66.28 1 0
github.com/NVIDIA/OpenShell/sdk/go/openshell/v1/types/log.go:66.28,68.3 1 0
github.com/NVIDIA/OpenShell/sdk/go/openshell/v1/types/log.go:72.50,74.27 2 0
github.com/NVIDIA/OpenShell/sdk/go/openshell/v1/types/log.go:74.27,76.3 1 0
github.com/NVIDIA/OpenShell/sdk/go/openshell/v1/types/log.go:77.2,77.12 1 0
github.com/NVIDIA/OpenShell/sdk/go/openshell/v1/types/log.go:81.36,83.2 1 0
github.com/NVIDIA/OpenShell/sdk/go/openshell/v1/types/log.go:86.39,88.2 1 0
github.com/NVIDIA/OpenShell/sdk/go/openshell/v1/types/log.go:91.40,93.2 1 0
github.com/NVIDIA/OpenShell/sdk/go/openshell/v1/types/log.go:96.39,98.2 1 0
github.com/NVIDIA/OpenShell/sdk/go/openshell/v1/types/policy.go:25.43,26.11 1 0
github.com/NVIDIA/OpenShell/sdk/go/openshell/v1/types/policy.go:27.35,28.23 1 0
github.com/NVIDIA/OpenShell/sdk/go/openshell/v1/types/policy.go:29.31,30.19 1 0
github.com/NVIDIA/OpenShell/sdk/go/openshell/v1/types/policy.go:31.30,32.18 1 0
github.com/NVIDIA/OpenShell/sdk/go/openshell/v1/types/policy.go:33.30,34.18 1 0
github.com/NVIDIA/OpenShell/sdk/go/openshell/v1/types/policy.go:35.34,36.22 1 0
github.com/NVIDIA/OpenShell/sdk/go/openshell/v1/types/policy.go:37.10,38.19 1 0
github.com/NVIDIA/OpenShell/sdk/go/openshell/v1/types/policy.go:223.53,224.33 1 0
github.com/NVIDIA/OpenShell/sdk/go/openshell/v1/types/policy.go:224.33,226.3 1 0
github.com/NVIDIA/OpenShell/sdk/go/openshell/v1/types/policy.go:230.65,232.27 2 0
github.com/NVIDIA/OpenShell/sdk/go/openshell/v1/types/policy.go:232.27,234.3 1 0
github.com/NVIDIA/OpenShell/sdk/go/openshell/v1/types/policy.go:235.2,235.12 1 0
github.com/NVIDIA/OpenShell/sdk/go/openshell/v1/types/policy.go:239.48,241.2 1 0
github.com/NVIDIA/OpenShell/sdk/go/openshell/v1/types/policy.go:252.52,253.35 1 0
github.com/NVIDIA/OpenShell/sdk/go/openshell/v1/types/policy.go:253.35,255.3 1 0
github.com/NVIDIA/OpenShell/sdk/go/openshell/v1/types/policy.go:259.71,261.27 2 0
github.com/NVIDIA/OpenShell/sdk/go/openshell/v1/types/policy.go:261.27,263.3 1 0
github.com/NVIDIA/OpenShell/sdk/go/openshell/v1/types/policy.go:264.2,264.12 1 0
github.com/NVIDIA/OpenShell/sdk/go/openshell/v1/types/policy.go:268.58,270.2 1 0
github.com/NVIDIA/OpenShell/sdk/go/openshell/v1/types/policy.go:281.50,282.34 1 0
github.com/NVIDIA/OpenShell/sdk/go/openshell/v1/types/policy.go:282.34,284.3 1 0
github.com/NVIDIA/OpenShell/sdk/go/openshell/v1/types/policy.go:288.68,290.27 2 0
github.com/NVIDIA/OpenShell/sdk/go/openshell/v1/types/policy.go:290.27,292.3 1 0
github.com/NVIDIA/OpenShell/sdk/go/openshell/v1/types/policy.go:293.2,293.12 1 0
github.com/NVIDIA/OpenShell/sdk/go/openshell/v1/types/policy.go:297.44,299.2 1 0
github.com/NVIDIA/OpenShell/sdk/go/openshell/v1/types/policy.go:311.47,312.35 1 0
github.com/NVIDIA/OpenShell/sdk/go/openshell/v1/types/policy.go:312.35,314.3 1 0
github.com/NVIDIA/OpenShell/sdk/go/openshell/v1/types/policy.go:318.49,319.35 1 0
github.com/NVIDIA/OpenShell/sdk/go/openshell/v1/types/policy.go:319.35,321.3 1 0
github.com/NVIDIA/OpenShell/sdk/go/openshell/v1/types/policy.go:325.71,327.27 2 0
github.com/NVIDIA/OpenShell/sdk/go/openshell/v1/types/policy.go:327.27,329.3 1 0
github.com/NVIDIA/OpenShell/sdk/go/openshell/v1/types/policy.go:330.2,330.12 1 0
github.com/NVIDIA/OpenShell/sdk/go/openshell/v1/types/policy.go:334.43,336.2 1 0
github.com/NVIDIA/OpenShell/sdk/go/openshell/v1/types/policy.go:339.44,341.2 1 0
github.com/NVIDIA/OpenShell/sdk/go/openshell/v1/types/ssh.go:31.37,34.2 1 0
github.com/NVIDIA/OpenShell/sdk/go/openshell/v1/auth.go:19.28,21.2 1 0
github.com/NVIDIA/OpenShell/sdk/go/openshell/v1/auth.go:23.96,25.2 1 0
github.com/NVIDIA/OpenShell/sdk/go/openshell/v1/auth.go:27.50,29.2 1 0
github.com/NVIDIA/OpenShell/sdk/go/openshell/v1/auth.go:36.45,38.2 1 0
github.com/NVIDIA/OpenShell/sdk/go/openshell/v1/auth.go:40.101,44.2 1 0
github.com/NVIDIA/OpenShell/sdk/go/openshell/v1/auth.go:46.55,48.2 1 0
github.com/NVIDIA/OpenShell/sdk/go/openshell/v1/auth_extra.go:30.91,31.17 1 0
github.com/NVIDIA/OpenShell/sdk/go/openshell/v1/auth_extra.go:31.17,33.3 1 0
github.com/NVIDIA/OpenShell/sdk/go/openshell/v1/auth_extra.go:34.2,34.23 1 0
github.com/NVIDIA/OpenShell/sdk/go/openshell/v1/auth_extra.go:34.23,36.3 1 0
github.com/NVIDIA/OpenShell/sdk/go/openshell/v1/auth_extra.go:39.2,40.28 2 0
github.com/NVIDIA/OpenShell/sdk/go/openshell/v1/auth_extra.go:40.28,41.14 1 0
github.com/NVIDIA/OpenShell/sdk/go/openshell/v1/auth_extra.go:41.14,42.12 1 0
github.com/NVIDIA/OpenShell/sdk/go/openshell/v1/auth_extra.go:44.3,44.37 1 0
github.com/NVIDIA/OpenShell/sdk/go/openshell/v1/auth_extra.go:47.2,47.26 1 0
github.com/NVIDIA/OpenShell/sdk/go/openshell/v1/auth_extra.go:47.26,49.3 1 0
github.com/NVIDIA/OpenShell/sdk/go/openshell/v1/auth_extra.go:51.2,54.8 1 0
github.com/NVIDIA/OpenShell/sdk/go/openshell/v1/auth_extra.go:59.110,61.16 2 0
github.com/NVIDIA/OpenShell/sdk/go/openshell/v1/auth_extra.go:61.16,63.3 1 0
github.com/NVIDIA/OpenShell/sdk/go/openshell/v1/auth_extra.go:67.2,68.27 2 0
github.com/NVIDIA/OpenShell/sdk/go/openshell/v1/auth_extra.go:68.27,70.3 1 0
github.com/NVIDIA/OpenShell/sdk/go/openshell/v1/auth_extra.go:72.2,74.20 2 0
github.com/NVIDIA/OpenShell/sdk/go/openshell/v1/auth_extra.go:78.60,80.2 1 0
github.com/NVIDIA/OpenShell/sdk/go/openshell/v1/auth_refresh.go:29.43,33.2 1 0
github.com/NVIDIA/OpenShell/sdk/go/openshell/v1/auth_refresh.go:37.48,38.32 1 0
github.com/NVIDIA/OpenShell/sdk/go/openshell/v1/auth_refresh.go:38.32,39.12 1 0
github.com/NVIDIA/OpenShell/sdk/go/openshell/v1/auth_refresh.go:39.12,41.4 1 0
github.com/NVIDIA/OpenShell/sdk/go/openshell/v1/auth_refresh.go:42.3,42.15 1 0
github.com/NVIDIA/OpenShell/sdk/go/openshell/v1/auth_refresh.go:48.47,49.32 1 0
github.com/NVIDIA/OpenShell/sdk/go/openshell/v1/auth_refresh.go:49.32,51.3 1 0
github.com/NVIDIA/OpenShell/sdk/go/openshell/v1/auth_refresh.go:62.47,63.18 1 0
github.com/NVIDIA/OpenShell/sdk/go/openshell/v1/auth_refresh.go:63.18,65.3 1 0
github.com/NVIDIA/OpenShell/sdk/go/openshell/v1/auth_refresh.go:66.2,66.27 1 0
github.com/NVIDIA/OpenShell/sdk/go/openshell/v1/auth_refresh.go:66.27,68.3 1 0
github.com/NVIDIA/OpenShell/sdk/go/openshell/v1/auth_refresh.go:69.2,69.55 1 0
github.com/NVIDIA/OpenShell/sdk/go/openshell/v1/auth_refresh.go:72.105,75.22 2 0
github.com/NVIDIA/OpenShell/sdk/go/openshell/v1/auth_refresh.go:75.22,79.3 3 0
github.com/NVIDIA/OpenShell/sdk/go/openshell/v1/auth_refresh.go:80.2,86.22 4 0
github.com/NVIDIA/OpenShell/sdk/go/openshell/v1/auth_refresh.go:86.22,88.3 1 0
github.com/NVIDIA/OpenShell/sdk/go/openshell/v1/auth_refresh.go:90.2,91.16 2 0
github.com/NVIDIA/OpenShell/sdk/go/openshell/v1/auth_refresh.go:91.16,92.19 1 0
github.com/NVIDIA/OpenShell/sdk/go/openshell/v1/auth_refresh.go:92.19,93.23 1 0
github.com/NVIDIA/OpenShell/sdk/go/openshell/v1/auth_refresh.go:93.23,95.5 1 0
github.com/NVIDIA/OpenShell/sdk/go/openshell/v1/auth_refresh.go:96.4,96.81 1 0
github.com/NVIDIA/OpenShell/sdk/go/openshell/v1/auth_refresh.go:98.3,98.18 1 0
github.com/NVIDIA/OpenShell/sdk/go/openshell/v1/auth_refresh.go:101.2,101.19 1 0
github.com/NVIDIA/OpenShell/sdk/go/openshell/v1/auth_refresh.go:101.19,102.19 1 0
github.com/NVIDIA/OpenShell/sdk/go/openshell/v1/auth_refresh.go:102.19,103.23 1 0
github.com/NVIDIA/OpenShell/sdk/go/openshell/v1/auth_refresh.go:103.23,105.5 1 0
github.com/NVIDIA/OpenShell/sdk/go/openshell/v1/auth_refresh.go:106.4,106.81 1 0
github.com/NVIDIA/OpenShell/sdk/go/openshell/v1/auth_refresh.go:108.3,108.71 1 0
github.com/NVIDIA/OpenShell/sdk/go/openshell/v1/auth_refresh.go:111.2,112.79 2 0
github.com/NVIDIA/OpenShell/sdk/go/openshell/v1/auth_refresh.go:115.59,117.2 1 0
github.com/NVIDIA/OpenShell/sdk/go/openshell/v1/auth_refresh.go:122.92,123.16 1 0
github.com/NVIDIA/OpenShell/sdk/go/openshell/v1/auth_refresh.go:123.16,125.3 1 0
github.com/NVIDIA/OpenShell/sdk/go/openshell/v1/auth_refresh.go:127.2,128.25 2 0
github.com/NVIDIA/OpenShell/sdk/go/openshell/v1/auth_refresh.go:128.25,130.3 1 0
github.com/NVIDIA/OpenShell/sdk/go/openshell/v1/auth_refresh.go:132.2,136.8 1 0
github.com/NVIDIA/OpenShell/sdk/go/openshell/v1/client.go:63.45,64.23 1 0
github.com/NVIDIA/OpenShell/sdk/go/openshell/v1/client.go:64.23,66.3 1 0
github.com/NVIDIA/OpenShell/sdk/go/openshell/v1/client.go:68.2,68.21 1 0
github.com/NVIDIA/OpenShell/sdk/go/openshell/v1/client.go:68.21,70.3 1 0
github.com/NVIDIA/OpenShell/sdk/go/openshell/v1/client.go:72.2,73.20 2 0
github.com/NVIDIA/OpenShell/sdk/go/openshell/v1/client.go:73.20,80.3 1 0
github.com/NVIDIA/OpenShell/sdk/go/openshell/v1/client.go:82.2,83.16 2 0
github.com/NVIDIA/OpenShell/sdk/go/openshell/v1/client.go:83.16,85.3 1 0
github.com/NVIDIA/OpenShell/sdk/go/openshell/v1/client.go:87.2,103.15 12 0
github.com/NVIDIA/OpenShell/sdk/go/openshell/v1/client.go:107.47,107.69 1 0
github.com/NVIDIA/OpenShell/sdk/go/openshell/v1/client.go:110.48,110.70 1 0
github.com/NVIDIA/OpenShell/sdk/go/openshell/v1/client.go:113.46,113.67 1 0
github.com/NVIDIA/OpenShell/sdk/go/openshell/v1/client.go:116.39,116.56 1 0
github.com/NVIDIA/OpenShell/sdk/go/openshell/v1/client.go:119.40,119.58 1 0
github.com/NVIDIA/OpenShell/sdk/go/openshell/v1/client.go:122.43,122.62 1 0
github.com/NVIDIA/OpenShell/sdk/go/openshell/v1/client.go:125.37,125.53 1 0
github.com/NVIDIA/OpenShell/sdk/go/openshell/v1/client.go:128.37,128.53 1 0
github.com/NVIDIA/OpenShell/sdk/go/openshell/v1/client.go:131.43,131.59 1 0
github.com/NVIDIA/OpenShell/sdk/go/openshell/v1/client.go:134.43,134.62 1 0
github.com/NVIDIA/OpenShell/sdk/go/openshell/v1/client.go:137.32,138.24 1 0
github.com/NVIDIA/OpenShell/sdk/go/openshell/v1/client.go:138.24,140.3 1 0
github.com/NVIDIA/OpenShell/sdk/go/openshell/v1/client.go:141.2,141.19 1 0
github.com/NVIDIA/OpenShell/sdk/go/openshell/v1/errors.go:31.33,31.65 1 0
github.com/NVIDIA/OpenShell/sdk/go/openshell/v1/errors.go:34.38,34.75 1 0
github.com/NVIDIA/OpenShell/sdk/go/openshell/v1/errors.go:37.36,37.71 1 0
github.com/NVIDIA/OpenShell/sdk/go/openshell/v1/errors.go:40.41,40.81 1 0
github.com/NVIDIA/OpenShell/sdk/go/openshell/v1/errors.go:43.40,43.79 1 0
github.com/NVIDIA/OpenShell/sdk/go/openshell/v1/errors.go:46.41,46.81 1 0
github.com/NVIDIA/OpenShell/sdk/go/openshell/v1/errors.go:49.34,49.67 1 0
github.com/NVIDIA/OpenShell/sdk/go/openshell/v1/errors.go:52.38,52.75 1 0
github.com/NVIDIA/OpenShell/sdk/go/openshell/v1/errors.go:56.33,56.65 1 0
github.com/NVIDIA/OpenShell/sdk/go/openshell/v1/sandbox_client.go:24.69,26.2 1 0
github.com/NVIDIA/OpenShell/sdk/go/openshell/v1/sandbox_client.go:28.140,35.16 2 0
github.com/NVIDIA/OpenShell/sdk/go/openshell/v1/sandbox_client.go:35.16,37.3 1 0
github.com/NVIDIA/OpenShell/sdk/go/openshell/v1/sandbox_client.go:38.2,38.59 1 0
github.com/NVIDIA/OpenShell/sdk/go/openshell/v1/sandbox_client.go:41.92,46.16 2 0
github.com/NVIDIA/OpenShell/sdk/go/openshell/v1/sandbox_client.go:46.16,48.3 1 0
github.com/NVIDIA/OpenShell/sdk/go/openshell/v1/sandbox_client.go:49.2,49.59 1 0
github.com/NVIDIA/OpenShell/sdk/go/openshell/v1/sandbox_client.go:52.110,56.19 2 0
github.com/NVIDIA/OpenShell/sdk/go/openshell/v1/sandbox_client.go:56.19,57.24 1 0
github.com/NVIDIA/OpenShell/sdk/go/openshell/v1/sandbox_client.go:57.24,59.4 1 0
github.com/NVIDIA/OpenShell/sdk/go/openshell/v1/sandbox_client.go:60.3,60.25 1 0
github.com/NVIDIA/OpenShell/sdk/go/openshell/v1/sandbox_client.go:60.25,62.4 1 0
github.com/NVIDIA/OpenShell/sdk/go/openshell/v1/sandbox_client.go:63.3,64.44 2 0
github.com/NVIDIA/OpenShell/sdk/go/openshell/v1/sandbox_client.go:67.2,68.16 2 0
github.com/NVIDIA/OpenShell/sdk/go/openshell/v1/sandbox_client.go:68.16,70.3 1 0
github.com/NVIDIA/OpenShell/sdk/go/openshell/v1/sandbox_client.go:72.2,73.44 2 0
github.com/NVIDIA/OpenShell/sdk/go/openshell/v1/sandbox_client.go:73.44,75.3 1 0
github.com/NVIDIA/OpenShell/sdk/go/openshell/v1/sandbox_client.go:76.2,76.23 1 0
github.com/NVIDIA/OpenShell/sdk/go/openshell/v1/sandbox_client.go:79.83,84.16 2 0
github.com/NVIDIA/OpenShell/sdk/go/openshell/v1/sandbox_client.go:84.16,86.3 1 0
github.com/NVIDIA/OpenShell/sdk/go/openshell/v1/sandbox_client.go:87.2,87.12 1 0
github.com/NVIDIA/OpenShell/sdk/go/openshell/v1/sandbox_client.go:90.169,97.16 2 0
github.com/NVIDIA/OpenShell/sdk/go/openshell/v1/sandbox_client.go:97.16,99.3 1 0
github.com/NVIDIA/OpenShell/sdk/go/openshell/v1/sandbox_client.go:100.2,103.8 1 0
github.com/NVIDIA/OpenShell/sdk/go/openshell/v1/sandbox_client.go:106.169,113.16 2 0
github.com/NVIDIA/OpenShell/sdk/go/openshell/v1/sandbox_client.go:113.16,115.3 1 0
github.com/NVIDIA/OpenShell/sdk/go/openshell/v1/sandbox_client.go:116.2,119.8 1 0
github.com/NVIDIA/OpenShell/sdk/go/openshell/v1/sandbox_client.go:122.112,127.16 2 0
github.com/NVIDIA/OpenShell/sdk/go/openshell/v1/sandbox_client.go:127.16,129.3 1 0
github.com/NVIDIA/OpenShell/sdk/go/openshell/v1/sandbox_client.go:131.2,132.44 2 0
github.com/NVIDIA/OpenShell/sdk/go/openshell/v1/sandbox_client.go:132.44,134.3 1 0
github.com/NVIDIA/OpenShell/sdk/go/openshell/v1/sandbox_client.go:135.2,135.23 1 0
github.com/NVIDIA/OpenShell/sdk/go/openshell/v1/sandbox_client.go:138.119,140.47 2 0
github.com/NVIDIA/OpenShell/sdk/go/openshell/v1/sandbox_client.go:140.47,142.3 1 0
github.com/NVIDIA/OpenShell/sdk/go/openshell/v1/sandbox_client.go:144.2,145.16 2 0
github.com/NVIDIA/OpenShell/sdk/go/openshell/v1/sandbox_client.go:145.16,147.3 1 0
github.com/NVIDIA/OpenShell/sdk/go/openshell/v1/sandbox_client.go:149.2,149.37 1 0
github.com/NVIDIA/OpenShell/sdk/go/openshell/v1/sandbox_client.go:149.37,151.3 1 0
github.com/NVIDIA/OpenShell/sdk/go/openshell/v1/sandbox_client.go:152.2,152.37 1 0
github.com/NVIDIA/OpenShell/sdk/go/openshell/v1/sandbox_client.go:152.37,154.3 1 0
github.com/NVIDIA/OpenShell/sdk/go/openshell/v1/sandbox_client.go:156.2,159.6 3 0
github.com/NVIDIA/OpenShell/sdk/go/openshell/v1/sandbox_client.go:159.6,160.10 1 0
github.com/NVIDIA/OpenShell/sdk/go/openshell/v1/sandbox_client.go:161.21,162.25 1 0
github.com/NVIDIA/OpenShell/sdk/go/openshell/v1/sandbox_client.go:163.19,165.18 2 0
github.com/NVIDIA/OpenShell/sdk/go/openshell/v1/sandbox_client.go:165.18,167.5 1 0
github.com/NVIDIA/OpenShell/sdk/go/openshell/v1/sandbox_client.go:168.4,168.39 1 0
github.com/NVIDIA/OpenShell/sdk/go/openshell/v1/sandbox_client.go:168.39,170.5 1 0
github.com/NVIDIA/OpenShell/sdk/go/openshell/v1/sandbox_client.go:171.4,171.39 1 0
github.com/NVIDIA/OpenShell/sdk/go/openshell/v1/sandbox_client.go:171.39,173.5 1 0
github.com/NVIDIA/OpenShell/sdk/go/openshell/v1/sandbox_client.go:178.132,179.16 1 0
github.com/NVIDIA/OpenShell/sdk/go/openshell/v1/sandbox_client.go:179.16,181.3 1 0
github.com/NVIDIA/OpenShell/sdk/go/openshell/v1/sandbox_client.go:183.2,184.19 2 0
github.com/NVIDIA/OpenShell/sdk/go/openshell/v1/sandbox_client.go:184.19,186.3 1 0
github.com/NVIDIA/OpenShell/sdk/go/openshell/v1/sandbox_client.go:189.2,190.16 2 0
github.com/NVIDIA/OpenShell/sdk/go/openshell/v1/sandbox_client.go:190.16,192.3 1 0
github.com/NVIDIA/OpenShell/sdk/go/openshell/v1/sandbox_client.go:194.2,200.16 3 0
github.com/NVIDIA/OpenShell/sdk/go/openshell/v1/sandbox_client.go:200.16,203.3 2 0
github.com/NVIDIA/OpenShell/sdk/go/openshell/v1/sandbox_client.go:205.2,206.16 2 0
github.com/NVIDIA/OpenShell/sdk/go/openshell/v1/sandbox_client.go:206.16,209.3 2 0
github.com/NVIDIA/OpenShell/sdk/go/openshell/v1/sandbox_client.go:211.2,214.12 3 0
github.com/NVIDIA/OpenShell/sdk/go/openshell/v1/sandbox_client.go:214.12,218.7 4 0
github.com/NVIDIA/OpenShell/sdk/go/openshell/v1/sandbox_client.go:218.7,219.100 1 0
github.com/NVIDIA/OpenShell/sdk/go/openshell/v1/sandbox_client.go:219.100,222.16 3 0
github.com/NVIDIA/OpenShell/sdk/go/openshell/v1/sandbox_client.go:222.16,225.6 2 0
github.com/NVIDIA/OpenShell/sdk/go/openshell/v1/sandbox_client.go:225.11,225.55 1 0
github.com/NVIDIA/OpenShell/sdk/go/openshell/v1/sandbox_client.go:225.55,227.6 1 0
github.com/NVIDIA/OpenShell/sdk/go/openshell/v1/sandbox_client.go:228.5,228.12 1 0
github.com/NVIDIA/OpenShell/sdk/go/openshell/v1/sandbox_client.go:229.66,229.66 0 0
github.com/NVIDIA/OpenShell/sdk/go/openshell/v1/sandbox_client.go:230.19,231.12 1 0
github.com/NVIDIA/OpenShell/sdk/go/openshell/v1/sandbox_client.go:234.5,234.115 1 0
github.com/NVIDIA/OpenShell/sdk/go/openshell/v1/sandbox_client.go:234.115,237.6 2 0
github.com/NVIDIA/OpenShell/sdk/go/openshell/v1/sandbox_client.go:239.4,241.22 3 0
github.com/NVIDIA/OpenShell/sdk/go/openshell/v1/sandbox_client.go:241.22,242.12 1 0
github.com/NVIDIA/OpenShell/sdk/go/openshell/v1/sandbox_client.go:243.19,243.19 0 0
github.com/NVIDIA/OpenShell/sdk/go/openshell/v1/sandbox_client.go:244.13,245.27 1 0
github.com/NVIDIA/OpenShell/sdk/go/openshell/v1/sandbox_client.go:245.27,246.14 1 0
github.com/NVIDIA/OpenShell/sdk/go/openshell/v1/sandbox_client.go:247.65,247.65 0 0
github.com/NVIDIA/OpenShell/sdk/go/openshell/v1/sandbox_client.go:248.15,248.15 0 0
github.com/NVIDIA/OpenShell/sdk/go/openshell/v1/sandbox_client.go:252.5,252.11 1 0
github.com/NVIDIA/OpenShell/sdk/go/openshell/v1/sandbox_client.go:257.2,257.15 1 0
github.com/NVIDIA/OpenShell/sdk/go/openshell/v1/sandbox_client.go:260.124,263.16 2 0
github.com/NVIDIA/OpenShell/sdk/go/openshell/v1/sandbox_client.go:263.16,265.3 1 0
github.com/NVIDIA/OpenShell/sdk/go/openshell/v1/sandbox_client.go:267.2,275.27 3 0
github.com/NVIDIA/OpenShell/sdk/go/openshell/v1/sandbox_client.go:275.27,277.3 1 0
github.com/NVIDIA/OpenShell/sdk/go/openshell/v1/sandbox_client.go:279.2,280.16 2 0
github.com/NVIDIA/OpenShell/sdk/go/openshell/v1/sandbox_client.go:280.16,282.3 1 0
github.com/NVIDIA/OpenShell/sdk/go/openshell/v1/sandbox_client.go:283.2,283.48 1 0
github.com/NVIDIA/OpenShell/sdk/go/openshell/v1/ssh.go:26.50,27.31 1 0
github.com/NVIDIA/OpenShell/sdk/go/openshell/v1/ssh.go:27.31,29.3 1 0
github.com/NVIDIA/OpenShell/sdk/go/openshell/v1/stub_clients.go:12.37,17.2 1 0
github.com/NVIDIA/OpenShell/sdk/go/openshell/v1/stub_clients.go:22.107,24.2 1 0
github.com/NVIDIA/OpenShell/sdk/go/openshell/v1/stub_clients.go:25.109,27.2 1 0
github.com/NVIDIA/OpenShell/sdk/go/openshell/v1/stub_clients.go:28.135,30.2 1 0
github.com/NVIDIA/OpenShell/sdk/go/openshell/v1/stub_clients.go:35.72,37.2 1 0
github.com/NVIDIA/OpenShell/sdk/go/openshell/v1/stub_clients.go:38.74,40.2 1 0
github.com/NVIDIA/OpenShell/sdk/go/openshell/v1/stub_clients.go:45.70,47.2 1 0
github.com/NVIDIA/OpenShell/sdk/go/openshell/v1/stub_clients.go:52.93,54.2 1 0
github.com/NVIDIA/OpenShell/sdk/go/openshell/v1/stub_clients.go:55.80,57.2 1 0
github.com/NVIDIA/OpenShell/sdk/go/openshell/v1/stub_clients.go:58.98,60.2 1 0
github.com/NVIDIA/OpenShell/sdk/go/openshell/v1/stub_clients.go:61.93,63.2 1 0
github.com/NVIDIA/OpenShell/sdk/go/openshell/v1/stub_clients.go:64.70,66.2 1 0
github.com/NVIDIA/OpenShell/sdk/go/openshell/v1/stub_clients.go:67.93,69.2 1 0
github.com/NVIDIA/OpenShell/sdk/go/openshell/v1/stub_clients.go:70.53,70.79 1 0
github.com/NVIDIA/OpenShell/sdk/go/openshell/v1/stub_clients.go:71.53,71.78 1 0
github.com/NVIDIA/OpenShell/sdk/go/openshell/v1/stub_clients.go:76.104,78.2 1 0
github.com/NVIDIA/OpenShell/sdk/go/openshell/v1/stub_clients.go:79.86,81.2 1 0
github.com/NVIDIA/OpenShell/sdk/go/openshell/v1/stub_clients.go:82.106,84.2 1 0
github.com/NVIDIA/OpenShell/sdk/go/openshell/v1/stub_clients.go:85.117,87.2 1 0
github.com/NVIDIA/OpenShell/sdk/go/openshell/v1/stub_clients.go:88.102,90.2 1 0
github.com/NVIDIA/OpenShell/sdk/go/openshell/v1/stub_clients.go:91.77,93.2 1 0
github.com/NVIDIA/OpenShell/sdk/go/openshell/v1/stub_clients.go:98.94,100.2 1 0
github.com/NVIDIA/OpenShell/sdk/go/openshell/v1/stub_clients.go:101.104,103.2 1 0
github.com/NVIDIA/OpenShell/sdk/go/openshell/v1/stub_clients.go:104.89,106.2 1 0
github.com/NVIDIA/OpenShell/sdk/go/openshell/v1/stub_clients.go:107.79,109.2 1 0
github.com/NVIDIA/OpenShell/sdk/go/openshell/v1/stub_clients.go:114.110,116.2 1 0
github.com/NVIDIA/OpenShell/sdk/go/openshell/v1/stub_clients.go:117.89,119.2 1 0
github.com/NVIDIA/OpenShell/sdk/go/openshell/v1/stub_clients.go:120.107,122.2 1 0
github.com/NVIDIA/OpenShell/sdk/go/openshell/v1/stub_clients.go:123.72,125.2 1 0
github.com/NVIDIA/OpenShell/sdk/go/openshell/v1/stub_clients.go:130.86,132.2 1 0
github.com/NVIDIA/OpenShell/sdk/go/openshell/v1/stub_clients.go:133.79,135.2 1 0
github.com/NVIDIA/OpenShell/sdk/go/openshell/v1/stub_clients.go:136.115,138.2 1 0
github.com/NVIDIA/OpenShell/sdk/go/openshell/v1/stub_clients.go:143.117,145.2 1 0
github.com/NVIDIA/OpenShell/sdk/go/openshell/v1/stub_clients.go:146.112,148.2 1 0
github.com/NVIDIA/OpenShell/sdk/go/openshell/v1/stub_clients.go:153.89,155.2 1 0
github.com/NVIDIA/OpenShell/sdk/go/openshell/v1/stub_clients.go:156.76,158.2 1 0
github.com/NVIDIA/OpenShell/sdk/go/openshell/v1/stub_clients.go:159.104,161.2 1 0
github.com/NVIDIA/OpenShell/sdk/go/openshell/v1/stub_clients.go:166.106,168.2 1 0
github.com/NVIDIA/OpenShell/sdk/go/openshell/v1/stub_clients.go:169.99,171.2 1 0
github.com/NVIDIA/OpenShell/sdk/go/openshell/v1/stub_clients.go:172.83,174.2 1 0
github.com/NVIDIA/OpenShell/sdk/go/openshell/v1/stub_clients.go:175.126,177.2 1 0
github.com/NVIDIA/OpenShell/sdk/go/openshell/v1/stub_clients.go:178.93,180.2 1 0
github.com/NVIDIA/OpenShell/sdk/go/openshell/v1/stub_clients.go:181.99,183.2 1 0
github.com/NVIDIA/OpenShell/sdk/go/openshell/v1/stub_clients.go:184.115,186.2 1 0
github.com/NVIDIA/OpenShell/sdk/go/openshell/v1/stub_clients.go:187.112,189.2 1 0
github.com/NVIDIA/OpenShell/sdk/go/openshell/v1/stub_clients.go:190.100,192.2 1 0
github.com/NVIDIA/OpenShell/sdk/go/openshell/v1/stub_clients.go:193.93,195.2 1 0
github.com/NVIDIA/OpenShell/sdk/go/openshell/v1/tcp.go:22.52,23.32 1 0
github.com/NVIDIA/OpenShell/sdk/go/openshell/v1/tcp.go:23.32,25.3 1 0
github.com/NVIDIA/OpenShell/sdk/go/openshell/v1/tcp.go:40.48,41.31 1 0
github.com/NVIDIA/OpenShell/sdk/go/openshell/v1/tcp.go:41.31,43.3 1 0
github.com/NVIDIA/OpenShell/sdk/go/openshell/v1/tcp.go:49.35,50.31 1 0
github.com/NVIDIA/OpenShell/sdk/go/openshell/v1/tcp.go:50.31,52.3 1 0
github.com/NVIDIA/OpenShell/sdk/go/openshell/v1/tcp.go:57.50,58.31 1 0
github.com/NVIDIA/OpenShell/sdk/go/openshell/v1/tcp.go:58.31,60.3 1 0
github.com/NVIDIA/OpenShell/sdk/go/openshell/v1/watch.go:27.81,33.2 1 0
github.com/NVIDIA/OpenShell/sdk/go/openshell/v1/watch.go:35.51,37.2 1 0
github.com/NVIDIA/OpenShell/sdk/go/openshell/v1/watch.go:39.29,40.23 1 0
github.com/NVIDIA/OpenShell/sdk/go/openshell/v1/watch.go:40.23,42.22 2 0
github.com/NVIDIA/OpenShell/sdk/go/openshell/v1/watch.go:42.22,44.4 1 0
github.com/NVIDIA/OpenShell/sdk/go/openshell/v1/internal/converter/copy.go:10.59,11.14 1 35
github.com/NVIDIA/OpenShell/sdk/go/openshell/v1/internal/converter/copy.go:11.14,13.3 1 14
github.com/NVIDIA/OpenShell/sdk/go/openshell/v1/internal/converter/copy.go:14.2,15.22 2 21
github.com/NVIDIA/OpenShell/sdk/go/openshell/v1/internal/converter/copy.go:15.22,17.3 1 22
github.com/NVIDIA/OpenShell/sdk/go/openshell/v1/internal/converter/copy.go:18.2,18.10 1 21
github.com/NVIDIA/OpenShell/sdk/go/openshell/v1/internal/converter/copy.go:23.33,24.14 1 5
github.com/NVIDIA/OpenShell/sdk/go/openshell/v1/internal/converter/copy.go:24.14,26.3 1 1
github.com/NVIDIA/OpenShell/sdk/go/openshell/v1/internal/converter/copy.go:27.2,28.11 2 4
github.com/NVIDIA/OpenShell/sdk/go/openshell/v1/internal/converter/copy.go:33.43,34.14 1 12
github.com/NVIDIA/OpenShell/sdk/go/openshell/v1/internal/converter/copy.go:34.14,36.3 1 2
github.com/NVIDIA/OpenShell/sdk/go/openshell/v1/internal/converter/copy.go:37.2,39.10 3 10
github.com/NVIDIA/OpenShell/sdk/go/openshell/v1/internal/converter/copy.go:44.37,45.14 1 0
github.com/NVIDIA/OpenShell/sdk/go/openshell/v1/internal/converter/copy.go:45.14,47.3 1 0
github.com/NVIDIA/OpenShell/sdk/go/openshell/v1/internal/converter/copy.go:48.2,50.10 3 0
github.com/NVIDIA/OpenShell/sdk/go/openshell/v1/internal/converter/copy.go:53.53,54.14 1 4
github.com/NVIDIA/OpenShell/sdk/go/openshell/v1/internal/converter/copy.go:54.14,56.3 1 4
github.com/NVIDIA/OpenShell/sdk/go/openshell/v1/internal/converter/copy.go:57.2,57.18 1 0
github.com/NVIDIA/OpenShell/sdk/go/openshell/v1/internal/converter/copy.go:60.53,61.14 1 6
github.com/NVIDIA/OpenShell/sdk/go/openshell/v1/internal/converter/copy.go:61.14,63.3 1 6
github.com/NVIDIA/OpenShell/sdk/go/openshell/v1/internal/converter/copy.go:64.2,65.10 2 0
github.com/NVIDIA/OpenShell/sdk/go/openshell/v1/internal/converter/errors.go:30.37,31.16 1 14
github.com/NVIDIA/OpenShell/sdk/go/openshell/v1/internal/converter/errors.go:31.16,33.3 1 2
github.com/NVIDIA/OpenShell/sdk/go/openshell/v1/internal/converter/errors.go:35.2,36.9 2 12
github.com/NVIDIA/OpenShell/sdk/go/openshell/v1/internal/converter/errors.go:36.9,38.3 1 1
github.com/NVIDIA/OpenShell/sdk/go/openshell/v1/internal/converter/errors.go:40.2,40.27 1 11
github.com/NVIDIA/OpenShell/sdk/go/openshell/v1/internal/converter/errors.go:40.27,42.3 1 0
github.com/NVIDIA/OpenShell/sdk/go/openshell/v1/internal/converter/errors.go:44.2,45.13 2 11
github.com/NVIDIA/OpenShell/sdk/go/openshell/v1/internal/converter/errors.go:45.13,47.3 1 1
github.com/NVIDIA/OpenShell/sdk/go/openshell/v1/internal/converter/errors.go:49.2,52.3 1 11
github.com/NVIDIA/OpenShell/sdk/go/openshell/v1/internal/converter/log.go:14.60,15.14 1 5
github.com/NVIDIA/OpenShell/sdk/go/openshell/v1/internal/converter/log.go:15.14,17.3 1 1
github.com/NVIDIA/OpenShell/sdk/go/openshell/v1/internal/converter/log.go:18.2,25.3 1 4
github.com/NVIDIA/OpenShell/sdk/go/openshell/v1/internal/converter/log.go:31.72,32.14 1 3
github.com/NVIDIA/OpenShell/sdk/go/openshell/v1/internal/converter/log.go:32.14,34.3 1 1
github.com/NVIDIA/OpenShell/sdk/go/openshell/v1/internal/converter/log.go:35.2,38.40 2 2
github.com/NVIDIA/OpenShell/sdk/go/openshell/v1/internal/converter/log.go:38.40,40.26 2 1
github.com/NVIDIA/OpenShell/sdk/go/openshell/v1/internal/converter/log.go:40.26,41.58 1 2
github.com/NVIDIA/OpenShell/sdk/go/openshell/v1/internal/converter/log.go:41.58,43.5 1 2
github.com/NVIDIA/OpenShell/sdk/go/openshell/v1/internal/converter/log.go:46.2,46.15 1 2
github.com/NVIDIA/OpenShell/sdk/go/openshell/v1/internal/converter/network_policy.go:14.85,15.14 1 1
github.com/NVIDIA/OpenShell/sdk/go/openshell/v1/internal/converter/network_policy.go:15.14,17.3 1 0
github.com/NVIDIA/OpenShell/sdk/go/openshell/v1/internal/converter/network_policy.go:18.2,21.43 2 1
github.com/NVIDIA/OpenShell/sdk/go/openshell/v1/internal/converter/network_policy.go:21.43,23.26 2 1
github.com/NVIDIA/OpenShell/sdk/go/openshell/v1/internal/converter/network_policy.go:23.26,24.17 1 1
github.com/NVIDIA/OpenShell/sdk/go/openshell/v1/internal/converter/network_policy.go:24.17,26.5 1 1
github.com/NVIDIA/OpenShell/sdk/go/openshell/v1/internal/converter/network_policy.go:29.2,29.44 1 1
github.com/NVIDIA/OpenShell/sdk/go/openshell/v1/internal/converter/network_policy.go:29.44,31.26 2 0
github.com/NVIDIA/OpenShell/sdk/go/openshell/v1/internal/converter/network_policy.go:31.26,32.16 1 0
github.com/NVIDIA/OpenShell/sdk/go/openshell/v1/internal/converter/network_policy.go:32.16,34.5 1 0
github.com/NVIDIA/OpenShell/sdk/go/openshell/v1/internal/converter/network_policy.go:37.2,37.15 1 1
github.com/NVIDIA/OpenShell/sdk/go/openshell/v1/internal/converter/network_policy.go:41.83,42.14 1 1
github.com/NVIDIA/OpenShell/sdk/go/openshell/v1/internal/converter/network_policy.go:42.14,44.3 1 0
github.com/NVIDIA/OpenShell/sdk/go/openshell/v1/internal/converter/network_policy.go:45.2,48.26 2 1
github.com/NVIDIA/OpenShell/sdk/go/openshell/v1/internal/converter/network_policy.go:48.26,50.30 2 1
github.com/NVIDIA/OpenShell/sdk/go/openshell/v1/internal/converter/network_policy.go:50.30,52.4 1 1
github.com/NVIDIA/OpenShell/sdk/go/openshell/v1/internal/converter/network_policy.go:54.2,54.25 1 1
github.com/NVIDIA/OpenShell/sdk/go/openshell/v1/internal/converter/network_policy.go:54.25,56.29 2 0
github.com/NVIDIA/OpenShell/sdk/go/openshell/v1/internal/converter/network_policy.go:56.29,58.4 1 0
github.com/NVIDIA/OpenShell/sdk/go/openshell/v1/internal/converter/network_policy.go:60.2,60.15 1 1
github.com/NVIDIA/OpenShell/sdk/go/openshell/v1/internal/converter/network_policy.go:65.91,81.44 2 1
github.com/NVIDIA/OpenShell/sdk/go/openshell/v1/internal/converter/network_policy.go:81.44,84.3 2 0
github.com/NVIDIA/OpenShell/sdk/go/openshell/v1/internal/converter/network_policy.go:85.2,85.45 1 1
github.com/NVIDIA/OpenShell/sdk/go/openshell/v1/internal/converter/network_policy.go:85.45,87.3 1 0
github.com/NVIDIA/OpenShell/sdk/go/openshell/v1/internal/converter/network_policy.go:88.2,88.44 1 1
github.com/NVIDIA/OpenShell/sdk/go/openshell/v1/internal/converter/network_policy.go:88.44,90.27 2 0
github.com/NVIDIA/OpenShell/sdk/go/openshell/v1/internal/converter/network_policy.go:90.27,91.16 1 0
github.com/NVIDIA/OpenShell/sdk/go/openshell/v1/internal/converter/network_policy.go:91.16,93.5 1 0
github.com/NVIDIA/OpenShell/sdk/go/openshell/v1/internal/converter/network_policy.go:96.2,96.46 1 1
github.com/NVIDIA/OpenShell/sdk/go/openshell/v1/internal/converter/network_policy.go:96.46,98.26 2 0
github.com/NVIDIA/OpenShell/sdk/go/openshell/v1/internal/converter/network_policy.go:98.26,99.16 1 0
github.com/NVIDIA/OpenShell/sdk/go/openshell/v1/internal/converter/network_policy.go:99.16,101.5 1 0
github.com/NVIDIA/OpenShell/sdk/go/openshell/v1/internal/converter/network_policy.go:104.2,104.58 1 1
github.com/NVIDIA/OpenShell/sdk/go/openshell/v1/internal/converter/network_policy.go:104.58,106.25 2 0
github.com/NVIDIA/OpenShell/sdk/go/openshell/v1/internal/converter/network_policy.go:106.25,107.16 1 0
github.com/NVIDIA/OpenShell/sdk/go/openshell/v1/internal/converter/network_policy.go:107.16,109.5 1 0
github.com/NVIDIA/OpenShell/sdk/go/openshell/v1/internal/converter/network_policy.go:112.2,112.15 1 1
github.com/NVIDIA/OpenShell/sdk/go/openshell/v1/internal/converter/network_policy.go:115.90,131.23 2 1
github.com/NVIDIA/OpenShell/sdk/go/openshell/v1/internal/converter/network_policy.go:131.23,134.3 2 0
github.com/NVIDIA/OpenShell/sdk/go/openshell/v1/internal/converter/network_policy.go:135.2,135.28 1 1
github.com/NVIDIA/OpenShell/sdk/go/openshell/v1/internal/converter/network_policy.go:135.28,137.3 1 0
github.com/NVIDIA/OpenShell/sdk/go/openshell/v1/internal/converter/network_policy.go:138.2,138.23 1 1
github.com/NVIDIA/OpenShell/sdk/go/openshell/v1/internal/converter/network_policy.go:138.23,140.27 2 0
github.com/NVIDIA/OpenShell/sdk/go/openshell/v1/internal/converter/network_policy.go:140.27,142.4 1 0
github.com/NVIDIA/OpenShell/sdk/go/openshell/v1/internal/converter/network_policy.go:144.2,144.27 1 1
github.com/NVIDIA/OpenShell/sdk/go/openshell/v1/internal/converter/network_policy.go:144.27,146.31 2 0
github.com/NVIDIA/OpenShell/sdk/go/openshell/v1/internal/converter/network_policy.go:146.31,148.4 1 0
github.com/NVIDIA/OpenShell/sdk/go/openshell/v1/internal/converter/network_policy.go:150.2,150.41 1 1
github.com/NVIDIA/OpenShell/sdk/go/openshell/v1/internal/converter/network_policy.go:150.41,152.48 2 0
github.com/NVIDIA/OpenShell/sdk/go/openshell/v1/internal/converter/network_policy.go:152.48,154.4 1 0
github.com/NVIDIA/OpenShell/sdk/go/openshell/v1/internal/converter/network_policy.go:156.2,156.15 1 1
github.com/NVIDIA/OpenShell/sdk/go/openshell/v1/internal/converter/network_policy.go:161.51,163.33 2 0
github.com/NVIDIA/OpenShell/sdk/go/openshell/v1/internal/converter/network_policy.go:163.33,172.36 2 0
github.com/NVIDIA/OpenShell/sdk/go/openshell/v1/internal/converter/network_policy.go:172.36,174.4 1 0
github.com/NVIDIA/OpenShell/sdk/go/openshell/v1/internal/converter/network_policy.go:176.2,176.15 1 0
github.com/NVIDIA/OpenShell/sdk/go/openshell/v1/internal/converter/network_policy.go:179.50,181.20 2 0
github.com/NVIDIA/OpenShell/sdk/go/openshell/v1/internal/converter/network_policy.go:181.20,190.29 2 0
github.com/NVIDIA/OpenShell/sdk/go/openshell/v1/internal/converter/network_policy.go:190.29,192.4 1 0
github.com/NVIDIA/OpenShell/sdk/go/openshell/v1/internal/converter/network_policy.go:194.2,194.15 1 0
github.com/NVIDIA/OpenShell/sdk/go/openshell/v1/internal/converter/network_policy.go:199.63,209.2 1 0
github.com/NVIDIA/OpenShell/sdk/go/openshell/v1/internal/converter/network_policy.go:211.62,220.22 2 0
github.com/NVIDIA/OpenShell/sdk/go/openshell/v1/internal/converter/network_policy.go:220.22,222.3 1 0
github.com/NVIDIA/OpenShell/sdk/go/openshell/v1/internal/converter/network_policy.go:223.2,223.15 1 0
github.com/NVIDIA/OpenShell/sdk/go/openshell/v1/internal/converter/network_policy.go:228.93,229.17 1 0
github.com/NVIDIA/OpenShell/sdk/go/openshell/v1/internal/converter/network_policy.go:229.17,231.3 1 0
github.com/NVIDIA/OpenShell/sdk/go/openshell/v1/internal/converter/network_policy.go:232.2,233.22 2 0
github.com/NVIDIA/OpenShell/sdk/go/openshell/v1/internal/converter/network_policy.go:233.22,234.15 1 0
github.com/NVIDIA/OpenShell/sdk/go/openshell/v1/internal/converter/network_policy.go:234.15,239.4 1 0
github.com/NVIDIA/OpenShell/sdk/go/openshell/v1/internal/converter/network_policy.go:241.2,241.15 1 0
github.com/NVIDIA/OpenShell/sdk/go/openshell/v1/internal/converter/network_policy.go:244.91,245.17 1 0
github.com/NVIDIA/OpenShell/sdk/go/openshell/v1/internal/converter/network_policy.go:245.17,247.3 1 0
github.com/NVIDIA/OpenShell/sdk/go/openshell/v1/internal/converter/network_policy.go:248.2,249.22 2 0
github.com/NVIDIA/OpenShell/sdk/go/openshell/v1/internal/converter/network_policy.go:249.22,254.3 1 0
github.com/NVIDIA/OpenShell/sdk/go/openshell/v1/internal/converter/network_policy.go:255.2,255.15 1 0
github.com/NVIDIA/OpenShell/sdk/go/openshell/v1/internal/converter/network_policy.go:259.97,261.2 1 0
github.com/NVIDIA/OpenShell/sdk/go/openshell/v1/internal/converter/network_policy.go:263.95,265.2 1 0
github.com/NVIDIA/OpenShell/sdk/go/openshell/v1/internal/converter/network_policy.go:269.82,275.2 1 0
github.com/NVIDIA/OpenShell/sdk/go/openshell/v1/internal/converter/network_policy.go:277.81,283.2 1 0
github.com/NVIDIA/OpenShell/sdk/go/openshell/v1/internal/converter/policy.go:15.74,16.11 1 0
github.com/NVIDIA/OpenShell/sdk/go/openshell/v1/internal/converter/policy.go:17.45,18.39 1 0
github.com/NVIDIA/OpenShell/sdk/go/openshell/v1/internal/converter/policy.go:19.44,20.38 1 0
github.com/NVIDIA/OpenShell/sdk/go/openshell/v1/internal/converter/policy.go:21.44,22.38 1 0
github.com/NVIDIA/OpenShell/sdk/go/openshell/v1/internal/converter/policy.go:23.48,24.42 1 0
github.com/NVIDIA/OpenShell/sdk/go/openshell/v1/internal/converter/policy.go:25.10,26.43 1 0
github.com/NVIDIA/OpenShell/sdk/go/openshell/v1/internal/converter/policy.go:31.72,32.11 1 0
github.com/NVIDIA/OpenShell/sdk/go/openshell/v1/internal/converter/policy.go:33.37,34.47 1 0
github.com/NVIDIA/OpenShell/sdk/go/openshell/v1/internal/converter/policy.go:35.36,36.46 1 0
github.com/NVIDIA/OpenShell/sdk/go/openshell/v1/internal/converter/policy.go:37.36,38.46 1 0
github.com/NVIDIA/OpenShell/sdk/go/openshell/v1/internal/converter/policy.go:39.40,40.50 1 0
github.com/NVIDIA/OpenShell/sdk/go/openshell/v1/internal/converter/policy.go:41.10,42.51 1 0
github.com/NVIDIA/OpenShell/sdk/go/openshell/v1/internal/converter/policy.go:49.65,50.14 1 0
github.com/NVIDIA/OpenShell/sdk/go/openshell/v1/internal/converter/policy.go:50.14,52.3 1 0
github.com/NVIDIA/OpenShell/sdk/go/openshell/v1/internal/converter/policy.go:53.2,72.3 1 0
github.com/NVIDIA/OpenShell/sdk/go/openshell/v1/internal/converter/policy.go:78.76,79.14 1 0
github.com/NVIDIA/OpenShell/sdk/go/openshell/v1/internal/converter/policy.go:79.14,81.3 1 0
github.com/NVIDIA/OpenShell/sdk/go/openshell/v1/internal/converter/policy.go:82.2,87.46 2 0
github.com/NVIDIA/OpenShell/sdk/go/openshell/v1/internal/converter/policy.go:87.46,89.28 2 0
github.com/NVIDIA/OpenShell/sdk/go/openshell/v1/internal/converter/policy.go:89.28,90.62 1 0
github.com/NVIDIA/OpenShell/sdk/go/openshell/v1/internal/converter/policy.go:90.62,92.5 1 0
github.com/NVIDIA/OpenShell/sdk/go/openshell/v1/internal/converter/policy.go:95.2,95.15 1 0
github.com/NVIDIA/OpenShell/sdk/go/openshell/v1/internal/converter/policy.go:102.73,103.14 1 2
github.com/NVIDIA/OpenShell/sdk/go/openshell/v1/internal/converter/policy.go:103.14,105.3 1 1
github.com/NVIDIA/OpenShell/sdk/go/openshell/v1/internal/converter/policy.go:106.2,112.45 2 1
github.com/NVIDIA/OpenShell/sdk/go/openshell/v1/internal/converter/policy.go:112.45,114.24 2 1
github.com/NVIDIA/OpenShell/sdk/go/openshell/v1/internal/converter/policy.go:114.24,115.68 1 1
github.com/NVIDIA/OpenShell/sdk/go/openshell/v1/internal/converter/policy.go:115.68,117.5 1 1
github.com/NVIDIA/OpenShell/sdk/go/openshell/v1/internal/converter/policy.go:120.2,120.15 1 1
github.com/NVIDIA/OpenShell/sdk/go/openshell/v1/internal/converter/policy.go:125.71,126.14 1 4
github.com/NVIDIA/OpenShell/sdk/go/openshell/v1/internal/converter/policy.go:126.14,128.3 1 2
github.com/NVIDIA/OpenShell/sdk/go/openshell/v1/internal/converter/policy.go:129.2,135.30 2 2
github.com/NVIDIA/OpenShell/sdk/go/openshell/v1/internal/converter/policy.go:135.30,137.39 2 1
github.com/NVIDIA/OpenShell/sdk/go/openshell/v1/internal/converter/policy.go:137.39,139.4 1 1
github.com/NVIDIA/OpenShell/sdk/go/openshell/v1/internal/converter/policy.go:141.2,141.15 1 2
github.com/NVIDIA/OpenShell/sdk/go/openshell/v1/internal/converter/policy.go:144.82,145.14 1 1
github.com/NVIDIA/OpenShell/sdk/go/openshell/v1/internal/converter/policy.go:145.14,147.3 1 0
github.com/NVIDIA/OpenShell/sdk/go/openshell/v1/internal/converter/policy.go:148.2,152.3 1 1
github.com/NVIDIA/OpenShell/sdk/go/openshell/v1/internal/converter/policy.go:155.80,156.14 1 2
github.com/NVIDIA/OpenShell/sdk/go/openshell/v1/internal/converter/policy.go:156.14,158.3 1 0
github.com/NVIDIA/OpenShell/sdk/go/openshell/v1/internal/converter/policy.go:159.2,163.3 1 2
github.com/NVIDIA/OpenShell/sdk/go/openshell/v1/internal/converter/policy.go:166.76,167.14 1 1
github.com/NVIDIA/OpenShell/sdk/go/openshell/v1/internal/converter/policy.go:167.14,169.3 1 0
github.com/NVIDIA/OpenShell/sdk/go/openshell/v1/internal/converter/policy.go:170.2,172.3 1 1
github.com/NVIDIA/OpenShell/sdk/go/openshell/v1/internal/converter/policy.go:175.74,176.14 1 2
github.com/NVIDIA/OpenShell/sdk/go/openshell/v1/internal/converter/policy.go:176.14,178.3 1 1
github.com/NVIDIA/OpenShell/sdk/go/openshell/v1/internal/converter/policy.go:179.2,181.3 1 1
github.com/NVIDIA/OpenShell/sdk/go/openshell/v1/internal/converter/policy.go:184.73,185.14 1 1
github.com/NVIDIA/OpenShell/sdk/go/openshell/v1/internal/converter/policy.go:185.14,187.3 1 0
github.com/NVIDIA/OpenShell/sdk/go/openshell/v1/internal/converter/policy.go:188.2,191.3 1 1
github.com/NVIDIA/OpenShell/sdk/go/openshell/v1/internal/converter/policy.go:194.71,195.14 1 2
github.com/NVIDIA/OpenShell/sdk/go/openshell/v1/internal/converter/policy.go:195.14,197.3 1 1
github.com/NVIDIA/OpenShell/sdk/go/openshell/v1/internal/converter/policy.go:198.2,201.3 1 1
github.com/NVIDIA/OpenShell/sdk/go/openshell/v1/internal/converter/policy.go:207.95,208.14 1 0
github.com/NVIDIA/OpenShell/sdk/go/openshell/v1/internal/converter/policy.go:208.14,210.3 1 0
github.com/NVIDIA/OpenShell/sdk/go/openshell/v1/internal/converter/policy.go:211.2,219.3 1 0
github.com/NVIDIA/OpenShell/sdk/go/openshell/v1/internal/converter/policy.go:225.98,226.14 1 0
github.com/NVIDIA/OpenShell/sdk/go/openshell/v1/internal/converter/policy.go:226.14,228.3 1 0
github.com/NVIDIA/OpenShell/sdk/go/openshell/v1/internal/converter/policy.go:229.2,232.72 2 0
github.com/NVIDIA/OpenShell/sdk/go/openshell/v1/internal/converter/policy.go:232.72,234.3 1 0
github.com/NVIDIA/OpenShell/sdk/go/openshell/v1/internal/converter/policy.go:235.2,235.15 1 0
github.com/NVIDIA/OpenShell/sdk/go/openshell/v1/internal/converter/policy.go:241.83,242.14 1 0
github.com/NVIDIA/OpenShell/sdk/go/openshell/v1/internal/converter/policy.go:242.14,244.3 1 0
github.com/NVIDIA/OpenShell/sdk/go/openshell/v1/internal/converter/policy.go:245.2,248.3 1 0
github.com/NVIDIA/OpenShell/sdk/go/openshell/v1/internal/converter/policy.go:254.93,255.14 1 0
github.com/NVIDIA/OpenShell/sdk/go/openshell/v1/internal/converter/policy.go:255.14,257.3 1 0
github.com/NVIDIA/OpenShell/sdk/go/openshell/v1/internal/converter/policy.go:258.2,263.3 1 0
github.com/NVIDIA/OpenShell/sdk/go/openshell/v1/internal/converter/policy.go:269.74,270.14 1 0
github.com/NVIDIA/OpenShell/sdk/go/openshell/v1/internal/converter/policy.go:270.14,272.3 1 0
github.com/NVIDIA/OpenShell/sdk/go/openshell/v1/internal/converter/policy.go:273.2,276.3 1 0
github.com/NVIDIA/OpenShell/sdk/go/openshell/v1/internal/converter/policy.go:282.78,283.14 1 0
github.com/NVIDIA/OpenShell/sdk/go/openshell/v1/internal/converter/policy.go:283.14,285.3 1 0
github.com/NVIDIA/OpenShell/sdk/go/openshell/v1/internal/converter/policy.go:286.2,288.3 1 0
github.com/NVIDIA/OpenShell/sdk/go/openshell/v1/internal/converter/policy.go:294.83,295.14 1 0
github.com/NVIDIA/OpenShell/sdk/go/openshell/v1/internal/converter/policy.go:295.14,297.3 1 0
github.com/NVIDIA/OpenShell/sdk/go/openshell/v1/internal/converter/policy.go:298.2,303.3 1 0
github.com/NVIDIA/OpenShell/sdk/go/openshell/v1/internal/converter/provider.go:14.56,15.14 1 0
github.com/NVIDIA/OpenShell/sdk/go/openshell/v1/internal/converter/provider.go:15.14,17.3 1 0
github.com/NVIDIA/OpenShell/sdk/go/openshell/v1/internal/converter/provider.go:19.2,26.36 2 0
github.com/NVIDIA/OpenShell/sdk/go/openshell/v1/internal/converter/provider.go:26.36,35.3 8 0
github.com/NVIDIA/OpenShell/sdk/go/openshell/v1/internal/converter/provider.go:37.2,37.63 1 0
github.com/NVIDIA/OpenShell/sdk/go/openshell/v1/internal/converter/provider.go:37.63,39.30 2 0
github.com/NVIDIA/OpenShell/sdk/go/openshell/v1/internal/converter/provider.go:39.30,41.4 1 0
github.com/NVIDIA/OpenShell/sdk/go/openshell/v1/internal/converter/provider.go:44.2,44.15 1 0
github.com/NVIDIA/OpenShell/sdk/go/openshell/v1/internal/converter/provider.go:48.54,49.14 1 0
github.com/NVIDIA/OpenShell/sdk/go/openshell/v1/internal/converter/provider.go:49.14,51.3 1 0
github.com/NVIDIA/OpenShell/sdk/go/openshell/v1/internal/converter/provider.go:53.2,69.41 2 0
github.com/NVIDIA/OpenShell/sdk/go/openshell/v1/internal/converter/provider.go:69.41,71.48 2 0
github.com/NVIDIA/OpenShell/sdk/go/openshell/v1/internal/converter/provider.go:71.48,73.4 1 0
github.com/NVIDIA/OpenShell/sdk/go/openshell/v1/internal/converter/provider.go:76.2,76.15 1 0
github.com/NVIDIA/OpenShell/sdk/go/openshell/v1/internal/converter/sandbox.go:13.53,14.14 1 4
github.com/NVIDIA/OpenShell/sdk/go/openshell/v1/internal/converter/sandbox.go:14.14,16.3 1 1
github.com/NVIDIA/OpenShell/sdk/go/openshell/v1/internal/converter/sandbox.go:18.2,20.36 2 3
github.com/NVIDIA/OpenShell/sdk/go/openshell/v1/internal/converter/sandbox.go:20.36,29.3 8 2
github.com/NVIDIA/OpenShell/sdk/go/openshell/v1/internal/converter/sandbox.go:31.2,31.38 1 3
github.com/NVIDIA/OpenShell/sdk/go/openshell/v1/internal/converter/sandbox.go:31.38,33.3 1 2
github.com/NVIDIA/OpenShell/sdk/go/openshell/v1/internal/converter/sandbox.go:35.2,35.44 1 3
github.com/NVIDIA/OpenShell/sdk/go/openshell/v1/internal/converter/sandbox.go:35.44,37.3 1 1
github.com/NVIDIA/OpenShell/sdk/go/openshell/v1/internal/converter/sandbox.go:37.8,39.3 1 2
github.com/NVIDIA/OpenShell/sdk/go/openshell/v1/internal/converter/sandbox.go:41.2,41.15 1 3
github.com/NVIDIA/OpenShell/sdk/go/openshell/v1/internal/converter/sandbox.go:44.67,52.45 2 2
github.com/NVIDIA/OpenShell/sdk/go/openshell/v1/internal/converter/sandbox.go:52.45,64.3 1 2
github.com/NVIDIA/OpenShell/sdk/go/openshell/v1/internal/converter/sandbox.go:66.2,66.53 1 2
github.com/NVIDIA/OpenShell/sdk/go/openshell/v1/internal/converter/sandbox.go:66.53,67.57 1 2
github.com/NVIDIA/OpenShell/sdk/go/openshell/v1/internal/converter/sandbox.go:67.57,69.4 1 2
github.com/NVIDIA/OpenShell/sdk/go/openshell/v1/internal/converter/sandbox.go:72.2,72.15 1 2
github.com/NVIDIA/OpenShell/sdk/go/openshell/v1/internal/converter/sandbox.go:75.75,85.43 2 1
github.com/NVIDIA/OpenShell/sdk/go/openshell/v1/internal/converter/sandbox.go:85.43,93.3 1 1
github.com/NVIDIA/OpenShell/sdk/go/openshell/v1/internal/converter/sandbox.go:95.2,95.15 1 1
github.com/NVIDIA/OpenShell/sdk/go/openshell/v1/internal/converter/sandbox.go:99.70,100.15 1 8
github.com/NVIDIA/OpenShell/sdk/go/openshell/v1/internal/converter/sandbox.go:101.50,102.35 1 1
github.com/NVIDIA/OpenShell/sdk/go/openshell/v1/internal/converter/sandbox.go:103.43,104.28 1 2
github.com/NVIDIA/OpenShell/sdk/go/openshell/v1/internal/converter/sandbox.go:105.43,106.28 1 1
github.com/NVIDIA/OpenShell/sdk/go/openshell/v1/internal/converter/sandbox.go:107.46,108.31 1 1
github.com/NVIDIA/OpenShell/sdk/go/openshell/v1/internal/converter/sandbox.go:109.45,110.30 1 1
github.com/NVIDIA/OpenShell/sdk/go/openshell/v1/internal/converter/sandbox.go:111.10,112.30 1 2
github.com/NVIDIA/OpenShell/sdk/go/openshell/v1/internal/converter/sandbox.go:117.68,118.15 1 6
github.com/NVIDIA/OpenShell/sdk/go/openshell/v1/internal/converter/sandbox.go:119.33,120.52 1 1
github.com/NVIDIA/OpenShell/sdk/go/openshell/v1/internal/converter/sandbox.go:121.26,122.45 1 1
github.com/NVIDIA/OpenShell/sdk/go/openshell/v1/internal/converter/sandbox.go:123.26,124.45 1 1
github.com/NVIDIA/OpenShell/sdk/go/openshell/v1/internal/converter/sandbox.go:125.29,126.48 1 1
github.com/NVIDIA/OpenShell/sdk/go/openshell/v1/internal/converter/sandbox.go:127.28,128.47 1 1
github.com/NVIDIA/OpenShell/sdk/go/openshell/v1/internal/converter/sandbox.go:129.10,130.47 1 1
github.com/NVIDIA/OpenShell/sdk/go/openshell/v1/internal/converter/sandbox.go:135.51,136.14 1 4
github.com/NVIDIA/OpenShell/sdk/go/openshell/v1/internal/converter/sandbox.go:136.14,138.3 1 1
github.com/NVIDIA/OpenShell/sdk/go/openshell/v1/internal/converter/sandbox.go:140.2,152.3 1 3
github.com/NVIDIA/OpenShell/sdk/go/openshell/v1/internal/converter/sandbox.go:156.66,157.17 1 5
github.com/NVIDIA/OpenShell/sdk/go/openshell/v1/internal/converter/sandbox.go:157.17,159.3 1 1
github.com/NVIDIA/OpenShell/sdk/go/openshell/v1/internal/converter/sandbox.go:161.2,168.26 2 4
github.com/NVIDIA/OpenShell/sdk/go/openshell/v1/internal/converter/sandbox.go:168.26,180.3 1 3
github.com/NVIDIA/OpenShell/sdk/go/openshell/v1/internal/converter/sandbox.go:182.2,182.26 1 4
github.com/NVIDIA/OpenShell/sdk/go/openshell/v1/internal/converter/sandbox.go:182.26,188.3 1 3
github.com/NVIDIA/OpenShell/sdk/go/openshell/v1/internal/converter/sandbox.go:190.2,190.15 1 4
github.com/NVIDIA/OpenShell/sdk/go/openshell/v1/internal/converter/time.go:10.41,11.13 1 9
github.com/NVIDIA/OpenShell/sdk/go/openshell/v1/internal/converter/time.go:11.13,13.3 1 1
github.com/NVIDIA/OpenShell/sdk/go/openshell/v1/internal/converter/time.go:14.2,14.33 1 8
github.com/NVIDIA/OpenShell/sdk/go/openshell/v1/internal/converter/time.go:19.40,20.16 1 6
github.com/NVIDIA/OpenShell/sdk/go/openshell/v1/internal/converter/time.go:20.16,22.3 1 2
github.com/NVIDIA/OpenShell/sdk/go/openshell/v1/internal/converter/time.go:23.2,23.22 1 4
github.com/NVIDIA/OpenShell/sdk/go/openshell/v1/internal/converter/time.go:28.45,29.13 1 5
github.com/NVIDIA/OpenShell/sdk/go/openshell/v1/internal/converter/time.go:29.13,31.3 1 1
github.com/NVIDIA/OpenShell/sdk/go/openshell/v1/internal/converter/time.go:32.2,33.11 2 4
github.com/NVIDIA/OpenShell/sdk/go/openshell/v1/internal/converter/time.go:38.44,39.14 1 6
github.com/NVIDIA/OpenShell/sdk/go/openshell/v1/internal/converter/time.go:39.14,41.3 1 2
github.com/NVIDIA/OpenShell/sdk/go/openshell/v1/internal/converter/time.go:42.2,42.22 1 4
github.com/NVIDIA/OpenShell/sdk/go/openshell/v1/internal/grpc/conn.go:31.117,33.43 2 0
github.com/NVIDIA/OpenShell/sdk/go/openshell/v1/internal/grpc/conn.go:33.43,36.3 2 0
github.com/NVIDIA/OpenShell/sdk/go/openshell/v1/internal/grpc/conn.go:36.8,38.3 1 0
github.com/NVIDIA/OpenShell/sdk/go/openshell/v1/internal/grpc/conn.go:39.2,41.38 2 0
github.com/NVIDIA/OpenShell/sdk/go/openshell/v1/internal/grpc/conn.go:41.38,43.3 1 0
github.com/NVIDIA/OpenShell/sdk/go/openshell/v1/internal/grpc/conn.go:43.8,43.25 1 0
github.com/NVIDIA/OpenShell/sdk/go/openshell/v1/internal/grpc/conn.go:43.25,45.3 1 0
github.com/NVIDIA/OpenShell/sdk/go/openshell/v1/internal/grpc/conn.go:45.8,45.26 1 0
github.com/NVIDIA/OpenShell/sdk/go/openshell/v1/internal/grpc/conn.go:45.26,47.17 2 0
github.com/NVIDIA/OpenShell/sdk/go/openshell/v1/internal/grpc/conn.go:47.17,49.4 1 0
github.com/NVIDIA/OpenShell/sdk/go/openshell/v1/internal/grpc/conn.go:50.3,50.60 1 0
github.com/NVIDIA/OpenShell/sdk/go/openshell/v1/internal/grpc/conn.go:51.8,53.3 1 0
github.com/NVIDIA/OpenShell/sdk/go/openshell/v1/internal/grpc/conn.go:55.2,55.17 1 0
github.com/NVIDIA/OpenShell/sdk/go/openshell/v1/internal/grpc/conn.go:55.17,57.3 1 0
github.com/NVIDIA/OpenShell/sdk/go/openshell/v1/internal/grpc/conn.go:59.2,60.16 2 0
github.com/NVIDIA/OpenShell/sdk/go/openshell/v1/internal/grpc/conn.go:60.16,62.3 1 0
github.com/NVIDIA/OpenShell/sdk/go/openshell/v1/internal/grpc/conn.go:63.2,63.18 1 0
github.com/NVIDIA/OpenShell/sdk/go/openshell/v1/internal/grpc/conn.go:66.84,69.22 2 0
github.com/NVIDIA/OpenShell/sdk/go/openshell/v1/internal/grpc/conn.go:69.22,71.17 2 0
github.com/NVIDIA/OpenShell/sdk/go/openshell/v1/internal/grpc/conn.go:71.17,73.4 1 0
github.com/NVIDIA/OpenShell/sdk/go/openshell/v1/internal/grpc/conn.go:74.3,75.39 2 0
github.com/NVIDIA/OpenShell/sdk/go/openshell/v1/internal/grpc/conn.go:75.39,77.4 1 0
github.com/NVIDIA/OpenShell/sdk/go/openshell/v1/internal/grpc/conn.go:78.3,78.27 1 0
github.com/NVIDIA/OpenShell/sdk/go/openshell/v1/internal/grpc/conn.go:81.2,81.45 1 0
github.com/NVIDIA/OpenShell/sdk/go/openshell/v1/internal/grpc/conn.go:81.45,83.17 2 0
github.com/NVIDIA/OpenShell/sdk/go/openshell/v1/internal/grpc/conn.go:83.17,85.4 1 0
github.com/NVIDIA/OpenShell/sdk/go/openshell/v1/internal/grpc/conn.go:86.3,86.51 1 0
github.com/NVIDIA/OpenShell/sdk/go/openshell/v1/internal/grpc/conn.go:87.8,87.52 1 0
github.com/NVIDIA/OpenShell/sdk/go/openshell/v1/internal/grpc/conn.go:87.52,89.3 1 0
github.com/NVIDIA/OpenShell/sdk/go/openshell/v1/internal/grpc/conn.go:91.2,91.43 1 0
github.com/NVIDIA/OpenShell/sdk/go/openshell/v1/types/errors.go:29.36,30.11 1 0
github.com/NVIDIA/OpenShell/sdk/go/openshell/v1/types/errors.go:31.21,32.20 1 0
github.com/NVIDIA/OpenShell/sdk/go/openshell/v1/types/errors.go:33.26,34.25 1 0
github.com/NVIDIA/OpenShell/sdk/go/openshell/v1/types/errors.go:35.24,36.23 1 0
github.com/NVIDIA/OpenShell/sdk/go/openshell/v1/types/errors.go:37.29,38.28 1 0
github.com/NVIDIA/OpenShell/sdk/go/openshell/v1/types/errors.go:39.28,40.27 1 0
github.com/NVIDIA/OpenShell/sdk/go/openshell/v1/types/errors.go:41.29,42.28 1 0
github.com/NVIDIA/OpenShell/sdk/go/openshell/v1/types/errors.go:43.22,44.21 1 0
github.com/NVIDIA/OpenShell/sdk/go/openshell/v1/types/errors.go:45.21,46.20 1 0
github.com/NVIDIA/OpenShell/sdk/go/openshell/v1/types/errors.go:47.26,48.25 1 0
github.com/NVIDIA/OpenShell/sdk/go/openshell/v1/types/errors.go:49.21,50.20 1 0
github.com/NVIDIA/OpenShell/sdk/go/openshell/v1/types/errors.go:51.10,52.44 1 0
github.com/NVIDIA/OpenShell/sdk/go/openshell/v1/types/errors.go:63.38,65.2 1 0
github.com/NVIDIA/OpenShell/sdk/go/openshell/v1/types/errors.go:68.33,70.2 1 1
github.com/NVIDIA/OpenShell/sdk/go/openshell/v1/types/errors.go:73.38,75.2 1 1
github.com/NVIDIA/OpenShell/sdk/go/openshell/v1/types/errors.go:78.36,80.2 1 1
github.com/NVIDIA/OpenShell/sdk/go/openshell/v1/types/errors.go:83.41,85.2 1 1
github.com/NVIDIA/OpenShell/sdk/go/openshell/v1/types/errors.go:88.40,90.2 1 1
github.com/NVIDIA/OpenShell/sdk/go/openshell/v1/types/errors.go:93.41,95.2 1 1
github.com/NVIDIA/OpenShell/sdk/go/openshell/v1/types/errors.go:98.34,100.2 1 1
github.com/NVIDIA/OpenShell/sdk/go/openshell/v1/types/errors.go:103.38,105.2 1 0
github.com/NVIDIA/OpenShell/sdk/go/openshell/v1/types/errors.go:109.33,111.2 1 1
github.com/NVIDIA/OpenShell/sdk/go/openshell/v1/types/errors.go:113.46,114.16 1 8
github.com/NVIDIA/OpenShell/sdk/go/openshell/v1/types/errors.go:114.16,116.3 1 0
github.com/NVIDIA/OpenShell/sdk/go/openshell/v1/types/errors.go:117.2,118.25 2 8
github.com/NVIDIA/OpenShell/sdk/go/openshell/v1/types/errors.go:118.25,120.3 1 8
github.com/NVIDIA/OpenShell/sdk/go/openshell/v1/types/errors.go:121.2,121.14 1 0
github.com/NVIDIA/OpenShell/sdk/go/openshell/v1/types/log.go:44.39,45.28 1 0
github.com/NVIDIA/OpenShell/sdk/go/openshell/v1/types/log.go:45.28,47.3 1 0
github.com/NVIDIA/OpenShell/sdk/go/openshell/v1/types/log.go:51.42,52.28 1 0
github.com/NVIDIA/OpenShell/sdk/go/openshell/v1/types/log.go:52.28,54.3 1 0
github.com/NVIDIA/OpenShell/sdk/go/openshell/v1/types/log.go:58.50,59.28 1 0
github.com/NVIDIA/OpenShell/sdk/go/openshell/v1/types/log.go:59.28,61.3 1 0
github.com/NVIDIA/OpenShell/sdk/go/openshell/v1/types/log.go:65.46,66.28 1 0
github.com/NVIDIA/OpenShell/sdk/go/openshell/v1/types/log.go:66.28,68.3 1 0
github.com/NVIDIA/OpenShell/sdk/go/openshell/v1/types/log.go:72.50,74.27 2 0
github.com/NVIDIA/OpenShell/sdk/go/openshell/v1/types/log.go:74.27,76.3 1 0
github.com/NVIDIA/OpenShell/sdk/go/openshell/v1/types/log.go:77.2,77.12 1 0
github.com/NVIDIA/OpenShell/sdk/go/openshell/v1/types/log.go:81.36,83.2 1 0
github.com/NVIDIA/OpenShell/sdk/go/openshell/v1/types/log.go:86.39,88.2 1 0
github.com/NVIDIA/OpenShell/sdk/go/openshell/v1/types/log.go:91.40,93.2 1 0
github.com/NVIDIA/OpenShell/sdk/go/openshell/v1/types/log.go:96.39,98.2 1 0
github.com/NVIDIA/OpenShell/sdk/go/openshell/v1/types/policy.go:25.43,26.11 1 0
github.com/NVIDIA/OpenShell/sdk/go/openshell/v1/types/policy.go:27.35,28.23 1 0
github.com/NVIDIA/OpenShell/sdk/go/openshell/v1/types/policy.go:29.31,30.19 1 0
github.com/NVIDIA/OpenShell/sdk/go/openshell/v1/types/policy.go:31.30,32.18 1 0
github.com/NVIDIA/OpenShell/sdk/go/openshell/v1/types/policy.go:33.30,34.18 1 0
github.com/NVIDIA/OpenShell/sdk/go/openshell/v1/types/policy.go:35.34,36.22 1 0
github.com/NVIDIA/OpenShell/sdk/go/openshell/v1/types/policy.go:37.10,38.19 1 0
github.com/NVIDIA/OpenShell/sdk/go/openshell/v1/types/policy.go:223.53,224.33 1 0
github.com/NVIDIA/OpenShell/sdk/go/openshell/v1/types/policy.go:224.33,226.3 1 0
github.com/NVIDIA/OpenShell/sdk/go/openshell/v1/types/policy.go:230.65,232.27 2 0
github.com/NVIDIA/OpenShell/sdk/go/openshell/v1/types/policy.go:232.27,234.3 1 0
github.com/NVIDIA/OpenShell/sdk/go/openshell/v1/types/policy.go:235.2,235.12 1 0
github.com/NVIDIA/OpenShell/sdk/go/openshell/v1/types/policy.go:239.48,241.2 1 0
github.com/NVIDIA/OpenShell/sdk/go/openshell/v1/types/policy.go:252.52,253.35 1 0
github.com/NVIDIA/OpenShell/sdk/go/openshell/v1/types/policy.go:253.35,255.3 1 0
github.com/NVIDIA/OpenShell/sdk/go/openshell/v1/types/policy.go:259.71,261.27 2 0
github.com/NVIDIA/OpenShell/sdk/go/openshell/v1/types/policy.go:261.27,263.3 1 0
github.com/NVIDIA/OpenShell/sdk/go/openshell/v1/types/policy.go:264.2,264.12 1 0
github.com/NVIDIA/OpenShell/sdk/go/openshell/v1/types/policy.go:268.58,270.2 1 0
github.com/NVIDIA/OpenShell/sdk/go/openshell/v1/types/policy.go:281.50,282.34 1 0
github.com/NVIDIA/OpenShell/sdk/go/openshell/v1/types/policy.go:282.34,284.3 1 0
github.com/NVIDIA/OpenShell/sdk/go/openshell/v1/types/policy.go:288.68,290.27 2 0
github.com/NVIDIA/OpenShell/sdk/go/openshell/v1/types/policy.go:290.27,292.3 1 0
github.com/NVIDIA/OpenShell/sdk/go/openshell/v1/types/policy.go:293.2,293.12 1 0
github.com/NVIDIA/OpenShell/sdk/go/openshell/v1/types/policy.go:297.44,299.2 1 0
github.com/NVIDIA/OpenShell/sdk/go/openshell/v1/types/policy.go:311.47,312.35 1 0
github.com/NVIDIA/OpenShell/sdk/go/openshell/v1/types/policy.go:312.35,314.3 1 0
github.com/NVIDIA/OpenShell/sdk/go/openshell/v1/types/policy.go:318.49,319.35 1 0
github.com/NVIDIA/OpenShell/sdk/go/openshell/v1/types/policy.go:319.35,321.3 1 0
github.com/NVIDIA/OpenShell/sdk/go/openshell/v1/types/policy.go:325.71,327.27 2 0
github.com/NVIDIA/OpenShell/sdk/go/openshell/v1/types/policy.go:327.27,329.3 1 0
github.com/NVIDIA/OpenShell/sdk/go/openshell/v1/types/policy.go:330.2,330.12 1 0
github.com/NVIDIA/OpenShell/sdk/go/openshell/v1/types/policy.go:334.43,336.2 1 0
github.com/NVIDIA/OpenShell/sdk/go/openshell/v1/types/policy.go:339.44,341.2 1 0
github.com/NVIDIA/OpenShell/sdk/go/openshell/v1/types/ssh.go:31.37,34.2 1 0
github.com/NVIDIA/OpenShell/sdk/go/openshell/v1/auth.go:19.28,21.2 1 11
github.com/NVIDIA/OpenShell/sdk/go/openshell/v1/auth.go:23.96,25.2 1 3
github.com/NVIDIA/OpenShell/sdk/go/openshell/v1/auth.go:27.50,29.2 1 5
github.com/NVIDIA/OpenShell/sdk/go/openshell/v1/auth.go:36.45,38.2 1 7
github.com/NVIDIA/OpenShell/sdk/go/openshell/v1/auth.go:40.101,44.2 1 5
github.com/NVIDIA/OpenShell/sdk/go/openshell/v1/auth.go:46.55,48.2 1 2
github.com/NVIDIA/OpenShell/sdk/go/openshell/v1/auth_extra.go:30.91,31.17 1 13
github.com/NVIDIA/OpenShell/sdk/go/openshell/v1/auth_extra.go:31.17,33.3 1 1
github.com/NVIDIA/OpenShell/sdk/go/openshell/v1/auth_extra.go:34.2,34.23 1 12
github.com/NVIDIA/OpenShell/sdk/go/openshell/v1/auth_extra.go:34.23,36.3 1 2
github.com/NVIDIA/OpenShell/sdk/go/openshell/v1/auth_extra.go:39.2,40.28 2 10
github.com/NVIDIA/OpenShell/sdk/go/openshell/v1/auth_extra.go:40.28,41.14 1 12
github.com/NVIDIA/OpenShell/sdk/go/openshell/v1/auth_extra.go:41.14,42.12 1 2
github.com/NVIDIA/OpenShell/sdk/go/openshell/v1/auth_extra.go:44.3,44.37 1 10
github.com/NVIDIA/OpenShell/sdk/go/openshell/v1/auth_extra.go:47.2,47.26 1 10
github.com/NVIDIA/OpenShell/sdk/go/openshell/v1/auth_extra.go:47.26,49.3 1 1
github.com/NVIDIA/OpenShell/sdk/go/openshell/v1/auth_extra.go:51.2,54.8 1 9
github.com/NVIDIA/OpenShell/sdk/go/openshell/v1/auth_extra.go:59.110,61.16 2 7
github.com/NVIDIA/OpenShell/sdk/go/openshell/v1/auth_extra.go:61.16,63.3 1 1
github.com/NVIDIA/OpenShell/sdk/go/openshell/v1/auth_extra.go:67.2,68.27 2 6
github.com/NVIDIA/OpenShell/sdk/go/openshell/v1/auth_extra.go:68.27,70.3 1 4
github.com/NVIDIA/OpenShell/sdk/go/openshell/v1/auth_extra.go:72.2,74.20 2 6
github.com/NVIDIA/OpenShell/sdk/go/openshell/v1/auth_extra.go:78.60,80.2 1 2
github.com/NVIDIA/OpenShell/sdk/go/openshell/v1/auth_refresh.go:29.43,33.2 1 13
github.com/NVIDIA/OpenShell/sdk/go/openshell/v1/auth_refresh.go:37.48,38.32 1 5
github.com/NVIDIA/OpenShell/sdk/go/openshell/v1/auth_refresh.go:38.32,39.12 1 5
github.com/NVIDIA/OpenShell/sdk/go/openshell/v1/auth_refresh.go:39.12,41.4 1 0
github.com/NVIDIA/OpenShell/sdk/go/openshell/v1/auth_refresh.go:42.3,42.15 1 5
github.com/NVIDIA/OpenShell/sdk/go/openshell/v1/auth_refresh.go:48.47,49.32 1 1
github.com/NVIDIA/OpenShell/sdk/go/openshell/v1/auth_refresh.go:49.32,51.3 1 1
github.com/NVIDIA/OpenShell/sdk/go/openshell/v1/auth_refresh.go:62.47,63.18 1 1044
github.com/NVIDIA/OpenShell/sdk/go/openshell/v1/auth_refresh.go:63.18,65.3 1 22
github.com/NVIDIA/OpenShell/sdk/go/openshell/v1/auth_refresh.go:66.2,66.27 1 1022
github.com/NVIDIA/OpenShell/sdk/go/openshell/v1/auth_refresh.go:66.27,68.3 1 10
github.com/NVIDIA/OpenShell/sdk/go/openshell/v1/auth_refresh.go:69.2,69.55 1 1012
github.com/NVIDIA/OpenShell/sdk/go/openshell/v1/auth_refresh.go:72.105,75.22 2 1027
github.com/NVIDIA/OpenShell/sdk/go/openshell/v1/auth_refresh.go:75.22,79.3 3 1010
github.com/NVIDIA/OpenShell/sdk/go/openshell/v1/auth_refresh.go:80.2,86.22 4 17
github.com/NVIDIA/OpenShell/sdk/go/openshell/v1/auth_refresh.go:86.22,88.3 1 0
github.com/NVIDIA/OpenShell/sdk/go/openshell/v1/auth_refresh.go:90.2,91.16 2 17
github.com/NVIDIA/OpenShell/sdk/go/openshell/v1/auth_refresh.go:91.16,92.19 1 4
github.com/NVIDIA/OpenShell/sdk/go/openshell/v1/auth_refresh.go:92.19,93.23 1 3
github.com/NVIDIA/OpenShell/sdk/go/openshell/v1/auth_refresh.go:93.23,95.5 1 1
github.com/NVIDIA/OpenShell/sdk/go/openshell/v1/auth_refresh.go:96.4,96.81 1 3
github.com/NVIDIA/OpenShell/sdk/go/openshell/v1/auth_refresh.go:98.3,98.18 1 1
github.com/NVIDIA/OpenShell/sdk/go/openshell/v1/auth_refresh.go:101.2,101.19 1 13
github.com/NVIDIA/OpenShell/sdk/go/openshell/v1/auth_refresh.go:101.19,102.19 1 0
github.com/NVIDIA/OpenShell/sdk/go/openshell/v1/auth_refresh.go:102.19,103.23 1 0
github.com/NVIDIA/OpenShell/sdk/go/openshell/v1/auth_refresh.go:103.23,105.5 1 0
github.com/NVIDIA/OpenShell/sdk/go/openshell/v1/auth_refresh.go:106.4,106.81 1 0
github.com/NVIDIA/OpenShell/sdk/go/openshell/v1/auth_refresh.go:108.3,108.71 1 0
github.com/NVIDIA/OpenShell/sdk/go/openshell/v1/auth_refresh.go:111.2,112.79 2 13
github.com/NVIDIA/OpenShell/sdk/go/openshell/v1/auth_refresh.go:115.59,117.2 1 1
github.com/NVIDIA/OpenShell/sdk/go/openshell/v1/auth_refresh.go:122.92,123.16 1 14
github.com/NVIDIA/OpenShell/sdk/go/openshell/v1/auth_refresh.go:123.16,125.3 1 1
github.com/NVIDIA/OpenShell/sdk/go/openshell/v1/auth_refresh.go:127.2,128.25 2 13
github.com/NVIDIA/OpenShell/sdk/go/openshell/v1/auth_refresh.go:128.25,130.3 1 6
github.com/NVIDIA/OpenShell/sdk/go/openshell/v1/auth_refresh.go:132.2,136.8 1 13
github.com/NVIDIA/OpenShell/sdk/go/openshell/v1/client.go:63.45,64.23 1 4
github.com/NVIDIA/OpenShell/sdk/go/openshell/v1/client.go:64.23,66.3 1 1
github.com/NVIDIA/OpenShell/sdk/go/openshell/v1/client.go:68.2,68.21 1 3
github.com/NVIDIA/OpenShell/sdk/go/openshell/v1/client.go:68.21,70.3 1 1
github.com/NVIDIA/OpenShell/sdk/go/openshell/v1/client.go:72.2,73.20 2 3
github.com/NVIDIA/OpenShell/sdk/go/openshell/v1/client.go:73.20,80.3 1 3
github.com/NVIDIA/OpenShell/sdk/go/openshell/v1/client.go:82.2,83.16 2 3
github.com/NVIDIA/OpenShell/sdk/go/openshell/v1/client.go:83.16,85.3 1 0
github.com/NVIDIA/OpenShell/sdk/go/openshell/v1/client.go:87.2,103.15 12 3
github.com/NVIDIA/OpenShell/sdk/go/openshell/v1/client.go:107.47,107.69 1 1
github.com/NVIDIA/OpenShell/sdk/go/openshell/v1/client.go:110.48,110.70 1 1
github.com/NVIDIA/OpenShell/sdk/go/openshell/v1/client.go:113.46,113.67 1 0
github.com/NVIDIA/OpenShell/sdk/go/openshell/v1/client.go:116.39,116.56 1 1
github.com/NVIDIA/OpenShell/sdk/go/openshell/v1/client.go:119.40,119.58 1 1
github.com/NVIDIA/OpenShell/sdk/go/openshell/v1/client.go:122.43,122.62 1 1
github.com/NVIDIA/OpenShell/sdk/go/openshell/v1/client.go:125.37,125.53 1 0
github.com/NVIDIA/OpenShell/sdk/go/openshell/v1/client.go:128.37,128.53 1 0
github.com/NVIDIA/OpenShell/sdk/go/openshell/v1/client.go:131.43,131.59 1 0
github.com/NVIDIA/OpenShell/sdk/go/openshell/v1/client.go:134.43,134.62 1 0
github.com/NVIDIA/OpenShell/sdk/go/openshell/v1/client.go:137.32,138.24 1 4
github.com/NVIDIA/OpenShell/sdk/go/openshell/v1/client.go:138.24,140.3 1 3
github.com/NVIDIA/OpenShell/sdk/go/openshell/v1/client.go:141.2,141.19 1 4
github.com/NVIDIA/OpenShell/sdk/go/openshell/v1/errors.go:31.33,31.65 1 13
github.com/NVIDIA/OpenShell/sdk/go/openshell/v1/errors.go:34.38,34.75 1 4
github.com/NVIDIA/OpenShell/sdk/go/openshell/v1/errors.go:37.36,37.71 1 5
github.com/NVIDIA/OpenShell/sdk/go/openshell/v1/errors.go:40.41,40.81 1 2
github.com/NVIDIA/OpenShell/sdk/go/openshell/v1/errors.go:43.40,43.79 1 4
github.com/NVIDIA/OpenShell/sdk/go/openshell/v1/errors.go:46.41,46.81 1 2
github.com/NVIDIA/OpenShell/sdk/go/openshell/v1/errors.go:49.34,49.67 1 2
github.com/NVIDIA/OpenShell/sdk/go/openshell/v1/errors.go:52.38,52.75 1 0
github.com/NVIDIA/OpenShell/sdk/go/openshell/v1/errors.go:56.33,56.65 1 3
github.com/NVIDIA/OpenShell/sdk/go/openshell/v1/sandbox_client.go:24.69,26.2 1 41
github.com/NVIDIA/OpenShell/sdk/go/openshell/v1/sandbox_client.go:28.140,35.16 2 2
github.com/NVIDIA/OpenShell/sdk/go/openshell/v1/sandbox_client.go:35.16,37.3 1 1
github.com/NVIDIA/OpenShell/sdk/go/openshell/v1/sandbox_client.go:38.2,38.59 1 1
github.com/NVIDIA/OpenShell/sdk/go/openshell/v1/sandbox_client.go:41.92,46.16 2 30
github.com/NVIDIA/OpenShell/sdk/go/openshell/v1/sandbox_client.go:46.16,48.3 1 5
github.com/NVIDIA/OpenShell/sdk/go/openshell/v1/sandbox_client.go:49.2,49.59 1 25
github.com/NVIDIA/OpenShell/sdk/go/openshell/v1/sandbox_client.go:52.110,56.19 2 3
github.com/NVIDIA/OpenShell/sdk/go/openshell/v1/sandbox_client.go:56.19,57.24 1 1
github.com/NVIDIA/OpenShell/sdk/go/openshell/v1/sandbox_client.go:57.24,59.4 1 1
github.com/NVIDIA/OpenShell/sdk/go/openshell/v1/sandbox_client.go:60.3,60.25 1 1
github.com/NVIDIA/OpenShell/sdk/go/openshell/v1/sandbox_client.go:60.25,62.4 1 0
github.com/NVIDIA/OpenShell/sdk/go/openshell/v1/sandbox_client.go:63.3,64.44 2 1
github.com/NVIDIA/OpenShell/sdk/go/openshell/v1/sandbox_client.go:67.2,68.16 2 3
github.com/NVIDIA/OpenShell/sdk/go/openshell/v1/sandbox_client.go:68.16,70.3 1 0
github.com/NVIDIA/OpenShell/sdk/go/openshell/v1/sandbox_client.go:72.2,73.44 2 3
github.com/NVIDIA/OpenShell/sdk/go/openshell/v1/sandbox_client.go:73.44,75.3 1 3
github.com/NVIDIA/OpenShell/sdk/go/openshell/v1/sandbox_client.go:76.2,76.23 1 3
github.com/NVIDIA/OpenShell/sdk/go/openshell/v1/sandbox_client.go:79.83,84.16 2 2
github.com/NVIDIA/OpenShell/sdk/go/openshell/v1/sandbox_client.go:84.16,86.3 1 1
github.com/NVIDIA/OpenShell/sdk/go/openshell/v1/sandbox_client.go:87.2,87.12 1 1
github.com/NVIDIA/OpenShell/sdk/go/openshell/v1/sandbox_client.go:90.169,97.16 2 3
github.com/NVIDIA/OpenShell/sdk/go/openshell/v1/sandbox_client.go:97.16,99.3 1 2
github.com/NVIDIA/OpenShell/sdk/go/openshell/v1/sandbox_client.go:100.2,103.8 1 1
github.com/NVIDIA/OpenShell/sdk/go/openshell/v1/sandbox_client.go:106.169,113.16 2 2
github.com/NVIDIA/OpenShell/sdk/go/openshell/v1/sandbox_client.go:113.16,115.3 1 1
github.com/NVIDIA/OpenShell/sdk/go/openshell/v1/sandbox_client.go:116.2,119.8 1 1
github.com/NVIDIA/OpenShell/sdk/go/openshell/v1/sandbox_client.go:122.112,127.16 2 3
github.com/NVIDIA/OpenShell/sdk/go/openshell/v1/sandbox_client.go:127.16,129.3 1 1
github.com/NVIDIA/OpenShell/sdk/go/openshell/v1/sandbox_client.go:131.2,132.44 2 2
github.com/NVIDIA/OpenShell/sdk/go/openshell/v1/sandbox_client.go:132.44,134.3 1 2
github.com/NVIDIA/OpenShell/sdk/go/openshell/v1/sandbox_client.go:135.2,135.23 1 2
github.com/NVIDIA/OpenShell/sdk/go/openshell/v1/sandbox_client.go:138.119,140.47 2 5
github.com/NVIDIA/OpenShell/sdk/go/openshell/v1/sandbox_client.go:140.47,142.3 1 2
github.com/NVIDIA/OpenShell/sdk/go/openshell/v1/sandbox_client.go:144.2,145.16 2 5
github.com/NVIDIA/OpenShell/sdk/go/openshell/v1/sandbox_client.go:145.16,147.3 1 1
github.com/NVIDIA/OpenShell/sdk/go/openshell/v1/sandbox_client.go:149.2,149.37 1 4
github.com/NVIDIA/OpenShell/sdk/go/openshell/v1/sandbox_client.go:149.37,151.3 1 1
github.com/NVIDIA/OpenShell/sdk/go/openshell/v1/sandbox_client.go:152.2,152.37 1 3
github.com/NVIDIA/OpenShell/sdk/go/openshell/v1/sandbox_client.go:152.37,154.3 1 1
github.com/NVIDIA/OpenShell/sdk/go/openshell/v1/sandbox_client.go:156.2,159.6 3 2
github.com/NVIDIA/OpenShell/sdk/go/openshell/v1/sandbox_client.go:159.6,160.10 1 8
github.com/NVIDIA/OpenShell/sdk/go/openshell/v1/sandbox_client.go:161.21,162.25 1 0
github.com/NVIDIA/OpenShell/sdk/go/openshell/v1/sandbox_client.go:163.19,165.18 2 8
github.com/NVIDIA/OpenShell/sdk/go/openshell/v1/sandbox_client.go:165.18,167.5 1 1
github.com/NVIDIA/OpenShell/sdk/go/openshell/v1/sandbox_client.go:168.4,168.39 1 7
github.com/NVIDIA/OpenShell/sdk/go/openshell/v1/sandbox_client.go:168.39,170.5 1 1
github.com/NVIDIA/OpenShell/sdk/go/openshell/v1/sandbox_client.go:171.4,171.39 1 6
github.com/NVIDIA/OpenShell/sdk/go/openshell/v1/sandbox_client.go:171.39,173.5 1 0
github.com/NVIDIA/OpenShell/sdk/go/openshell/v1/sandbox_client.go:178.132,179.16 1 10
github.com/NVIDIA/OpenShell/sdk/go/openshell/v1/sandbox_client.go:179.16,181.3 1 1
github.com/NVIDIA/OpenShell/sdk/go/openshell/v1/sandbox_client.go:183.2,184.19 2 9
github.com/NVIDIA/OpenShell/sdk/go/openshell/v1/sandbox_client.go:184.19,186.3 1 2
github.com/NVIDIA/OpenShell/sdk/go/openshell/v1/sandbox_client.go:189.2,190.16 2 9
github.com/NVIDIA/OpenShell/sdk/go/openshell/v1/sandbox_client.go:190.16,192.3 1 1
github.com/NVIDIA/OpenShell/sdk/go/openshell/v1/sandbox_client.go:194.2,200.16 3 8
github.com/NVIDIA/OpenShell/sdk/go/openshell/v1/sandbox_client.go:200.16,203.3 2 0
github.com/NVIDIA/OpenShell/sdk/go/openshell/v1/sandbox_client.go:205.2,206.16 2 8
github.com/NVIDIA/OpenShell/sdk/go/openshell/v1/sandbox_client.go:206.16,209.3 2 1
github.com/NVIDIA/OpenShell/sdk/go/openshell/v1/sandbox_client.go:211.2,214.12 3 7
github.com/NVIDIA/OpenShell/sdk/go/openshell/v1/sandbox_client.go:214.12,218.7 4 7
github.com/NVIDIA/OpenShell/sdk/go/openshell/v1/sandbox_client.go:218.7,219.100 1 12
github.com/NVIDIA/OpenShell/sdk/go/openshell/v1/sandbox_client.go:219.100,222.16 3 10
github.com/NVIDIA/OpenShell/sdk/go/openshell/v1/sandbox_client.go:222.16,225.6 2 7
github.com/NVIDIA/OpenShell/sdk/go/openshell/v1/sandbox_client.go:225.11,225.55 1 3
github.com/NVIDIA/OpenShell/sdk/go/openshell/v1/sandbox_client.go:225.55,227.6 1 0
github.com/NVIDIA/OpenShell/sdk/go/openshell/v1/sandbox_client.go:228.5,228.12 1 10
github.com/NVIDIA/OpenShell/sdk/go/openshell/v1/sandbox_client.go:229.66,229.66 0 9
github.com/NVIDIA/OpenShell/sdk/go/openshell/v1/sandbox_client.go:230.19,231.12 1 1
github.com/NVIDIA/OpenShell/sdk/go/openshell/v1/sandbox_client.go:234.5,234.115 1 9
github.com/NVIDIA/OpenShell/sdk/go/openshell/v1/sandbox_client.go:234.115,237.6 2 2
github.com/NVIDIA/OpenShell/sdk/go/openshell/v1/sandbox_client.go:239.4,241.22 3 9
github.com/NVIDIA/OpenShell/sdk/go/openshell/v1/sandbox_client.go:241.22,242.12 1 4
github.com/NVIDIA/OpenShell/sdk/go/openshell/v1/sandbox_client.go:243.19,243.19 0 1
github.com/NVIDIA/OpenShell/sdk/go/openshell/v1/sandbox_client.go:244.13,245.27 1 3
github.com/NVIDIA/OpenShell/sdk/go/openshell/v1/sandbox_client.go:245.27,246.14 1 0
github.com/NVIDIA/OpenShell/sdk/go/openshell/v1/sandbox_client.go:247.65,247.65 0 0
github.com/NVIDIA/OpenShell/sdk/go/openshell/v1/sandbox_client.go:248.15,248.15 0 0
github.com/NVIDIA/OpenShell/sdk/go/openshell/v1/sandbox_client.go:252.5,252.11 1 4
github.com/NVIDIA/OpenShell/sdk/go/openshell/v1/sandbox_client.go:257.2,257.15 1 7
github.com/NVIDIA/OpenShell/sdk/go/openshell/v1/sandbox_client.go:260.124,263.16 2 6
github.com/NVIDIA/OpenShell/sdk/go/openshell/v1/sandbox_client.go:263.16,265.3 1 1
github.com/NVIDIA/OpenShell/sdk/go/openshell/v1/sandbox_client.go:267.2,275.27 3 5
github.com/NVIDIA/OpenShell/sdk/go/openshell/v1/sandbox_client.go:275.27,277.3 1 1
github.com/NVIDIA/OpenShell/sdk/go/openshell/v1/sandbox_client.go:279.2,280.16 2 5
github.com/NVIDIA/OpenShell/sdk/go/openshell/v1/sandbox_client.go:280.16,282.3 1 1
github.com/NVIDIA/OpenShell/sdk/go/openshell/v1/sandbox_client.go:283.2,283.48 1 4
github.com/NVIDIA/OpenShell/sdk/go/openshell/v1/ssh.go:26.50,27.31 1 0
github.com/NVIDIA/OpenShell/sdk/go/openshell/v1/ssh.go:27.31,29.3 1 0
github.com/NVIDIA/OpenShell/sdk/go/openshell/v1/stub_clients.go:12.37,17.2 1 0
github.com/NVIDIA/OpenShell/sdk/go/openshell/v1/stub_clients.go:22.107,24.2 1 0
github.com/NVIDIA/OpenShell/sdk/go/openshell/v1/stub_clients.go:25.109,27.2 1 0
github.com/NVIDIA/OpenShell/sdk/go/openshell/v1/stub_clients.go:28.135,30.2 1 0
github.com/NVIDIA/OpenShell/sdk/go/openshell/v1/stub_clients.go:35.72,37.2 1 0
github.com/NVIDIA/OpenShell/sdk/go/openshell/v1/stub_clients.go:38.74,40.2 1 0
github.com/NVIDIA/OpenShell/sdk/go/openshell/v1/stub_clients.go:45.70,47.2 1 0
github.com/NVIDIA/OpenShell/sdk/go/openshell/v1/stub_clients.go:52.93,54.2 1 0
github.com/NVIDIA/OpenShell/sdk/go/openshell/v1/stub_clients.go:55.80,57.2 1 0
github.com/NVIDIA/OpenShell/sdk/go/openshell/v1/stub_clients.go:58.98,60.2 1 0
github.com/NVIDIA/OpenShell/sdk/go/openshell/v1/stub_clients.go:61.93,63.2 1 0
github.com/NVIDIA/OpenShell/sdk/go/openshell/v1/stub_clients.go:64.70,66.2 1 0
github.com/NVIDIA/OpenShell/sdk/go/openshell/v1/stub_clients.go:67.93,69.2 1 0
github.com/NVIDIA/OpenShell/sdk/go/openshell/v1/stub_clients.go:70.53,70.79 1 0
github.com/NVIDIA/OpenShell/sdk/go/openshell/v1/stub_clients.go:71.53,71.78 1 0
github.com/NVIDIA/OpenShell/sdk/go/openshell/v1/stub_clients.go:76.104,78.2 1 0
github.com/NVIDIA/OpenShell/sdk/go/openshell/v1/stub_clients.go:79.86,81.2 1 0
github.com/NVIDIA/OpenShell/sdk/go/openshell/v1/stub_clients.go:82.106,84.2 1 0
github.com/NVIDIA/OpenShell/sdk/go/openshell/v1/stub_clients.go:85.117,87.2 1 0
github.com/NVIDIA/OpenShell/sdk/go/openshell/v1/stub_clients.go:88.102,90.2 1 0
github.com/NVIDIA/OpenShell/sdk/go/openshell/v1/stub_clients.go:91.77,93.2 1 0
github.com/NVIDIA/OpenShell/sdk/go/openshell/v1/stub_clients.go:98.94,100.2 1 0
github.com/NVIDIA/OpenShell/sdk/go/openshell/v1/stub_clients.go:101.104,103.2 1 0
github.com/NVIDIA/OpenShell/sdk/go/openshell/v1/stub_clients.go:104.89,106.2 1 0
github.com/NVIDIA/OpenShell/sdk/go/openshell/v1/stub_clients.go:107.79,109.2 1 0
github.com/NVIDIA/OpenShell/sdk/go/openshell/v1/stub_clients.go:114.110,116.2 1 0
github.com/NVIDIA/OpenShell/sdk/go/openshell/v1/stub_clients.go:117.89,119.2 1 0
github.com/NVIDIA/OpenShell/sdk/go/openshell/v1/stub_clients.go:120.107,122.2 1 0
github.com/NVIDIA/OpenShell/sdk/go/openshell/v1/stub_clients.go:123.72,125.2 1 0
github.com/NVIDIA/OpenShell/sdk/go/openshell/v1/stub_clients.go:130.86,132.2 1 0
github.com/NVIDIA/OpenShell/sdk/go/openshell/v1/stub_clients.go:133.79,135.2 1 0
github.com/NVIDIA/OpenShell/sdk/go/openshell/v1/stub_clients.go:136.115,138.2 1 0
github.com/NVIDIA/OpenShell/sdk/go/openshell/v1/stub_clients.go:143.117,145.2 1 0
github.com/NVIDIA/OpenShell/sdk/go/openshell/v1/stub_clients.go:146.112,148.2 1 0
github.com/NVIDIA/OpenShell/sdk/go/openshell/v1/stub_clients.go:153.89,155.2 1 0
github.com/NVIDIA/OpenShell/sdk/go/openshell/v1/stub_clients.go:156.76,158.2 1 0
github.com/NVIDIA/OpenShell/sdk/go/openshell/v1/stub_clients.go:159.104,161.2 1 0
github.com/NVIDIA/OpenShell/sdk/go/openshell/v1/stub_clients.go:166.106,168.2 1 0
github.com/NVIDIA/OpenShell/sdk/go/openshell/v1/stub_clients.go:169.99,171.2 1 0
github.com/NVIDIA/OpenShell/sdk/go/openshell/v1/stub_clients.go:172.83,174.2 1 0
github.com/NVIDIA/OpenShell/sdk/go/openshell/v1/stub_clients.go:175.126,177.2 1 0
github.com/NVIDIA/OpenShell/sdk/go/openshell/v1/stub_clients.go:178.93,180.2 1 0
github.com/NVIDIA/OpenShell/sdk/go/openshell/v1/stub_clients.go:181.99,183.2 1 0
github.com/NVIDIA/OpenShell/sdk/go/openshell/v1/stub_clients.go:184.115,186.2 1 0
github.com/NVIDIA/OpenShell/sdk/go/openshell/v1/stub_clients.go:187.112,189.2 1 0
github.com/NVIDIA/OpenShell/sdk/go/openshell/v1/stub_clients.go:190.100,192.2 1 0
github.com/NVIDIA/OpenShell/sdk/go/openshell/v1/stub_clients.go:193.93,195.2 1 0
github.com/NVIDIA/OpenShell/sdk/go/openshell/v1/tcp.go:22.52,23.32 1 0
github.com/NVIDIA/OpenShell/sdk/go/openshell/v1/tcp.go:23.32,25.3 1 0
github.com/NVIDIA/OpenShell/sdk/go/openshell/v1/tcp.go:40.48,41.31 1 0
github.com/NVIDIA/OpenShell/sdk/go/openshell/v1/tcp.go:41.31,43.3 1 0
github.com/NVIDIA/OpenShell/sdk/go/openshell/v1/tcp.go:49.35,50.31 1 0
github.com/NVIDIA/OpenShell/sdk/go/openshell/v1/tcp.go:50.31,52.3 1 0
github.com/NVIDIA/OpenShell/sdk/go/openshell/v1/tcp.go:57.50,58.31 1 0
github.com/NVIDIA/OpenShell/sdk/go/openshell/v1/tcp.go:58.31,60.3 1 0
github.com/NVIDIA/OpenShell/sdk/go/openshell/v1/watch.go:27.81,33.2 1 13
github.com/NVIDIA/OpenShell/sdk/go/openshell/v1/watch.go:35.51,37.2 1 21
github.com/NVIDIA/OpenShell/sdk/go/openshell/v1/watch.go:39.29,40.23 1 13
github.com/NVIDIA/OpenShell/sdk/go/openshell/v1/watch.go:40.23,42.22 2 10
github.com/NVIDIA/OpenShell/sdk/go/openshell/v1/watch.go:42.22,44.4 1 7
github.com/NVIDIA/OpenShell/sdk/go/openshell/v1/internal/converter/copy.go:10.59,11.14 1 97
github.com/NVIDIA/OpenShell/sdk/go/openshell/v1/internal/converter/copy.go:11.14,13.3 1 94
github.com/NVIDIA/OpenShell/sdk/go/openshell/v1/internal/converter/copy.go:14.2,15.22 2 3
github.com/NVIDIA/OpenShell/sdk/go/openshell/v1/internal/converter/copy.go:15.22,17.3 1 3
github.com/NVIDIA/OpenShell/sdk/go/openshell/v1/internal/converter/copy.go:18.2,18.10 1 3
github.com/NVIDIA/OpenShell/sdk/go/openshell/v1/internal/converter/copy.go:23.33,24.14 1 0
github.com/NVIDIA/OpenShell/sdk/go/openshell/v1/internal/converter/copy.go:24.14,26.3 1 0
github.com/NVIDIA/OpenShell/sdk/go/openshell/v1/internal/converter/copy.go:27.2,28.11 2 0
github.com/NVIDIA/OpenShell/sdk/go/openshell/v1/internal/converter/copy.go:33.43,34.14 1 6
github.com/NVIDIA/OpenShell/sdk/go/openshell/v1/internal/converter/copy.go:34.14,36.3 1 2
github.com/NVIDIA/OpenShell/sdk/go/openshell/v1/internal/converter/copy.go:37.2,39.10 3 4
github.com/NVIDIA/OpenShell/sdk/go/openshell/v1/internal/converter/copy.go:44.37,45.14 1 0
github.com/NVIDIA/OpenShell/sdk/go/openshell/v1/internal/converter/copy.go:45.14,47.3 1 0
github.com/NVIDIA/OpenShell/sdk/go/openshell/v1/internal/converter/copy.go:48.2,50.10 3 0
github.com/NVIDIA/OpenShell/sdk/go/openshell/v1/internal/converter/copy.go:53.53,54.14 1 0
github.com/NVIDIA/OpenShell/sdk/go/openshell/v1/internal/converter/copy.go:54.14,56.3 1 0
github.com/NVIDIA/OpenShell/sdk/go/openshell/v1/internal/converter/copy.go:57.2,57.18 1 0
github.com/NVIDIA/OpenShell/sdk/go/openshell/v1/internal/converter/copy.go:60.53,61.14 1 0
github.com/NVIDIA/OpenShell/sdk/go/openshell/v1/internal/converter/copy.go:61.14,63.3 1 0
github.com/NVIDIA/OpenShell/sdk/go/openshell/v1/internal/converter/copy.go:64.2,65.10 2 0
github.com/NVIDIA/OpenShell/sdk/go/openshell/v1/internal/converter/errors.go:30.37,31.16 1 13
github.com/NVIDIA/OpenShell/sdk/go/openshell/v1/internal/converter/errors.go:31.16,33.3 1 0
github.com/NVIDIA/OpenShell/sdk/go/openshell/v1/internal/converter/errors.go:35.2,36.9 2 13
github.com/NVIDIA/OpenShell/sdk/go/openshell/v1/internal/converter/errors.go:36.9,38.3 1 0
[...]
github.com/NVIDIA/OpenShell/sdk/go/openshell/v1/internal/converter/policy.go:112.45,114.24 2 0
github.com/NVIDIA/OpenShell/sdk/go/openshell/v1/internal/converter/policy.go:114.24,115.68 1 0
github.com/NVIDIA/OpenShell/sdk/go/openshell/v1/internal/converter/policy.go:115.68,117.5 1 0
github.com/NVIDIA/OpenShell/sdk/go/openshell/v1/internal/converter/policy.go:120.2,120.15 1 0
github.com/NVIDIA/OpenShell/sdk/go/openshell/v1/internal/converter/policy.go:125.71,126.14 1 0
github.com/NVIDIA/OpenShell/sdk/go/openshell/v1/internal/converter/policy.go:126.14,128.3 1 0
github.com/NVIDIA/OpenShell/sdk/go/openshell/v1/internal/converter/policy.go:129.2,135.30 2 0
github.com/NVIDIA/OpenShell/sdk/go/openshell/v1/internal/converter/policy.go:135.30,137.39 2 0
github.com/NVIDIA/OpenShell/sdk/go/openshell/v1/internal/converter/policy.go:137.39,139.4 1 0
github.com/NVIDIA/OpenShell/sdk/go/openshell/v1/internal/converter/policy.go:141.2,141.15 1 0
github.com/NVIDIA/OpenShell/sdk/go/openshell/v1/internal/converter/policy.go:144.82,145.14 1 0
github.com/NVIDIA/OpenShell/sdk/go/openshell/v1/internal/converter/policy.go:145.14,147.3 1 0
github.com/NVIDIA/OpenShell/sdk/go/openshell/v1/internal/converter/policy.go:148.2,152.3 1 0
github.com/NVIDIA/OpenShell/sdk/go/openshell/v1/internal/converter/policy.go:155.80,156.14 1 0
github.com/NVIDIA/OpenShell/sdk/go/openshell/v1/internal/converter/policy.go:156.14,158.3 1 0
github.com/NVIDIA/OpenShell/sdk/go/openshell/v1/internal/converter/policy.go:159.2,163.3 1 0
github.com/NVIDIA/OpenShell/sdk/go/openshell/v1/internal/converter/policy.go:166.76,167.14 1 0
github.com/NVIDIA/OpenShell/sdk/go/openshell/v1/internal/converter/policy.go:167.14,169.3 1 0
github.com/NVIDIA/OpenShell/sdk/go/openshell/v1/internal/converter/policy.go:170.2,172.3 1 0
github.com/NVIDIA/OpenShell/sdk/go/openshell/v1/internal/converter/policy.go:175.74,176.14 1 0
github.com/NVIDIA/OpenShell/sdk/go/openshell/v1/internal/converter/policy.go:176.14,178.3 1 0
github.com/NVIDIA/OpenShell/sdk/go/openshell/v1/internal/converter/policy.go:179.2,181.3 1 0
github.com/NVIDIA/OpenShell/sdk/go/openshell/v1/internal/converter/policy.go:184.73,185.14 1 0
github.com/NVIDIA/OpenShell/sdk/go/openshell/v1/internal/converter/policy.go:185.14,187.3 1 0
github.com/NVIDIA/OpenShell/sdk/go/openshell/v1/internal/converter/policy.go:188.2,191.3 1 0
github.com/NVIDIA/OpenShell/sdk/go/openshell/v1/internal/converter/policy.go:194.71,195.14 1 0
github.com/NVIDIA/OpenShell/sdk/go/openshell/v1/internal/converter/policy.go:195.14,197.3 1 0
github.com/NVIDIA/OpenShell/sdk/go/openshell/v1/internal/converter/policy.go:198.2,201.3 1 0
github.com/NVIDIA/OpenShell/sdk/go/openshell/v1/internal/converter/policy.go:207.95,208.14 1 0
github.com/NVIDIA/OpenShell/sdk/go/openshell/v1/internal/converter/policy.go:208.14,210.3 1 0
github.com/NVIDIA/OpenShell/sdk/go/openshell/v1/internal/converter/policy.go:211.2,219.3 1 0
github.com/NVIDIA/OpenShell/sdk/go/openshell/v1/internal/converter/policy.go:225.98,226.14 1 0
github.com/NVIDIA/OpenShell/sdk/go/openshell/v1/internal/converter/policy.go:226.14,228.3 1 0
github.com/NVIDIA/OpenShell/sdk/go/openshell/v1/internal/converter/policy.go:229.2,232.72 2 0
github.com/NVIDIA/OpenShell/sdk/go/openshell/v1/internal/converter/policy.go:232.72,234.3 1 0
github.com/NVIDIA/OpenShell/sdk/go/openshell/v1/internal/converter/policy.go:235.2,235.15 1 0
github.com/NVIDIA/OpenShell/sdk/go/openshell/v1/internal/converter/policy.go:241.83,242.14 1 0
github.com/NVIDIA/OpenShell/sdk/go/openshell/v1/internal/converter/policy.go:242.14,244.3 1 0
github.com/NVIDIA/OpenShell/sdk/go/openshell/v1/internal/converter/policy.go:245.2,248.3 1 0
github.com/NVIDIA/OpenShell/sdk/go/openshell/v1/internal/converter/policy.go:254.93,255.14 1 0
github.com/NVIDIA/OpenShell/sdk/go/openshell/v1/internal/converter/policy.go:255.14,257.3 1 0
github.com/NVIDIA/OpenShell/sdk/go/openshell/v1/internal/converter/policy.go:258.2,263.3 1 0
github.com/NVIDIA/OpenShell/sdk/go/openshell/v1/internal/converter/policy.go:269.74,270.14 1 0
github.com/NVIDIA/OpenShell/sdk/go/openshell/v1/internal/converter/policy.go:270.14,272.3 1 0
github.com/NVIDIA/OpenShell/sdk/go/openshell/v1/internal/converter/policy.go:273.2,276.3 1 0
github.com/NVIDIA/OpenShell/sdk/go/openshell/v1/internal/converter/policy.go:282.78,283.14 1 0
github.com/NVIDIA/OpenShell/sdk/go/openshell/v1/internal/converter/policy.go:283.14,285.3 1 0
github.com/NVIDIA/OpenShell/sdk/go/openshell/v1/internal/converter/policy.go:286.2,288.3 1 0
github.com/NVIDIA/OpenShell/sdk/go/openshell/v1/internal/converter/policy.go:294.83,295.14 1 0
github.com/NVIDIA/OpenShell/sdk/go/openshell/v1/internal/converter/policy.go:295.14,297.3 1 0
github.com/NVIDIA/OpenShell/sdk/go/openshell/v1/internal/converter/policy.go:298.2,303.3 1 0
github.com/NVIDIA/OpenShell/sdk/go/openshell/v1/internal/converter/provider.go:14.56,15.14 1 0
github.com/NVIDIA/OpenShell/sdk/go/openshell/v1/internal/converter/provider.go:15.14,17.3 1 0
github.com/NVIDIA/OpenShell/sdk/go/openshell/v1/internal/converter/provider.go:19.2,26.36 2 0
github.com/NVIDIA/OpenShell/sdk/go/openshell/v1/internal/converter/provider.go:26.36,35.3 8 0
github.com/NVIDIA/OpenShell/sdk/go/openshell/v1/internal/converter/provider.go:37.2,37.63 1 0
github.com/NVIDIA/OpenShell/sdk/go/openshell/v1/internal/converter/provider.go:37.63,39.30 2 0
github.com/NVIDIA/OpenShell/sdk/go/openshell/v1/internal/converter/provider.go:39.30,41.4 1 0
github.com/NVIDIA/OpenShell/sdk/go/openshell/v1/internal/converter/provider.go:44.2,44.15 1 0
github.com/NVIDIA/OpenShell/sdk/go/openshell/v1/internal/converter/provider.go:48.54,49.14 1 0
github.com/NVIDIA/OpenShell/sdk/go/openshell/v1/internal/converter/provider.go:49.14,51.3 1 0
github.com/NVIDIA/OpenShell/sdk/go/openshell/v1/internal/converter/provider.go:53.2,69.41 2 0
github.com/NVIDIA/OpenShell/sdk/go/openshell/v1/internal/converter/provider.go:69.41,71.48 2 0
github.com/NVIDIA/OpenShell/sdk/go/openshell/v1/internal/converter/provider.go:71.48,73.4 1 0
github.com/NVIDIA/OpenShell/sdk/go/openshell/v1/internal/converter/provider.go:76.2,76.15 1 0
github.com/NVIDIA/OpenShell/sdk/go/openshell/v1/internal/converter/sandbox.go:13.53,14.14 1 0
github.com/NVIDIA/OpenShell/sdk/go/openshell/v1/internal/converter/sandbox.go:14.14,16.3 1 0
github.com/NVIDIA/OpenShell/sdk/go/openshell/v1/internal/converter/sandbox.go:18.2,20.36 2 0
github.com/NVIDIA/OpenShell/sdk/go/openshell/v1/internal/converter/sandbox.go:20.36,29.3 8 0
github.com/NVIDIA/OpenShell/sdk/go/openshell/v1/internal/converter/sandbox.go:31.2,31.38 1 0
github.com/NVIDIA/OpenShell/sdk/go/openshell/v1/internal/converter/sandbox.go:31.38,33.3 1 0
github.com/NVIDIA/OpenShell/sdk/go/openshell/v1/internal/converter/sandbox.go:35.2,35.44 1 0
github.com/NVIDIA/OpenShell/sdk/go/openshell/v1/internal/converter/sandbox.go:35.44,37.3 1 0
github.com/NVIDIA/OpenShell/sdk/go/openshell/v1/internal/converter/sandbox.go:37.8,39.3 1 0
github.com/NVIDIA/OpenShell/sdk/go/openshell/v1/internal/converter/sandbox.go:41.2,41.15 1 0
github.com/NVIDIA/OpenShell/sdk/go/openshell/v1/internal/converter/sandbox.go:44.67,52.45 2 0
github.com/NVIDIA/OpenShell/sdk/go/openshell/v1/internal/converter/sandbox.go:52.45,64.3 1 0
github.com/NVIDIA/OpenShell/sdk/go/openshell/v1/internal/converter/sandbox.go:66.2,66.53 1 0
github.com/NVIDIA/OpenShell/sdk/go/openshell/v1/internal/converter/sandbox.go:66.53,67.57 1 0
github.com/NVIDIA/OpenShell/sdk/go/openshell/v1/internal/converter/sandbox.go:67.57,69.4 1 0
github.com/NVIDIA/OpenShell/sdk/go/openshell/v1/internal/converter/sandbox.go:72.2,72.15 1 0
github.com/NVIDIA/OpenShell/sdk/go/openshell/v1/internal/converter/sandbox.go:75.75,85.43 2 0
github.com/NVIDIA/OpenShell/sdk/go/openshell/v1/internal/converter/sandbox.go:85.43,93.3 1 0
github.com/NVIDIA/OpenShell/sdk/go/openshell/v1/internal/converter/sandbox.go:95.2,95.15 1 0
github.com/NVIDIA/OpenShell/sdk/go/openshell/v1/internal/converter/sandbox.go:99.70,100.15 1 0
github.com/NVIDIA/OpenShell/sdk/go/openshell/v1/internal/converter/sandbox.go:101.50,102.35 1 0
github.com/NVIDIA/OpenShell/sdk/go/openshell/v1/internal/converter/sandbox.go:103.43,104.28 1 0
github.com/NVIDIA/OpenShell/sdk/go/openshell/v1/internal/converter/sandbox.go:105.43,106.28 1 0
github.com/NVIDIA/OpenShell/sdk/go/openshell/v1/internal/converter/sandbox.go:107.46,108.31 1 0
github.com/NVIDIA/OpenShell/sdk/go/openshell/v1/internal/converter/sandbox.go:109.45,110.30 1 0
github.com/NVIDIA/OpenShell/sdk/go/openshell/v1/internal/converter/sandbox.go:111.10,112.30 1 0
github.com/NVIDIA/OpenShell/sdk/go/openshell/v1/internal/converter/sandbox.go:117.68,118.15 1 0
github.com/NVIDIA/OpenShell/sdk/go/openshell/v1/internal/converter/sandbox.go:119.33,120.52 1 0
github.com/NVIDIA/OpenShell/sdk/go/openshell/v1/internal/converter/sandbox.go:121.26,122.45 1 0
github.com/NVIDIA/OpenShell/sdk/go/openshell/v1/internal/converter/sandbox.go:123.26,124.45 1 0
github.com/NVIDIA/OpenShell/sdk/go/openshell/v1/internal/converter/sandbox.go:125.29,126.48 1 0
github.com/NVIDIA/OpenShell/sdk/go/openshell/v1/internal/converter/sandbox.go:127.28,128.47 1 0
github.com/NVIDIA/OpenShell/sdk/go/openshell/v1/internal/converter/sandbox.go:129.10,130.47 1 0
github.com/NVIDIA/OpenShell/sdk/go/openshell/v1/internal/converter/sandbox.go:135.51,136.14 1 0
github.com/NVIDIA/OpenShell/sdk/go/openshell/v1/internal/converter/sandbox.go:136.14,138.3 1 0
github.com/NVIDIA/OpenShell/sdk/go/openshell/v1/internal/converter/sandbox.go:140.2,152.3 1 0
github.com/NVIDIA/OpenShell/sdk/go/openshell/v1/internal/converter/sandbox.go:156.66,157.17 1 0
github.com/NVIDIA/OpenShell/sdk/go/openshell/v1/internal/converter/sandbox.go:157.17,159.3 1 0
github.com/NVIDIA/OpenShell/sdk/go/openshell/v1/internal/converter/sandbox.go:161.2,168.26 2 0
github.com/NVIDIA/OpenShell/sdk/go/openshell/v1/internal/converter/sandbox.go:168.26,180.3 1 0
github.com/NVIDIA/OpenShell/sdk/go/openshell/v1/internal/converter/sandbox.go:182.2,182.26 1 0
github.com/NVIDIA/OpenShell/sdk/go/openshell/v1/internal/converter/sandbox.go:182.26,188.3 1 0
github.com/NVIDIA/OpenShell/sdk/go/openshell/v1/internal/converter/sandbox.go:190.2,190.15 1 0
github.com/NVIDIA/OpenShell/sdk/go/openshell/v1/internal/converter/time.go:10.41,11.13 1 0
github.com/NVIDIA/OpenShell/sdk/go/openshell/v1/internal/converter/time.go:11.13,13.3 1 0
github.com/NVIDIA/OpenShell/sdk/go/openshell/v1/internal/converter/time.go:14.2,14.33 1 0
github.com/NVIDIA/OpenShell/sdk/go/openshell/v1/internal/converter/time.go:19.40,20.16 1 0
github.com/NVIDIA/OpenShell/sdk/go/openshell/v1/internal/converter/time.go:20.16,22.3 1 0
github.com/NVIDIA/OpenShell/sdk/go/openshell/v1/internal/converter/time.go:23.2,23.22 1 0
github.com/NVIDIA/OpenShell/sdk/go/openshell/v1/internal/converter/time.go:28.45,29.13 1 0
github.com/NVIDIA/OpenShell/sdk/go/openshell/v1/internal/converter/time.go:29.13,31.3 1 0
github.com/NVIDIA/OpenShell/sdk/go/openshell/v1/internal/converter/time.go:32.2,33.11 2 0
github.com/NVIDIA/OpenShell/sdk/go/openshell/v1/internal/converter/time.go:38.44,39.14 1 0
github.com/NVIDIA/OpenShell/sdk/go/openshell/v1/internal/converter/time.go:39.14,41.3 1 0
github.com/NVIDIA/OpenShell/sdk/go/openshell/v1/internal/converter/time.go:42.2,42.22 1 0
github.com/NVIDIA/OpenShell/sdk/go/openshell/v1/internal/grpc/conn.go:31.117,33.43 2 4
github.com/NVIDIA/OpenShell/sdk/go/openshell/v1/internal/grpc/conn.go:33.43,36.3 2 1
github.com/NVIDIA/OpenShell/sdk/go/openshell/v1/internal/grpc/conn.go:36.8,38.3 1 3
github.com/NVIDIA/OpenShell/sdk/go/openshell/v1/internal/grpc/conn.go:39.2,41.38 2 4
github.com/NVIDIA/OpenShell/sdk/go/openshell/v1/internal/grpc/conn.go:41.38,43.3 1 1
github.com/NVIDIA/OpenShell/sdk/go/openshell/v1/internal/grpc/conn.go:43.8,43.25 1 3
github.com/NVIDIA/OpenShell/sdk/go/openshell/v1/internal/grpc/conn.go:43.25,45.3 1 1
github.com/NVIDIA/OpenShell/sdk/go/openshell/v1/internal/grpc/conn.go:45.8,45.26 1 2
github.com/NVIDIA/OpenShell/sdk/go/openshell/v1/internal/grpc/conn.go:45.26,47.17 2 0
github.com/NVIDIA/OpenShell/sdk/go/openshell/v1/internal/grpc/conn.go:47.17,49.4 1 0
github.com/NVIDIA/OpenShell/sdk/go/openshell/v1/internal/grpc/conn.go:50.3,50.60 1 0
github.com/NVIDIA/OpenShell/sdk/go/openshell/v1/internal/grpc/conn.go:51.8,53.3 1 2
github.com/NVIDIA/OpenShell/sdk/go/openshell/v1/internal/grpc/conn.go:55.2,55.17 1 4
github.com/NVIDIA/OpenShell/sdk/go/openshell/v1/internal/grpc/conn.go:55.17,57.3 1 0
github.com/NVIDIA/OpenShell/sdk/go/openshell/v1/internal/grpc/conn.go:59.2,60.16 2 4
github.com/NVIDIA/OpenShell/sdk/go/openshell/v1/internal/grpc/conn.go:60.16,62.3 1 0
github.com/NVIDIA/OpenShell/sdk/go/openshell/v1/internal/grpc/conn.go:63.2,63.18 1 4
github.com/NVIDIA/OpenShell/sdk/go/openshell/v1/internal/grpc/conn.go:66.84,69.22 2 0
github.com/NVIDIA/OpenShell/sdk/go/openshell/v1/internal/grpc/conn.go:69.22,71.17 2 0
github.com/NVIDIA/OpenShell/sdk/go/openshell/v1/internal/grpc/conn.go:71.17,73.4 1 0
github.com/NVIDIA/OpenShell/sdk/go/openshell/v1/internal/grpc/conn.go:74.3,75.39 2 0
github.com/NVIDIA/OpenShell/sdk/go/openshell/v1/internal/grpc/conn.go:75.39,77.4 1 0
github.com/NVIDIA/OpenShell/sdk/go/openshell/v1/internal/grpc/conn.go:78.3,78.27 1 0
github.com/NVIDIA/OpenShell/sdk/go/openshell/v1/internal/grpc/conn.go:81.2,81.45 1 0
github.com/NVIDIA/OpenShell/sdk/go/openshell/v1/internal/grpc/conn.go:81.45,83.17 2 0
github.com/NVIDIA/OpenShell/sdk/go/openshell/v1/internal/grpc/conn.go:83.17,85.4 1 0
github.com/NVIDIA/OpenShell/sdk/go/openshell/v1/internal/grpc/conn.go:86.3,86.51 1 0
github.com/NVIDIA/OpenShell/sdk/go/openshell/v1/internal/grpc/conn.go:87.8,87.52 1 0
github.com/NVIDIA/OpenShell/sdk/go/openshell/v1/internal/grpc/conn.go:87.52,89.3 1 0
github.com/NVIDIA/OpenShell/sdk/go/openshell/v1/internal/grpc/conn.go:91.2,91.43 1 0
github.com/NVIDIA/OpenShell/sdk/go/openshell/v1/types/errors.go:29.36,30.11 1 0
github.com/NVIDIA/OpenShell/sdk/go/openshell/v1/types/errors.go:31.21,32.20 1 0
github.com/NVIDIA/OpenShell/sdk/go/openshell/v1/types/errors.go:33.26,34.25 1 0
github.com/NVIDIA/OpenShell/sdk/go/openshell/v1/types/errors.go:35.24,36.23 1 0
github.com/NVIDIA/OpenShell/sdk/go/openshell/v1/types/errors.go:37.29,38.28 1 0
github.com/NVIDIA/OpenShell/sdk/go/openshell/v1/types/errors.go:39.28,40.27 1 0
github.com/NVIDIA/OpenShell/sdk/go/openshell/v1/types/errors.go:41.29,42.28 1 0
github.com/NVIDIA/OpenShell/sdk/go/openshell/v1/types/errors.go:43.22,44.21 1 0
github.com/NVIDIA/OpenShell/sdk/go/openshell/v1/types/errors.go:45.21,46.20 1 0
github.com/NVIDIA/OpenShell/sdk/go/openshell/v1/types/errors.go:47.26,48.25 1 0
github.com/NVIDIA/OpenShell/sdk/go/openshell/v1/types/errors.go:49.21,50.20 1 0
github.com/NVIDIA/OpenShell/sdk/go/openshell/v1/types/errors.go:51.10,52.44 1 0
github.com/NVIDIA/OpenShell/sdk/go/openshell/v1/types/errors.go:63.38,65.2 1 0
github.com/NVIDIA/OpenShell/sdk/go/openshell/v1/types/errors.go:68.33,70.2 1 0
github.com/NVIDIA/OpenShell/sdk/go/openshell/v1/types/errors.go:73.38,75.2 1 0
github.com/NVIDIA/OpenShell/sdk/go/openshell/v1/types/errors.go:78.36,80.2 1 0
github.com/NVIDIA/OpenShell/sdk/go/openshell/v1/types/errors.go:83.41,85.2 1 0
github.com/NVIDIA/OpenShell/sdk/go/openshell/v1/types/errors.go:88.40,90.2 1 0
github.com/NVIDIA/OpenShell/sdk/go/openshell/v1/types/errors.go:93.41,95.2 1 0
github.com/NVIDIA/OpenShell/sdk/go/openshell/v1/types/errors.go:98.34,100.2 1 0
github.com/NVIDIA/OpenShell/sdk/go/openshell/v1/types/errors.go:103.38,105.2 1 0
github.com/NVIDIA/OpenShell/sdk/go/openshell/v1/types/errors.go:109.33,111.2 1 0
github.com/NVIDIA/OpenShell/sdk/go/openshell/v1/types/errors.go:113.46,114.16 1 0
github.com/NVIDIA/OpenShell/sdk/go/openshell/v1/types/errors.go:114.16,116.3 1 0
github.com/NVIDIA/OpenShell/sdk/go/openshell/v1/types/errors.go:117.2,118.25 2 0
github.com/NVIDIA/OpenShell/sdk/go/openshell/v1/types/errors.go:118.25,120.3 1 0
github.com/NVIDIA/OpenShell/sdk/go/openshell/v1/types/errors.go:121.2,121.14 1 0
github.com/NVIDIA/OpenShell/sdk/go/openshell/v1/types/log.go:44.39,45.28 1 0
github.com/NVIDIA/OpenShell/sdk/go/openshell/v1/types/log.go:45.28,47.3 1 0
github.com/NVIDIA/OpenShell/sdk/go/openshell/v1/types/log.go:51.42,52.28 1 0
github.com/NVIDIA/OpenShell/sdk/go/openshell/v1/types/log.go:52.28,54.3 1 0
github.com/NVIDIA/OpenShell/sdk/go/openshell/v1/types/log.go:58.50,59.28 1 0
github.com/NVIDIA/OpenShell/sdk/go/openshell/v1/types/log.go:59.28,61.3 1 0
github.com/NVIDIA/OpenShell/sdk/go/openshell/v1/types/log.go:65.46,66.28 1 0
github.com/NVIDIA/OpenShell/sdk/go/openshell/v1/types/log.go:66.28,68.3 1 0
github.com/NVIDIA/OpenShell/sdk/go/openshell/v1/types/log.go:72.50,74.27 2 0
github.com/NVIDIA/OpenShell/sdk/go/openshell/v1/types/log.go:74.27,76.3 1 0
github.com/NVIDIA/OpenShell/sdk/go/openshell/v1/types/log.go:77.2,77.12 1 0
github.com/NVIDIA/OpenShell/sdk/go/openshell/v1/types/log.go:81.36,83.2 1 0
github.com/NVIDIA/OpenShell/sdk/go/openshell/v1/types/log.go:86.39,88.2 1 0
github.com/NVIDIA/OpenShell/sdk/go/openshell/v1/types/log.go:91.40,93.2 1 0
github.com/NVIDIA/OpenShell/sdk/go/openshell/v1/types/log.go:96.39,98.2 1 0
github.com/NVIDIA/OpenShell/sdk/go/openshell/v1/types/policy.go:25.43,26.11 1 0
github.com/NVIDIA/OpenShell/sdk/go/openshell/v1/types/policy.go:27.35,28.23 1 0
github.com/NVIDIA/OpenShell/sdk/go/openshell/v1/types/policy.go:29.31,30.19 1 0
github.com/NVIDIA/OpenShell/sdk/go/openshell/v1/types/policy.go:31.30,32.18 1 0
github.com/NVIDIA/OpenShell/sdk/go/openshell/v1/types/policy.go:33.30,34.18 1 0
github.com/NVIDIA/OpenShell/sdk/go/openshell/v1/types/policy.go:35.34,36.22 1 0
github.com/NVIDIA/OpenShell/sdk/go/openshell/v1/types/policy.go:37.10,38.19 1 0
github.com/NVIDIA/OpenShell/sdk/go/openshell/v1/types/policy.go:223.53,224.33 1 0
github.com/NVIDIA/OpenShell/sdk/go/openshell/v1/types/policy.go:224.33,226.3 1 0
github.com/NVIDIA/OpenShell/sdk/go/openshell/v1/types/policy.go:230.65,232.27 2 0
github.com/NVIDIA/OpenShell/sdk/go/openshell/v1/types/policy.go:232.27,234.3 1 0
github.com/NVIDIA/OpenShell/sdk/go/openshell/v1/types/policy.go:235.2,235.12 1 0
github.com/NVIDIA/OpenShell/sdk/go/openshell/v1/types/policy.go:239.48,241.2 1 0
github.com/NVIDIA/OpenShell/sdk/go/openshell/v1/types/policy.go:252.52,253.35 1 0
github.com/NVIDIA/OpenShell/sdk/go/openshell/v1/types/policy.go:253.35,255.3 1 0
github.com/NVIDIA/OpenShell/sdk/go/openshell/v1/types/policy.go:259.71,261.27 2 0
github.com/NVIDIA/OpenShell/sdk/go/openshell/v1/types/policy.go:261.27,263.3 1 0
github.com/NVIDIA/OpenShell/sdk/go/openshell/v1/types/policy.go:264.2,264.12 1 0
github.com/NVIDIA/OpenShell/sdk/go/openshell/v1/types/policy.go:268.58,270.2 1 0
github.com/NVIDIA/OpenShell/sdk/go/openshell/v1/types/policy.go:281.50,282.34 1 0
github.com/NVIDIA/OpenShell/sdk/go/openshell/v1/types/policy.go:282.34,284.3 1 0
github.com/NVIDIA/OpenShell/sdk/go/openshell/v1/types/policy.go:288.68,290.27 2 0
github.com/NVIDIA/OpenShell/sdk/go/openshell/v1/types/policy.go:290.27,292.3 1 0
github.com/NVIDIA/OpenShell/sdk/go/openshell/v1/types/policy.go:293.2,293.12 1 0
github.com/NVIDIA/OpenShell/sdk/go/openshell/v1/types/policy.go:297.44,299.2 1 0
github.com/NVIDIA/OpenShell/sdk/go/openshell/v1/types/policy.go:311.47,312.35 1 0
github.com/NVIDIA/OpenShell/sdk/go/openshell/v1/types/policy.go:312.35,314.3 1 0
github.com/NVIDIA/OpenShell/sdk/go/openshell/v1/types/policy.go:318.49,319.35 1 0
github.com/NVIDIA/OpenShell/sdk/go/openshell/v1/types/policy.go:319.35,321.3 1 0
github.com/NVIDIA/OpenShell/sdk/go/openshell/v1/types/policy.go:325.71,327.27 2 0
github.com/NVIDIA/OpenShell/sdk/go/openshell/v1/types/policy.go:327.27,329.3 1 0
github.com/NVIDIA/OpenShell/sdk/go/openshell/v1/types/policy.go:330.2,330.12 1 0
github.com/NVIDIA/OpenShell/sdk/go/openshell/v1/types/policy.go:334.43,336.2 1 0
github.com/NVIDIA/OpenShell/sdk/go/openshell/v1/types/policy.go:339.44,341.2 1 0
github.com/NVIDIA/OpenShell/sdk/go/openshell/v1/types/ssh.go:31.37,34.2 1 0
